#
# A fatal error has been detected by the Java Runtime Environment:
#
#  EXCEPTION_ACCESS_VIOLATION (0xc0000005) at pc=0x0000000077911447, pid=1300, tid=2012
#
# JRE version: Java(TM) SE Runtime Environment (9.0+181) (build 9+181)
# Java VM: Java HotSpot(TM) 64-Bit Server VM (9+181, mixed mode, tiered, compressed oops, g1 gc, windows-amd64)
# Problematic frame:
# V  [jvm.dll+0x341447]
#
# No core dump will be written. Minidumps are not enabled by default on client versions of Windows
#
# If you would like to submit a bug report, please visit:
#   http://bugreport.java.com/bugreport/crash.jsp
#

---------------  S U M M A R Y ------------

Command Line: -javaagent:C:\\Users\\NPStudent\\.m2\\repository\\org\\jacoco\\org.jacoco.agent\\0.8.1\\org.jacoco.agent-0.8.1-runtime.jar=destfile=C:\\Users\\NPStudent\\Documents\\NetBeansProjects\\Karus-Commons\\commons\\target\\jacoco.exec C:\Users\NPSTUD~1\AppData\Local\Temp\surefire17458575501062487302\surefirebooter15669271434038755901.jar C:\Users\NPStudent\AppData\Local\Temp\surefire17458575501062487302 2018-05-13T11-44-44_974-jvmRun1 surefire15571543853308791270tmp surefire_04049468662720747850tmp

Host: Intel(R) Core(TM) i7-6700HQ CPU @ 2.60GHz, 8 cores, 11G,  Windows 10 , 64 bit Build 16299 (10.0.16299.431)
Time: Sun May 13 11:44:55 2018 Malay Peninsula Standard Time elapsed time: 8 seconds (0d 0h 0m 8s)

---------------  T H R E A D  ---------------

Current thread (0x000001704a604800):  JavaThread "main" [_thread_in_vm, id=2012, stack(0x000000397e600000,0x000000397e700000)]

Stack: [0x000000397e600000,0x000000397e700000],  sp=0x000000397e6fbf18,  free space=1007k
Native frames: (J=compiled Java code, j=interpreted, Vv=VM code, C=native code)
V  [jvm.dll+0x341447]

Java frames: (J=compiled Java code, j=interpreted, Vv=VM code)
j  java.lang.invoke.MethodHandleNatives.init(Ljava/lang/invoke/MemberName;Ljava/lang/Object;)V+0 java.base@9
j  java.lang.invoke.MemberName.<init>(Ljava/lang/reflect/Method;Z)V+11 java.base@9
j  java.lang.invoke.MemberName.<init>(Ljava/lang/reflect/Method;)V+3 java.base@9
j  java.lang.invoke.MethodHandles$Lookup.unreflect(Ljava/lang/reflect/Method;)Ljava/lang/invoke/MethodHandle;+47 java.base@9
j  com.karuslabs.commons.command.annotation.resolvers.CommandResolver.generate(Lcom/karuslabs/commons/command/CommandExecutors;Ljava/lang/reflect/Method;)Lcom/karuslabs/commons/command/CommandExecutor;+128
v  ~StubRoutines::call_stub
J 5364  jdk.internal.reflect.NativeMethodAccessorImpl.invoke0(Ljava/lang/reflect/Method;Ljava/lang/Object;[Ljava/lang/Object;)Ljava/lang/Object; java.base@9 (0 bytes) @ 0x000001705e3b915f [0x000001705e3b90e0+0x000000000000007f]
j  jdk.internal.reflect.NativeMethodAccessorImpl.invoke(Ljava/lang/Object;[Ljava/lang/Object;)Ljava/lang/Object;+100 java.base@9
J 4049 c1 jdk.internal.reflect.DelegatingMethodAccessorImpl.invoke(Ljava/lang/Object;[Ljava/lang/Object;)Ljava/lang/Object; java.base@9 (10 bytes) @ 0x000001705e34f304 [0x000001705e34f2c0+0x0000000000000044]
j  java.lang.reflect.Method.invoke(Ljava/lang/Object;[Ljava/lang/Object;)Ljava/lang/Object;+189 java.base@9
j  org.mockito.internal.creation.bytebuddy.MockMethodAdvice.tryInvoke(Ljava/lang/reflect/Method;Ljava/lang/Object;[Ljava/lang/Object;)Ljava/lang/Object;+7
j  org.mockito.internal.creation.bytebuddy.MockMethodAdvice.access$400(Ljava/lang/reflect/Method;Ljava/lang/Object;[Ljava/lang/Object;)Ljava/lang/Object;+7
j  org.mockito.internal.creation.bytebuddy.MockMethodAdvice$RealMethodCall.invoke()Ljava/lang/Object;+85
j  org.mockito.internal.invocation.InterceptedInvocation.callRealMethod()Ljava/lang/Object;+34
j  org.mockito.internal.stubbing.answers.CallsRealMethods.answer(Lorg/mockito/invocation/InvocationOnMock;)Ljava/lang/Object;+36
j  org.mockito.Answers.answer(Lorg/mockito/invocation/InvocationOnMock;)Ljava/lang/Object;+9
j  org.mockito.internal.handler.MockHandlerImpl.handle(Lorg/mockito/invocation/Invocation;)Ljava/lang/Object;+344
j  org.mockito.internal.handler.NullResultGuardian.handle(Lorg/mockito/invocation/Invocation;)Ljava/lang/Object;+9
j  org.mockito.internal.handler.InvocationNotifierHandler.handle(Lorg/mockito/invocation/Invocation;)Ljava/lang/Object;+9
j  org.mockito.internal.creation.bytebuddy.MockMethodInterceptor.doIntercept(Ljava/lang/Object;Ljava/lang/reflect/Method;[Ljava/lang/Object;Lorg/mockito/internal/invocation/RealMethod;Lorg/mockito/invocation/Location;)Ljava/lang/Object;+23
j  org.mockito.internal.creation.bytebuddy.MockMethodAdvice.handle(Ljava/lang/Object;Ljava/lang/reflect/Method;[Ljava/lang/Object;)Ljava/util/concurrent/Callable;+147
j  com.karuslabs.commons.command.annotation.resolvers.CommandResolver.generate(Lcom/karuslabs/commons/command/CommandExecutors;Ljava/lang/reflect/Method;)Lcom/karuslabs/commons/command/CommandExecutor;+92
j  com.karuslabs.commons.command.annotation.resolvers.CommandResolverTest.lambda$generate_ThrowsException$1(Lcom/karuslabs/commons/command/annotation/resolvers/CommandResolverTest$C;Ljava/lang/reflect/Method;)V+10
j  com.karuslabs.commons.command.annotation.resolvers.CommandResolverTest$$Lambda$337.execute()V+12
j  org.junit.jupiter.api.AssertThrows.assertThrows(Ljava/lang/Class;Lorg/junit/jupiter/api/function/Executable;Ljava/lang/Object;)Ljava/lang/Throwable;+5
j  org.junit.jupiter.api.AssertThrows.assertThrows(Ljava/lang/Class;Lorg/junit/jupiter/api/function/Executable;)Ljava/lang/Throwable;+7
j  org.junit.jupiter.api.Assertions.assertThrows(Ljava/lang/Class;Lorg/junit/jupiter/api/function/Executable;)Ljava/lang/Throwable;+6
j  com.karuslabs.commons.command.annotation.resolvers.CommandResolverTest.generate_ThrowsException()V+62
v  ~StubRoutines::call_stub
J 5364  jdk.internal.reflect.NativeMethodAccessorImpl.invoke0(Ljava/lang/reflect/Method;Ljava/lang/Object;[Ljava/lang/Object;)Ljava/lang/Object; java.base@9 (0 bytes) @ 0x000001705e3b915f [0x000001705e3b90e0+0x000000000000007f]
J 8070 c1 jdk.internal.reflect.NativeMethodAccessorImpl.invoke(Ljava/lang/Object;[Ljava/lang/Object;)Ljava/lang/Object; java.base@9 (104 bytes) @ 0x0000017057b9b1b4 [0x0000017057b9adc0+0x00000000000003f4]
J 4049 c1 jdk.internal.reflect.DelegatingMethodAccessorImpl.invoke(Ljava/lang/Object;[Ljava/lang/Object;)Ljava/lang/Object; java.base@9 (10 bytes) @ 0x000001705e34f304 [0x000001705e34f2c0+0x0000000000000044]
J 6856 c1 java.lang.reflect.Method.invoke(Ljava/lang/Object;[Ljava/lang/Object;)Ljava/lang/Object; java.base@9 (65 bytes) @ 0x0000017057926c04 [0x0000017057926ae0+0x0000000000000124]
j  org.junit.platform.commons.util.ReflectionUtils.invokeMethod(Ljava/lang/reflect/Method;Ljava/lang/Object;[Ljava/lang/Object;)Ljava/lang/Object;+78
j  org.junit.jupiter.engine.execution.ExecutableInvoker.invoke(Ljava/lang/reflect/Method;Ljava/lang/Object;Lorg/junit/jupiter/api/extension/ExtensionContext;Lorg/junit/jupiter/engine/extension/ExtensionRegistry;)Ljava/lang/Object;+61
j  org.junit.jupiter.engine.descriptor.TestMethodTestDescriptor.lambda$invokeTestMethod$6(Lorg/junit/jupiter/api/extension/ExtensionContext;Lorg/junit/jupiter/engine/execution/JupiterEngineExecutionContext;)V+40
j  org.junit.jupiter.engine.descriptor.TestMethodTestDescriptor$$Lambda$264.execute()V+12
j  org.junit.jupiter.engine.execution.ThrowableCollector.execute(Lorg/junit/jupiter/api/function/Executable;)V+5
j  org.junit.jupiter.engine.descriptor.TestMethodTestDescriptor.invokeTestMethod(Lorg/junit/jupiter/engine/execution/JupiterEngineExecutionContext;Lorg/junit/platform/engine/support/hierarchical/Node$DynamicTestExecutor;)V+37
j  org.junit.jupiter.engine.descriptor.TestMethodTestDescriptor.execute(Lorg/junit/jupiter/engine/execution/JupiterEngineExecutionContext;Lorg/junit/platform/engine/support/hierarchical/Node$DynamicTestExecutor;)Lorg/junit/jupiter/engine/execution/JupiterEngineExecutionContext;+111
j  org.junit.jupiter.engine.descriptor.TestMethodTestDescriptor.execute(Lorg/junit/platform/engine/support/hierarchical/EngineExecutionContext;Lorg/junit/platform/engine/support/hierarchical/Node$DynamicTestExecutor;)Lorg/junit/platform/engine/support/hierarchical/EngineExecutionContext;+10
j  org.junit.platform.engine.support.hierarchical.HierarchicalTestExecutor$NodeExecutor.lambda$executeRecursively$3(Lorg/junit/platform/engine/support/hierarchical/ExecutionTracker;)V+49
j  org.junit.platform.engine.support.hierarchical.HierarchicalTestExecutor$NodeExecutor$$Lambda$165.execute()V+8
j  org.junit.platform.engine.support.hierarchical.SingleTestExecutor.executeSafely(Lorg/junit/platform/engine/support/hierarchical/SingleTestExecutor$Executable;)Lorg/junit/platform/engine/TestExecutionResult;+5
j  org.junit.platform.engine.support.hierarchical.HierarchicalTestExecutor$NodeExecutor.executeRecursively(Lorg/junit/platform/engine/support/hierarchical/ExecutionTracker;)V+36
j  org.junit.platform.engine.support.hierarchical.HierarchicalTestExecutor$NodeExecutor.execute(Lorg/junit/platform/engine/support/hierarchical/EngineExecutionContext;Lorg/junit/platform/engine/support/hierarchical/ExecutionTracker;)V+103
j  org.junit.platform.engine.support.hierarchical.HierarchicalTestExecutor$NodeExecutor.lambda$executeRecursively$2(Lorg/junit/platform/engine/support/hierarchical/ExecutionTracker;Lorg/junit/platform/engine/TestDescriptor;)V+21
j  org.junit.platform.engine.support.hierarchical.HierarchicalTestExecutor$NodeExecutor$$Lambda$168.accept(Ljava/lang/Object;)V+12
j  java.util.stream.ForEachOps$ForEachOp$OfRef.accept(Ljava/lang/Object;)V+5 java.base@9
J 8327 c2 java.util.stream.ReferencePipeline$2$1.accept(Ljava/lang/Object;)V java.base@9 (27 bytes) @ 0x000001705e4e64a4 [0x000001705e4e6420+0x0000000000000084]
J 8190 c1 java.util.Iterator.forEachRemaining(Ljava/util/function/Consumer;)V java.base@9 (30 bytes) @ 0x0000017057bdd894 [0x0000017057bdd800+0x0000000000000094]
J 8189 c1 java.util.Spliterators$IteratorSpliterator.forEachRemaining(Ljava/util/function/Consumer;)V java.base@9 (58 bytes) @ 0x0000017057bddf0c [0x0000017057bdde00+0x000000000000010c]
J 6304 c2 java.util.stream.AbstractPipeline.copyInto(Ljava/util/stream/Sink;Ljava/util/Spliterator;)V java.base@9 (54 bytes) @ 0x000001705e47b3e0 [0x000001705e47ac60+0x0000000000000780]
J 6305 c2 java.util.stream.AbstractPipeline.wrapAndCopyInto(Ljava/util/stream/Sink;Ljava/util/Spliterator;)Ljava/util/stream/Sink; java.base@9 (18 bytes) @ 0x000001705e4caa04 [0x000001705e4ca940+0x00000000000000c4]
J 8289 c1 java.util.stream.ForEachOps$ForEachOp$OfRef.evaluateSequential(Ljava/util/stream/PipelineHelper;Ljava/util/Spliterator;)Ljava/lang/Object; java.base@9 (7 bytes) @ 0x0000017057bff32c [0x0000017057bff2c0+0x000000000000006c]
J 3536 c1 java.util.stream.AbstractPipeline.evaluate(Ljava/util/stream/TerminalOp;)Ljava/lang/Object; java.base@9 (94 bytes) @ 0x0000017057398eb4 [0x0000017057398da0+0x0000000000000114]
J 8302 c1 java.util.stream.ReferencePipeline.forEach(Ljava/util/function/Consumer;)V java.base@9 (11 bytes) @ 0x0000017057c02b3c [0x0000017057c02a60+0x00000000000000dc]
j  org.junit.platform.engine.support.hierarchical.HierarchicalTestExecutor$NodeExecutor.lambda$executeRecursively$3(Lorg/junit/platform/engine/support/hierarchical/ExecutionTracker;)V+104
j  org.junit.platform.engine.support.hierarchical.HierarchicalTestExecutor$NodeExecutor$$Lambda$165.execute()V+8
j  org.junit.platform.engine.support.hierarchical.SingleTestExecutor.executeSafely(Lorg/junit/platform/engine/support/hierarchical/SingleTestExecutor$Executable;)Lorg/junit/platform/engine/TestExecutionResult;+5
j  org.junit.platform.engine.support.hierarchical.HierarchicalTestExecutor$NodeExecutor.executeRecursively(Lorg/junit/platform/engine/support/hierarchical/ExecutionTracker;)V+36
j  org.junit.platform.engine.support.hierarchical.HierarchicalTestExecutor$NodeExecutor.execute(Lorg/junit/platform/engine/support/hierarchical/EngineExecutionContext;Lorg/junit/platform/engine/support/hierarchical/ExecutionTracker;)V+103
j  org.junit.platform.engine.support.hierarchical.HierarchicalTestExecutor$NodeExecutor.lambda$executeRecursively$2(Lorg/junit/platform/engine/support/hierarchical/ExecutionTracker;Lorg/junit/platform/engine/TestDescriptor;)V+21
j  org.junit.platform.engine.support.hierarchical.HierarchicalTestExecutor$NodeExecutor$$Lambda$168.accept(Ljava/lang/Object;)V+12
j  java.util.stream.ForEachOps$ForEachOp$OfRef.accept(Ljava/lang/Object;)V+5 java.base@9
J 8327 c2 java.util.stream.ReferencePipeline$2$1.accept(Ljava/lang/Object;)V java.base@9 (27 bytes) @ 0x000001705e4e64a4 [0x000001705e4e6420+0x0000000000000084]
j  java.util.Iterator.forEachRemaining(Ljava/util/function/Consumer;)V+21 java.base@9
J 1807 c1 java.util.Spliterators$IteratorSpliterator.forEachRemaining(Ljava/util/function/Consumer;)V java.base@9 (58 bytes) @ 0x00000170570188b4 [0x0000017057018580+0x0000000000000334]
J 2406 c2 java.util.stream.AbstractPipeline.wrapAndCopyInto(Ljava/util/stream/Sink;Ljava/util/Spliterator;)Ljava/util/stream/Sink; java.base@9 (18 bytes) @ 0x000001705e25f86c [0x000001705e25f280+0x00000000000005ec]
J 2354 c1 java.util.stream.ForEachOps$ForEachOp$OfRef.evaluateSequential(Ljava/util/stream/PipelineHelper;Ljava/util/Spliterator;)Ljava/lang/Object; java.base@9 (7 bytes) @ 0x0000017057168dac [0x0000017057168d40+0x000000000000006c]
J 2332 c2 java.util.stream.AbstractPipeline.evaluate(Ljava/util/stream/TerminalOp;)Ljava/lang/Object; java.base@9 (94 bytes) @ 0x000001705e258e98 [0x000001705e258da0+0x00000000000000f8]
J 2293 c1 java.util.stream.ReferencePipeline.forEach(Ljava/util/function/Consumer;)V java.base@9 (11 bytes) @ 0x0000017057152f4c [0x0000017057152c80+0x00000000000002cc]
j  org.junit.platform.engine.support.hierarchical.HierarchicalTestExecutor$NodeExecutor.lambda$executeRecursively$3(Lorg/junit/platform/engine/support/hierarchical/ExecutionTracker;)V+104
j  org.junit.platform.engine.support.hierarchical.HierarchicalTestExecutor$NodeExecutor$$Lambda$165.execute()V+8
j  org.junit.platform.engine.support.hierarchical.SingleTestExecutor.executeSafely(Lorg/junit/platform/engine/support/hierarchical/SingleTestExecutor$Executable;)Lorg/junit/platform/engine/TestExecutionResult;+5
j  org.junit.platform.engine.support.hierarchical.HierarchicalTestExecutor$NodeExecutor.executeRecursively(Lorg/junit/platform/engine/support/hierarchical/ExecutionTracker;)V+36
j  org.junit.platform.engine.support.hierarchical.HierarchicalTestExecutor$NodeExecutor.execute(Lorg/junit/platform/engine/support/hierarchical/EngineExecutionContext;Lorg/junit/platform/engine/support/hierarchical/ExecutionTracker;)V+103
j  org.junit.platform.engine.support.hierarchical.HierarchicalTestExecutor.execute()V+27
j  org.junit.platform.engine.support.hierarchical.HierarchicalTestEngine.execute(Lorg/junit/platform/engine/ExecutionRequest;)V+17
j  org.junit.platform.launcher.core.DefaultLauncher.execute(Lorg/junit/platform/engine/TestEngine;Lorg/junit/platform/engine/ExecutionRequest;)V+6
j  org.junit.platform.launcher.core.DefaultLauncher.execute(Lorg/junit/platform/launcher/core/Root;Lorg/junit/platform/engine/ConfigurationParameters;[Lorg/junit/platform/launcher/TestExecutionListener;)V+154
j  org.junit.platform.launcher.core.DefaultLauncher.execute(Lorg/junit/platform/launcher/LauncherDiscoveryRequest;[Lorg/junit/platform/launcher/TestExecutionListener;)V+55
j  org.junit.platform.surefire.provider.JUnitPlatformProvider.invokeAllTests(Lorg/apache/maven/surefire/util/TestsToRun;)Lorg/apache/maven/surefire/suite/RunResult;+81
j  org.junit.platform.surefire.provider.JUnitPlatformProvider.invoke(Ljava/lang/Object;)Lorg/apache/maven/surefire/suite/RunResult;+73
j  org.apache.maven.surefire.booter.ForkedBooter.invokeProviderInSameClassLoader(Lorg/apache/maven/surefire/booter/ForkingReporterFactory;)Lorg/apache/maven/surefire/suite/RunResult;+18
j  org.apache.maven.surefire.booter.ForkedBooter.runSuitesInProcess()Lorg/apache/maven/surefire/suite/RunResult;+16
j  org.apache.maven.surefire.booter.ForkedBooter.execute()V+5
j  org.apache.maven.surefire.booter.ForkedBooter.main([Ljava/lang/String;)V+59
v  ~StubRoutines::call_stub

siginfo: EXCEPTION_ACCESS_VIOLATION (0xc0000005), reading address 0x0000000000000050


Register to memory mapping:

RIP=0x0000000077911447 jvm.dll
RAX=0x0000000000000050 is an unknown value
RBX=0x0000000000000000 is an unknown value
RCX=0x0000000000000000 is an unknown value
RDX=0x0000000000000000 is an unknown value
RSP=0x000000397e6fbf18 is pointing into the stack for thread: 0x000001704a604800
RBP=0x000000397e6fc078 is pointing into the stack for thread: 0x000001704a604800
RSI=0x000001704a604800 is a thread
RDI=0x0000000000000000 is an unknown value
R8 =0x000000397e6fc0a0 is pointing into the stack for thread: 0x000001704a604800
R9 =0x000000397e6fc098 is pointing into the stack for thread: 0x000001704a604800
R10=0x00000170566a91f0 is at code_begin+976 in an Interpreter codelet
method entry point (kind = native)  [0x00000170566a8e20, 0x00000170566a9980]  2912 bytes
R11=0x0000000701abfcc0 is an oop
java.lang.Class 
{0x0000000701abfcc0} - klass: 'java/lang/Class'
R12=0x0000000000000000 is an unknown value
R13={method} {0x000001707043f808} 'init' '(Ljava/lang/invoke/MemberName;Ljava/lang/Object;)V' in 'java/lang/invoke/MethodHandleNatives'
R14=0x000000397e6fc098 is pointing into the stack for thread: 0x000001704a604800
R15=0x000001704a604800 is a thread


Registers:
RAX=0x0000000000000050, RBX=0x0000000000000000, RCX=0x0000000000000000, RDX=0x0000000000000000
RSP=0x000000397e6fbf18, RBP=0x000000397e6fc078, RSI=0x000001704a604800, RDI=0x0000000000000000
R8 =0x000000397e6fc0a0, R9 =0x000000397e6fc098, R10=0x00000170566a91f0, R11=0x0000000701abfcc0
R12=0x0000000000000000, R13=0x000001707043f800, R14=0x000000397e6fc098, R15=0x000001704a604800
RIP=0x0000000077911447, EFLAGS=0x0000000000010246

Top of Stack: (sp=0x000000397e6fbf18)
0x000000397e6fbf18:   0000000077b21cbb 000000397e6fbf58
0x000000397e6fbf28:   000000397e6fbfb8 000001705669b603
0x000000397e6fbf38:   0000000000000000 0000000000000000
0x000000397e6fbf48:   000000070d594090 0000000706affca8
0x000000397e6fbf58:   0000000000000003 000000070d593de8
0x000000397e6fbf68:   0000000000000000 000000397e6fbfe0
0x000000397e6fbf78:   000001705669b603 000000397e6fbfe0
0x000000397e6fbf88:   0000000000000000 0000000706e314d0
0x000000397e6fbf98:   000000397e6fbf98 0000017076fa5485
0x000000397e6fbfa8:   000000397e6fc000 000001704a6054b0
0x000000397e6fbfb8:   0000000077b1ef55 000001704a6054b0
0x000000397e6fbfc8:   000001704a6054b8 000001704a604800
0x000000397e6fbfd8:   000000397e6fbff8 000000397e6fc050
0x000000397e6fbfe8:   000001705669b603 000000397e6fc0a0
0x000000397e6fbff8:   00000170566a921c 000001707043f800
0x000000397e6fc008:   0000000020200030 000000000000001b 

Instructions: (pc=0x0000000077911447)
0x0000000077911427:   83 c4 70 5f c3 e8 af d1 e6 ff 48 8b 9c 24 88 00
0x0000000077911437:   00 00 48 83 c4 70 5f c3 cc 48 63 05 b5 bd 61 00
0x0000000077911447:   48 8b 04 08 c3 cc cc cc cc 48 83 ec 28 48 63 05
0x0000000077911457:   a1 bd 61 00 48 8b 14 08 48 85 d2 75 30 48 63 05 



---------------  P R O C E S S  ---------------

Java Threads: ( => current thread )
  0x000001707157b000 JavaThread "surefire-forkedjvm-ping-30s" daemon [_thread_blocked, id=1228, stack(0x0000003900900000,0x0000003900a00000)]
  0x000001707124e000 JavaThread "surefire-forkedjvm-command-thread" daemon [_thread_in_native, id=1584, stack(0x0000003900800000,0x0000003900900000)]
  0x00000170710b8000 JavaThread "Service Thread" daemon [_thread_blocked, id=3156, stack(0x0000003900600000,0x0000003900700000)]
  0x00000170703bd000 JavaThread "Common-Cleaner" daemon [_thread_blocked, id=8000, stack(0x0000003900500000,0x0000003900600000)]
  0x00000170703b5800 JavaThread "Sweeper thread" daemon [_thread_blocked, id=3284, stack(0x0000003900400000,0x0000003900500000)]
  0x00000170703ab800 JavaThread "C1 CompilerThread3" daemon [_thread_blocked, id=12376, stack(0x0000003900300000,0x0000003900400000)]
  0x00000170703ab000 JavaThread "C2 CompilerThread2" daemon [_thread_in_native, id=11884, stack(0x0000003900200000,0x0000003900300000)]
  0x00000170703a8000 JavaThread "C2 CompilerThread1" daemon [_thread_in_native, id=780, stack(0x0000003900100000,0x0000003900200000)]
  0x00000170703a7800 JavaThread "C2 CompilerThread0" daemon [_thread_in_native, id=11440, stack(0x0000003900000000,0x0000003900100000)]
  0x0000017070345000 JavaThread "Attach Listener" daemon [_thread_blocked, id=11832, stack(0x000000397ff00000,0x0000003980000000)]
  0x0000017070344000 JavaThread "Signal Dispatcher" daemon [_thread_blocked, id=2032, stack(0x000000397fe00000,0x000000397ff00000)]
  0x000001707035b000 JavaThread "Finalizer" daemon [_thread_blocked, id=2104, stack(0x000000397fd00000,0x000000397fe00000)]
  0x0000017070354000 JavaThread "Reference Handler" daemon [_thread_blocked, id=12896, stack(0x000000397fc00000,0x000000397fd00000)]
=>0x000001704a604800 JavaThread "main" [_thread_in_vm, id=2012, stack(0x000000397e600000,0x000000397e700000)]

Other Threads:
  0x000001707033f000 VMThread "VM Thread" [stack: 0x000000397fb00000,0x000000397fc00000] [id=5292]
  0x00000170710b9800 WatcherThread [stack: 0x0000003900700000,0x0000003900800000] [id=3808]
  0x000001704a61c000 GCTaskThread "GC Thread#0" [stack: 0x000000397e700000,0x000000397e800000] [id=3344]
  0x000001704a61e800 GCTaskThread "GC Thread#1" [stack: 0x000000397e800000,0x000000397e900000] [id=7932]
  0x000001704a621000 GCTaskThread "GC Thread#2" [stack: 0x000000397e900000,0x000000397ea00000] [id=8728]
  0x000001704a622000 GCTaskThread "GC Thread#3" [stack: 0x000000397ea00000,0x000000397eb00000] [id=9536]
  0x000001704a625800 GCTaskThread "GC Thread#4" [stack: 0x000000397eb00000,0x000000397ec00000] [id=1292]
  0x000001704a627000 GCTaskThread "GC Thread#5" [stack: 0x000000397ec00000,0x000000397ed00000] [id=5740]
  0x000001704a631800 GCTaskThread "GC Thread#6" [stack: 0x000000397ed00000,0x000000397ee00000] [id=2844]
  0x000001704a633000 GCTaskThread "GC Thread#7" [stack: 0x000000397ee00000,0x000000397ef00000] [id=10428]
  0x000001704a698000 ConcurrentGCThread "G1 Main Marker" [stack: 0x000000397f800000,0x000000397f900000] [id=13376]
  0x000001704a636000 ConcurrentGCThread "G1 Marker#0" [stack: 0x000000397f900000,0x000000397fa00000] [id=13364]
  0x000001704a634800 ConcurrentGCThread "G1 Marker#1" [stack: 0x000000397fa00000,0x000000397fb00000] [id=9720]
  0x000001704a658800 ConcurrentGCThread "G1 Refine#0" [stack: 0x000000397f600000,0x000000397f700000] [id=13372]
  0x000001704a64d800 ConcurrentGCThread "G1 Refine#1" [stack: 0x000000397f500000,0x000000397f600000] [id=244]
  0x000001704a64c800 ConcurrentGCThread "G1 Refine#2" [stack: 0x000000397f400000,0x000000397f500000] [id=11396]
  0x000001704a64b800 ConcurrentGCThread "G1 Refine#3" [stack: 0x000000397f300000,0x000000397f400000] [id=13480]
  0x000001704a64a000 ConcurrentGCThread "G1 Refine#4" [stack: 0x000000397f200000,0x000000397f300000] [id=7100]
  0x000001704a649000 ConcurrentGCThread "G1 Refine#5" [stack: 0x000000397f100000,0x000000397f200000] [id=7560]
  0x000001704a646000 ConcurrentGCThread "G1 Refine#6" [stack: 0x000000397f000000,0x000000397f100000] [id=2168]
  0x000001704a63c800 ConcurrentGCThread "G1 Refine#7" [stack: 0x000000397ef00000,0x000000397f000000] [id=5004]
  0x000001704a65d800 ConcurrentGCThread "G1 Young RemSet Sampling" [stack: 0x000000397f700000,0x000000397f800000] [id=13356]

Threads with active compile tasks:
C2 CompilerThread29573       4       net.bytebuddy.description.method.MethodDescription$ForLoadedMethod::getInternalName (17 bytes)
C2 CompilerThread19617       4       net.bytebuddy.description.type.TypeDescription$Generic$LazyProjection::getStackSize (19 bytes)
C2 CompilerThread09598       4       net.bytebuddy.description.type.TypeDescription$Generic$Visitor$Substitutor$ForAttachment::onNonGenericType (15 bytes)

VM state:not at safepoint (normal execution)

VM Mutex/Monitor currently owned by a thread: None

Heap address: 0x0000000701a00000, size: 3046 MB, Compressed Oops mode: Zero based, Oop shift amount: 3
Narrow klass base: 0x0000000000000000, Narrow klass shift: 3
Compressed class space size: 1073741824 Address: 0x00000007c0000000

Heap:
 garbage-first heap   total 196608K, used 16133K [0x0000000701a00000, 0x0000000701b00600, 0x00000007c0000000)
  region size 1024K, 14 young (14336K), 9 survivors (9216K)
 Metaspace       used 27410K, capacity 29064K, committed 29312K, reserved 1075200K
  class space    used 3117K, capacity 3431K, committed 3456K, reserved 1048576K
Heap Regions: E=young(eden), S=young(survivor), O=old, HS=humongous(starts), HC=humongous(continues), CS=collection set, F=free, A=archive, TS=gc time stamp, AC=allocation context, TAMS=top-at-mark-start (previous, next)
|   0|0x0000000701a00000, 0x0000000701b00000, 0x0000000701b00000|100%| O|  |TS  0|AC  0|TAMS 0x0000000701b00000, 0x0000000701b00000|
|   1|0x0000000701b00000, 0x0000000701c00000, 0x0000000701c00000|100%| O|  |TS  0|AC  0|TAMS 0x0000000701c00000, 0x0000000701c00000|
|   2|0x0000000701c00000, 0x0000000701d00000, 0x0000000701d00000|100%| O|  |TS  0|AC  0|TAMS 0x0000000701d00000, 0x0000000701d00000|
|   3|0x0000000701d00000, 0x0000000701d26600, 0x0000000701e00000| 14%| O|  |TS  3|AC  0|TAMS 0x0000000701d26600, 0x0000000701d26600|
|   4|0x0000000701e00000, 0x0000000701e00000, 0x0000000701f00000|  0%| F|  |TS  3|AC  0|TAMS 0x0000000701e00000, 0x0000000701e00000|
|   5|0x0000000701f00000, 0x0000000701f00000, 0x0000000702000000|  0%| F|  |TS  3|AC  0|TAMS 0x0000000701f00000, 0x0000000701f00000|
|   6|0x0000000702000000, 0x0000000702000000, 0x0000000702100000|  0%| F|  |TS  3|AC  0|TAMS 0x0000000702000000, 0x0000000702000000|
|   7|0x0000000702100000, 0x0000000702100000, 0x0000000702200000|  0%| F|  |TS  3|AC  0|TAMS 0x0000000702100000, 0x0000000702100000|
|   8|0x0000000702200000, 0x0000000702200000, 0x0000000702300000|  0%| F|  |TS  3|AC  0|TAMS 0x0000000702200000, 0x0000000702200000|
|   9|0x0000000702300000, 0x0000000702300000, 0x0000000702400000|  0%| F|  |TS  3|AC  0|TAMS 0x0000000702300000, 0x0000000702300000|
|  10|0x0000000702400000, 0x0000000702400000, 0x0000000702500000|  0%| F|  |TS  0|AC  0|TAMS 0x0000000702400000, 0x0000000702400000|
|  11|0x0000000702500000, 0x0000000702500000, 0x0000000702600000|  0%| F|  |TS  0|AC  0|TAMS 0x0000000702500000, 0x0000000702500000|
|  12|0x0000000702600000, 0x0000000702600000, 0x0000000702700000|  0%| F|  |TS  0|AC  0|TAMS 0x0000000702600000, 0x0000000702600000|
|  13|0x0000000702700000, 0x0000000702700000, 0x0000000702800000|  0%| F|  |TS  0|AC  0|TAMS 0x0000000702700000, 0x0000000702700000|
|  14|0x0000000702800000, 0x0000000702800000, 0x0000000702900000|  0%| F|  |TS  0|AC  0|TAMS 0x0000000702800000, 0x0000000702800000|
|  15|0x0000000702900000, 0x0000000702900000, 0x0000000702a00000|  0%| F|  |TS  0|AC  0|TAMS 0x0000000702900000, 0x0000000702900000|
|  16|0x0000000702a00000, 0x0000000702a00000, 0x0000000702b00000|  0%| F|  |TS  0|AC  0|TAMS 0x0000000702a00000, 0x0000000702a00000|
|  17|0x0000000702b00000, 0x0000000702b00000, 0x0000000702c00000|  0%| F|  |TS  0|AC  0|TAMS 0x0000000702b00000, 0x0000000702b00000|
|  18|0x0000000702c00000, 0x0000000702c00000, 0x0000000702d00000|  0%| F|  |TS  0|AC  0|TAMS 0x0000000702c00000, 0x0000000702c00000|
|  19|0x0000000702d00000, 0x0000000702d00000, 0x0000000702e00000|  0%| F|  |TS  0|AC  0|TAMS 0x0000000702d00000, 0x0000000702d00000|
|  20|0x0000000702e00000, 0x0000000702e00000, 0x0000000702f00000|  0%| F|  |TS  0|AC  0|TAMS 0x0000000702e00000, 0x0000000702e00000|
|  21|0x0000000702f00000, 0x0000000702f00000, 0x0000000703000000|  0%| F|  |TS  0|AC  0|TAMS 0x0000000702f00000, 0x0000000702f00000|
|  22|0x0000000703000000, 0x0000000703000000, 0x0000000703100000|  0%| F|  |TS  0|AC  0|TAMS 0x0000000703000000, 0x0000000703000000|
|  23|0x0000000703100000, 0x0000000703100000, 0x0000000703200000|  0%| F|  |TS  0|AC  0|TAMS 0x0000000703100000, 0x0000000703100000|
|  24|0x0000000703200000, 0x0000000703200000, 0x0000000703300000|  0%| F|  |TS  0|AC  0|TAMS 0x0000000703200000, 0x0000000703200000|
|  25|0x0000000703300000, 0x0000000703300000, 0x0000000703400000|  0%| F|  |TS  0|AC  0|TAMS 0x0000000703300000, 0x0000000703300000|
|  26|0x0000000703400000, 0x0000000703400000, 0x0000000703500000|  0%| F|  |TS  0|AC  0|TAMS 0x0000000703400000, 0x0000000703400000|
|  27|0x0000000703500000, 0x0000000703500000, 0x0000000703600000|  0%| F|  |TS  0|AC  0|TAMS 0x0000000703500000, 0x0000000703500000|
|  28|0x0000000703600000, 0x0000000703600000, 0x0000000703700000|  0%| F|  |TS  0|AC  0|TAMS 0x0000000703600000, 0x0000000703600000|
|  29|0x0000000703700000, 0x0000000703700000, 0x0000000703800000|  0%| F|  |TS  0|AC  0|TAMS 0x0000000703700000, 0x0000000703700000|
|  30|0x0000000703800000, 0x0000000703800000, 0x0000000703900000|  0%| F|  |TS  0|AC  0|TAMS 0x0000000703800000, 0x0000000703800000|
|  31|0x0000000703900000, 0x0000000703900000, 0x0000000703a00000|  0%| F|  |TS  0|AC  0|TAMS 0x0000000703900000, 0x0000000703900000|
|  32|0x0000000703a00000, 0x0000000703a00000, 0x0000000703b00000|  0%| F|  |TS  0|AC  0|TAMS 0x0000000703a00000, 0x0000000703a00000|
|  33|0x0000000703b00000, 0x0000000703b00000, 0x0000000703c00000|  0%| F|  |TS  0|AC  0|TAMS 0x0000000703b00000, 0x0000000703b00000|
|  34|0x0000000703c00000, 0x0000000703c00000, 0x0000000703d00000|  0%| F|  |TS  0|AC  0|TAMS 0x0000000703c00000, 0x0000000703c00000|
|  35|0x0000000703d00000, 0x0000000703d00000, 0x0000000703e00000|  0%| F|  |TS  0|AC  0|TAMS 0x0000000703d00000, 0x0000000703d00000|
|  36|0x0000000703e00000, 0x0000000703e00000, 0x0000000703f00000|  0%| F|  |TS  0|AC  0|TAMS 0x0000000703e00000, 0x0000000703e00000|
|  37|0x0000000703f00000, 0x0000000703f00000, 0x0000000704000000|  0%| F|  |TS  0|AC  0|TAMS 0x0000000703f00000, 0x0000000703f00000|
|  38|0x0000000704000000, 0x0000000704000000, 0x0000000704100000|  0%| F|  |TS  0|AC  0|TAMS 0x0000000704000000, 0x0000000704000000|
|  39|0x0000000704100000, 0x0000000704100000, 0x0000000704200000|  0%| F|  |TS  0|AC  0|TAMS 0x0000000704100000, 0x0000000704100000|
|  40|0x0000000704200000, 0x0000000704200000, 0x0000000704300000|  0%| F|  |TS  0|AC  0|TAMS 0x0000000704200000, 0x0000000704200000|
|  41|0x0000000704300000, 0x0000000704300000, 0x0000000704400000|  0%| F|  |TS  0|AC  0|TAMS 0x0000000704300000, 0x0000000704300000|
|  42|0x0000000704400000, 0x0000000704400000, 0x0000000704500000|  0%| F|  |TS  0|AC  0|TAMS 0x0000000704400000, 0x0000000704400000|
|  43|0x0000000704500000, 0x0000000704500000, 0x0000000704600000|  0%| F|  |TS  0|AC  0|TAMS 0x0000000704500000, 0x0000000704500000|
|  44|0x0000000704600000, 0x0000000704600000, 0x0000000704700000|  0%| F|  |TS  0|AC  0|TAMS 0x0000000704600000, 0x0000000704600000|
|  45|0x0000000704700000, 0x0000000704700000, 0x0000000704800000|  0%| F|  |TS  0|AC  0|TAMS 0x0000000704700000, 0x0000000704700000|
|  46|0x0000000704800000, 0x0000000704800000, 0x0000000704900000|  0%| F|  |TS  0|AC  0|TAMS 0x0000000704800000, 0x0000000704800000|
|  47|0x0000000704900000, 0x0000000704900000, 0x0000000704a00000|  0%| F|  |TS  0|AC  0|TAMS 0x0000000704900000, 0x0000000704900000|
|  48|0x0000000704a00000, 0x0000000704a00000, 0x0000000704b00000|  0%| F|  |TS  0|AC  0|TAMS 0x0000000704a00000, 0x0000000704a00000|
|  49|0x0000000704b00000, 0x0000000704b00000, 0x0000000704c00000|  0%| F|  |TS  0|AC  0|TAMS 0x0000000704b00000, 0x0000000704b00000|
|  50|0x0000000704c00000, 0x0000000704c00000, 0x0000000704d00000|  0%| F|  |TS  0|AC  0|TAMS 0x0000000704c00000, 0x0000000704c00000|
|  51|0x0000000704d00000, 0x0000000704d00000, 0x0000000704e00000|  0%| F|  |TS  0|AC  0|TAMS 0x0000000704d00000, 0x0000000704d00000|
|  52|0x0000000704e00000, 0x0000000704e00000, 0x0000000704f00000|  0%| F|  |TS  0|AC  0|TAMS 0x0000000704e00000, 0x0000000704e00000|
|  53|0x0000000704f00000, 0x0000000704f00000, 0x0000000705000000|  0%| F|  |TS  0|AC  0|TAMS 0x0000000704f00000, 0x0000000704f00000|
|  54|0x0000000705000000, 0x0000000705000000, 0x0000000705100000|  0%| F|  |TS  0|AC  0|TAMS 0x0000000705000000, 0x0000000705000000|
|  55|0x0000000705100000, 0x0000000705100000, 0x0000000705200000|  0%| F|  |TS  0|AC  0|TAMS 0x0000000705100000, 0x0000000705100000|
|  56|0x0000000705200000, 0x0000000705200000, 0x0000000705300000|  0%| F|  |TS  0|AC  0|TAMS 0x0000000705200000, 0x0000000705200000|
|  57|0x0000000705300000, 0x0000000705300000, 0x0000000705400000|  0%| F|  |TS  0|AC  0|TAMS 0x0000000705300000, 0x0000000705300000|
|  58|0x0000000705400000, 0x0000000705400000, 0x0000000705500000|  0%| F|  |TS  0|AC  0|TAMS 0x0000000705400000, 0x0000000705400000|
|  59|0x0000000705500000, 0x0000000705500000, 0x0000000705600000|  0%| F|  |TS  0|AC  0|TAMS 0x0000000705500000, 0x0000000705500000|
|  60|0x0000000705600000, 0x0000000705600000, 0x0000000705700000|  0%| F|  |TS  0|AC  0|TAMS 0x0000000705600000, 0x0000000705600000|
|  61|0x0000000705700000, 0x0000000705700000, 0x0000000705800000|  0%| F|  |TS  0|AC  0|TAMS 0x0000000705700000, 0x0000000705700000|
|  62|0x0000000705800000, 0x0000000705800000, 0x0000000705900000|  0%| F|  |TS  0|AC  0|TAMS 0x0000000705800000, 0x0000000705800000|
|  63|0x0000000705900000, 0x0000000705900000, 0x0000000705a00000|  0%| F|  |TS  0|AC  0|TAMS 0x0000000705900000, 0x0000000705900000|
|  64|0x0000000705a00000, 0x0000000705a00000, 0x0000000705b00000|  0%| F|  |TS  0|AC  0|TAMS 0x0000000705a00000, 0x0000000705a00000|
|  65|0x0000000705b00000, 0x0000000705b00000, 0x0000000705c00000|  0%| F|  |TS  0|AC  0|TAMS 0x0000000705b00000, 0x0000000705b00000|
|  66|0x0000000705c00000, 0x0000000705c00000, 0x0000000705d00000|  0%| F|  |TS  0|AC  0|TAMS 0x0000000705c00000, 0x0000000705c00000|
|  67|0x0000000705d00000, 0x0000000705d00000, 0x0000000705e00000|  0%| F|  |TS  0|AC  0|TAMS 0x0000000705d00000, 0x0000000705d00000|
|  68|0x0000000705e00000, 0x0000000705e9afa0, 0x0000000705f00000| 60%| S|CS|TS  3|AC  0|TAMS 0x0000000705e00000, 0x0000000705e00000|
|  69|0x0000000705f00000, 0x0000000705f00000, 0x0000000706000000|  0%| F|  |TS  3|AC  0|TAMS 0x0000000705f00000, 0x0000000705f00000|
|  70|0x0000000706000000, 0x0000000706000000, 0x0000000706100000|  0%| F|  |TS  3|AC  0|TAMS 0x0000000706000000, 0x0000000706000000|
|  71|0x0000000706100000, 0x0000000706100000, 0x0000000706200000|  0%| F|  |TS  3|AC  0|TAMS 0x0000000706100000, 0x0000000706100000|
|  72|0x0000000706200000, 0x0000000706200000, 0x0000000706300000|  0%| F|  |TS  3|AC  0|TAMS 0x0000000706200000, 0x0000000706200000|
|  73|0x0000000706300000, 0x0000000706300000, 0x0000000706400000|  0%| F|  |TS  3|AC  0|TAMS 0x0000000706300000, 0x0000000706300000|
|  74|0x0000000706400000, 0x0000000706400000, 0x0000000706500000|  0%| F|  |TS  3|AC  0|TAMS 0x0000000706400000, 0x0000000706400000|
|  75|0x0000000706500000, 0x0000000706500000, 0x0000000706600000|  0%| F|  |TS  3|AC  0|TAMS 0x0000000706500000, 0x0000000706500000|
|  76|0x0000000706600000, 0x0000000706600000, 0x0000000706700000|  0%| F|  |TS  3|AC  0|TAMS 0x0000000706600000, 0x0000000706600000|
|  77|0x0000000706700000, 0x0000000706800000, 0x0000000706800000|100%| S|CS|TS  3|AC  0|TAMS 0x0000000706700000, 0x0000000706700000|
|  78|0x0000000706800000, 0x0000000706900000, 0x0000000706900000|100%| S|CS|TS  3|AC  0|TAMS 0x0000000706800000, 0x0000000706800000|
|  79|0x0000000706900000, 0x0000000706a00000, 0x0000000706a00000|100%| S|CS|TS  3|AC  0|TAMS 0x0000000706900000, 0x0000000706900000|
|  80|0x0000000706a00000, 0x0000000706b00000, 0x0000000706b00000|100%| S|CS|TS  3|AC  0|TAMS 0x0000000706a00000, 0x0000000706a00000|
|  81|0x0000000706b00000, 0x0000000706c00000, 0x0000000706c00000|100%| S|CS|TS  3|AC  0|TAMS 0x0000000706b00000, 0x0000000706b00000|
|  82|0x0000000706c00000, 0x0000000706d00000, 0x0000000706d00000|100%| S|CS|TS  3|AC  0|TAMS 0x0000000706c00000, 0x0000000706c00000|
|  83|0x0000000706d00000, 0x0000000706e00000, 0x0000000706e00000|100%| S|CS|TS  3|AC  0|TAMS 0x0000000706d00000, 0x0000000706d00000|
|  84|0x0000000706e00000, 0x0000000706f00000, 0x0000000706f00000|100%| S|CS|TS  3|AC  0|TAMS 0x0000000706e00000, 0x0000000706e00000|
|  85|0x0000000706f00000, 0x0000000706f00000, 0x0000000707000000|  0%| F|  |TS  3|AC  0|TAMS 0x0000000706f00000, 0x0000000706f00000|
|  86|0x0000000707000000, 0x0000000707000000, 0x0000000707100000|  0%| F|  |TS  3|AC  0|TAMS 0x0000000707000000, 0x0000000707000000|
|  87|0x0000000707100000, 0x0000000707100000, 0x0000000707200000|  0%| F|  |TS  3|AC  0|TAMS 0x0000000707100000, 0x0000000707100000|
|  88|0x0000000707200000, 0x0000000707200000, 0x0000000707300000|  0%| F|  |TS  3|AC  0|TAMS 0x0000000707200000, 0x0000000707200000|
|  89|0x0000000707300000, 0x0000000707300000, 0x0000000707400000|  0%| F|  |TS  3|AC  0|TAMS 0x0000000707300000, 0x0000000707300000|
|  90|0x0000000707400000, 0x0000000707400000, 0x0000000707500000|  0%| F|  |TS  3|AC  0|TAMS 0x0000000707400000, 0x0000000707400000|
|  91|0x0000000707500000, 0x0000000707500000, 0x0000000707600000|  0%| F|  |TS  3|AC  0|TAMS 0x0000000707500000, 0x0000000707500000|
|  92|0x0000000707600000, 0x0000000707600000, 0x0000000707700000|  0%| F|  |TS  3|AC  0|TAMS 0x0000000707600000, 0x0000000707600000|
|  93|0x0000000707700000, 0x0000000707700000, 0x0000000707800000|  0%| F|  |TS  3|AC  0|TAMS 0x0000000707700000, 0x0000000707700000|
|  94|0x0000000707800000, 0x0000000707800000, 0x0000000707900000|  0%| F|  |TS  3|AC  0|TAMS 0x0000000707800000, 0x0000000707800000|
|  95|0x0000000707900000, 0x0000000707900000, 0x0000000707a00000|  0%| F|  |TS  3|AC  0|TAMS 0x0000000707900000, 0x0000000707900000|
|  96|0x0000000707a00000, 0x0000000707a00000, 0x0000000707b00000|  0%| F|  |TS  3|AC  0|TAMS 0x0000000707a00000, 0x0000000707a00000|
|  97|0x0000000707b00000, 0x0000000707b00000, 0x0000000707c00000|  0%| F|  |TS  3|AC  0|TAMS 0x0000000707b00000, 0x0000000707b00000|
|  98|0x0000000707c00000, 0x0000000707c00000, 0x0000000707d00000|  0%| F|  |TS  3|AC  0|TAMS 0x0000000707c00000, 0x0000000707c00000|
|  99|0x0000000707d00000, 0x0000000707d00000, 0x0000000707e00000|  0%| F|  |TS  3|AC  0|TAMS 0x0000000707d00000, 0x0000000707d00000|
| 100|0x0000000707e00000, 0x0000000707e00000, 0x0000000707f00000|  0%| F|  |TS  3|AC  0|TAMS 0x0000000707e00000, 0x0000000707e00000|
| 101|0x0000000707f00000, 0x0000000707f00000, 0x0000000708000000|  0%| F|  |TS  3|AC  0|TAMS 0x0000000707f00000, 0x0000000707f00000|
| 102|0x0000000708000000, 0x0000000708000000, 0x0000000708100000|  0%| F|  |TS  3|AC  0|TAMS 0x0000000708000000, 0x0000000708000000|
| 103|0x0000000708100000, 0x0000000708100000, 0x0000000708200000|  0%| F|  |TS  3|AC  0|TAMS 0x0000000708100000, 0x0000000708100000|
| 104|0x0000000708200000, 0x0000000708200000, 0x0000000708300000|  0%| F|  |TS  3|AC  0|TAMS 0x0000000708200000, 0x0000000708200000|
| 105|0x0000000708300000, 0x0000000708300000, 0x0000000708400000|  0%| F|  |TS  3|AC  0|TAMS 0x0000000708300000, 0x0000000708300000|
| 106|0x0000000708400000, 0x0000000708400000, 0x0000000708500000|  0%| F|  |TS  3|AC  0|TAMS 0x0000000708400000, 0x0000000708400000|
| 107|0x0000000708500000, 0x0000000708500000, 0x0000000708600000|  0%| F|  |TS  3|AC  0|TAMS 0x0000000708500000, 0x0000000708500000|
| 108|0x0000000708600000, 0x0000000708600000, 0x0000000708700000|  0%| F|  |TS  3|AC  0|TAMS 0x0000000708600000, 0x0000000708600000|
| 109|0x0000000708700000, 0x0000000708700000, 0x0000000708800000|  0%| F|  |TS  3|AC  0|TAMS 0x0000000708700000, 0x0000000708700000|
| 110|0x0000000708800000, 0x0000000708800000, 0x0000000708900000|  0%| F|  |TS  3|AC  0|TAMS 0x0000000708800000, 0x0000000708800000|
| 111|0x0000000708900000, 0x0000000708900000, 0x0000000708a00000|  0%| F|  |TS  3|AC  0|TAMS 0x0000000708900000, 0x0000000708900000|
| 112|0x0000000708a00000, 0x0000000708a00000, 0x0000000708b00000|  0%| F|  |TS  3|AC  0|TAMS 0x0000000708a00000, 0x0000000708a00000|
| 113|0x0000000708b00000, 0x0000000708b00000, 0x0000000708c00000|  0%| F|  |TS  3|AC  0|TAMS 0x0000000708b00000, 0x0000000708b00000|
| 114|0x0000000708c00000, 0x0000000708c00000, 0x0000000708d00000|  0%| F|  |TS  3|AC  0|TAMS 0x0000000708c00000, 0x0000000708c00000|
| 115|0x0000000708d00000, 0x0000000708d00000, 0x0000000708e00000|  0%| F|  |TS  3|AC  0|TAMS 0x0000000708d00000, 0x0000000708d00000|
| 116|0x0000000708e00000, 0x0000000708e00000, 0x0000000708f00000|  0%| F|  |TS  3|AC  0|TAMS 0x0000000708e00000, 0x0000000708e00000|
| 117|0x0000000708f00000, 0x0000000708f00000, 0x0000000709000000|  0%| F|  |TS  3|AC  0|TAMS 0x0000000708f00000, 0x0000000708f00000|
| 118|0x0000000709000000, 0x0000000709000000, 0x0000000709100000|  0%| F|  |TS  3|AC  0|TAMS 0x0000000709000000, 0x0000000709000000|
| 119|0x0000000709100000, 0x0000000709100000, 0x0000000709200000|  0%| F|  |TS  3|AC  0|TAMS 0x0000000709100000, 0x0000000709100000|
| 120|0x0000000709200000, 0x0000000709200000, 0x0000000709300000|  0%| F|  |TS  3|AC  0|TAMS 0x0000000709200000, 0x0000000709200000|
| 121|0x0000000709300000, 0x0000000709300000, 0x0000000709400000|  0%| F|  |TS  3|AC  0|TAMS 0x0000000709300000, 0x0000000709300000|
| 122|0x0000000709400000, 0x0000000709400000, 0x0000000709500000|  0%| F|  |TS  3|AC  0|TAMS 0x0000000709400000, 0x0000000709400000|
| 123|0x0000000709500000, 0x0000000709500000, 0x0000000709600000|  0%| F|  |TS  3|AC  0|TAMS 0x0000000709500000, 0x0000000709500000|
| 124|0x0000000709600000, 0x0000000709600000, 0x0000000709700000|  0%| F|  |TS  3|AC  0|TAMS 0x0000000709600000, 0x0000000709600000|
| 125|0x0000000709700000, 0x0000000709700000, 0x0000000709800000|  0%| F|  |TS  3|AC  0|TAMS 0x0000000709700000, 0x0000000709700000|
| 126|0x0000000709800000, 0x0000000709800000, 0x0000000709900000|  0%| F|  |TS  3|AC  0|TAMS 0x0000000709800000, 0x0000000709800000|
| 127|0x0000000709900000, 0x0000000709900000, 0x0000000709a00000|  0%| F|  |TS  3|AC  0|TAMS 0x0000000709900000, 0x0000000709900000|
| 128|0x0000000709a00000, 0x0000000709a00000, 0x0000000709b00000|  0%| F|  |TS  3|AC  0|TAMS 0x0000000709a00000, 0x0000000709a00000|
| 129|0x0000000709b00000, 0x0000000709b00000, 0x0000000709c00000|  0%| F|  |TS  3|AC  0|TAMS 0x0000000709b00000, 0x0000000709b00000|
| 130|0x0000000709c00000, 0x0000000709c00000, 0x0000000709d00000|  0%| F|  |TS  3|AC  0|TAMS 0x0000000709c00000, 0x0000000709c00000|
| 131|0x0000000709d00000, 0x0000000709d00000, 0x0000000709e00000|  0%| F|  |TS  3|AC  0|TAMS 0x0000000709d00000, 0x0000000709d00000|
| 132|0x0000000709e00000, 0x0000000709e00000, 0x0000000709f00000|  0%| F|  |TS  3|AC  0|TAMS 0x0000000709e00000, 0x0000000709e00000|
| 133|0x0000000709f00000, 0x0000000709f00000, 0x000000070a000000|  0%| F|  |TS  3|AC  0|TAMS 0x0000000709f00000, 0x0000000709f00000|
| 134|0x000000070a000000, 0x000000070a000000, 0x000000070a100000|  0%| F|  |TS  3|AC  0|TAMS 0x000000070a000000, 0x000000070a000000|
| 135|0x000000070a100000, 0x000000070a100000, 0x000000070a200000|  0%| F|  |TS  3|AC  0|TAMS 0x000000070a100000, 0x000000070a100000|
| 136|0x000000070a200000, 0x000000070a200000, 0x000000070a300000|  0%| F|  |TS  3|AC  0|TAMS 0x000000070a200000, 0x000000070a200000|
| 137|0x000000070a300000, 0x000000070a300000, 0x000000070a400000|  0%| F|  |TS  3|AC  0|TAMS 0x000000070a300000, 0x000000070a300000|
| 138|0x000000070a400000, 0x000000070a400000, 0x000000070a500000|  0%| F|  |TS  3|AC  0|TAMS 0x000000070a400000, 0x000000070a400000|
| 139|0x000000070a500000, 0x000000070a500000, 0x000000070a600000|  0%| F|  |TS  3|AC  0|TAMS 0x000000070a500000, 0x000000070a500000|
| 140|0x000000070a600000, 0x000000070a600000, 0x000000070a700000|  0%| F|  |TS  3|AC  0|TAMS 0x000000070a600000, 0x000000070a600000|
| 141|0x000000070a700000, 0x000000070a700000, 0x000000070a800000|  0%| F|  |TS  3|AC  0|TAMS 0x000000070a700000, 0x000000070a700000|
| 142|0x000000070a800000, 0x000000070a800000, 0x000000070a900000|  0%| F|  |TS  3|AC  0|TAMS 0x000000070a800000, 0x000000070a800000|
| 143|0x000000070a900000, 0x000000070a900000, 0x000000070aa00000|  0%| F|  |TS  3|AC  0|TAMS 0x000000070a900000, 0x000000070a900000|
| 144|0x000000070aa00000, 0x000000070aa00000, 0x000000070ab00000|  0%| F|  |TS  3|AC  0|TAMS 0x000000070aa00000, 0x000000070aa00000|
| 145|0x000000070ab00000, 0x000000070ab00000, 0x000000070ac00000|  0%| F|  |TS  3|AC  0|TAMS 0x000000070ab00000, 0x000000070ab00000|
| 146|0x000000070ac00000, 0x000000070ac00000, 0x000000070ad00000|  0%| F|  |TS  3|AC  0|TAMS 0x000000070ac00000, 0x000000070ac00000|
| 147|0x000000070ad00000, 0x000000070ad00000, 0x000000070ae00000|  0%| F|  |TS  3|AC  0|TAMS 0x000000070ad00000, 0x000000070ad00000|
| 148|0x000000070ae00000, 0x000000070ae00000, 0x000000070af00000|  0%| F|  |TS  3|AC  0|TAMS 0x000000070ae00000, 0x000000070ae00000|
| 149|0x000000070af00000, 0x000000070af00000, 0x000000070b000000|  0%| F|  |TS  3|AC  0|TAMS 0x000000070af00000, 0x000000070af00000|
| 150|0x000000070b000000, 0x000000070b000000, 0x000000070b100000|  0%| F|  |TS  3|AC  0|TAMS 0x000000070b000000, 0x000000070b000000|
| 151|0x000000070b100000, 0x000000070b100000, 0x000000070b200000|  0%| F|  |TS  3|AC  0|TAMS 0x000000070b100000, 0x000000070b100000|
| 152|0x000000070b200000, 0x000000070b200000, 0x000000070b300000|  0%| F|  |TS  3|AC  0|TAMS 0x000000070b200000, 0x000000070b200000|
| 153|0x000000070b300000, 0x000000070b300000, 0x000000070b400000|  0%| F|  |TS  3|AC  0|TAMS 0x000000070b300000, 0x000000070b300000|
| 154|0x000000070b400000, 0x000000070b400000, 0x000000070b500000|  0%| F|  |TS  3|AC  0|TAMS 0x000000070b400000, 0x000000070b400000|
| 155|0x000000070b500000, 0x000000070b500000, 0x000000070b600000|  0%| F|  |TS  3|AC  0|TAMS 0x000000070b500000, 0x000000070b500000|
| 156|0x000000070b600000, 0x000000070b600000, 0x000000070b700000|  0%| F|  |TS  3|AC  0|TAMS 0x000000070b600000, 0x000000070b600000|
| 157|0x000000070b700000, 0x000000070b700000, 0x000000070b800000|  0%| F|  |TS  3|AC  0|TAMS 0x000000070b700000, 0x000000070b700000|
| 158|0x000000070b800000, 0x000000070b800000, 0x000000070b900000|  0%| F|  |TS  3|AC  0|TAMS 0x000000070b800000, 0x000000070b800000|
| 159|0x000000070b900000, 0x000000070b900000, 0x000000070ba00000|  0%| F|  |TS  3|AC  0|TAMS 0x000000070b900000, 0x000000070b900000|
| 160|0x000000070ba00000, 0x000000070ba00000, 0x000000070bb00000|  0%| F|  |TS  3|AC  0|TAMS 0x000000070ba00000, 0x000000070ba00000|
| 161|0x000000070bb00000, 0x000000070bb00000, 0x000000070bc00000|  0%| F|  |TS  3|AC  0|TAMS 0x000000070bb00000, 0x000000070bb00000|
| 162|0x000000070bc00000, 0x000000070bc00000, 0x000000070bd00000|  0%| F|  |TS  3|AC  0|TAMS 0x000000070bc00000, 0x000000070bc00000|
| 163|0x000000070bd00000, 0x000000070bd00000, 0x000000070be00000|  0%| F|  |TS  3|AC  0|TAMS 0x000000070bd00000, 0x000000070bd00000|
| 164|0x000000070be00000, 0x000000070be00000, 0x000000070bf00000|  0%| F|  |TS  3|AC  0|TAMS 0x000000070be00000, 0x000000070be00000|
| 165|0x000000070bf00000, 0x000000070bf00000, 0x000000070c000000|  0%| F|  |TS  3|AC  0|TAMS 0x000000070bf00000, 0x000000070bf00000|
| 166|0x000000070c000000, 0x000000070c000000, 0x000000070c100000|  0%| F|  |TS  3|AC  0|TAMS 0x000000070c000000, 0x000000070c000000|
| 167|0x000000070c100000, 0x000000070c100000, 0x000000070c200000|  0%| F|  |TS  3|AC  0|TAMS 0x000000070c100000, 0x000000070c100000|
| 168|0x000000070c200000, 0x000000070c200000, 0x000000070c300000|  0%| F|  |TS  3|AC  0|TAMS 0x000000070c200000, 0x000000070c200000|
| 169|0x000000070c300000, 0x000000070c300000, 0x000000070c400000|  0%| F|  |TS  3|AC  0|TAMS 0x000000070c300000, 0x000000070c300000|
| 170|0x000000070c400000, 0x000000070c400000, 0x000000070c500000|  0%| F|  |TS  3|AC  0|TAMS 0x000000070c400000, 0x000000070c400000|
| 171|0x000000070c500000, 0x000000070c500000, 0x000000070c600000|  0%| F|  |TS  3|AC  0|TAMS 0x000000070c500000, 0x000000070c500000|
| 172|0x000000070c600000, 0x000000070c600000, 0x000000070c700000|  0%| F|  |TS  3|AC  0|TAMS 0x000000070c600000, 0x000000070c600000|
| 173|0x000000070c700000, 0x000000070c700000, 0x000000070c800000|  0%| F|  |TS  3|AC  0|TAMS 0x000000070c700000, 0x000000070c700000|
| 174|0x000000070c800000, 0x000000070c800000, 0x000000070c900000|  0%| F|  |TS  3|AC  0|TAMS 0x000000070c800000, 0x000000070c800000|
| 175|0x000000070c900000, 0x000000070c900000, 0x000000070ca00000|  0%| F|  |TS  3|AC  0|TAMS 0x000000070c900000, 0x000000070c900000|
| 176|0x000000070ca00000, 0x000000070ca00000, 0x000000070cb00000|  0%| F|  |TS  3|AC  0|TAMS 0x000000070ca00000, 0x000000070ca00000|
| 177|0x000000070cb00000, 0x000000070cb00000, 0x000000070cc00000|  0%| F|  |TS  3|AC  0|TAMS 0x000000070cb00000, 0x000000070cb00000|
| 178|0x000000070cc00000, 0x000000070cc00000, 0x000000070cd00000|  0%| F|  |TS  3|AC  0|TAMS 0x000000070cc00000, 0x000000070cc00000|
| 179|0x000000070cd00000, 0x000000070cd00000, 0x000000070ce00000|  0%| F|  |TS  3|AC  0|TAMS 0x000000070cd00000, 0x000000070cd00000|
| 180|0x000000070ce00000, 0x000000070ce00000, 0x000000070cf00000|  0%| F|  |TS  3|AC  0|TAMS 0x000000070ce00000, 0x000000070ce00000|
| 181|0x000000070cf00000, 0x000000070cf00000, 0x000000070d000000|  0%| F|  |TS  3|AC  0|TAMS 0x000000070cf00000, 0x000000070cf00000|
| 182|0x000000070d000000, 0x000000070d000000, 0x000000070d100000|  0%| F|  |TS  3|AC  0|TAMS 0x000000070d000000, 0x000000070d000000|
| 183|0x000000070d100000, 0x000000070d100000, 0x000000070d200000|  0%| F|  |TS  3|AC  0|TAMS 0x000000070d100000, 0x000000070d100000|
| 184|0x000000070d200000, 0x000000070d200000, 0x000000070d300000|  0%| F|  |TS  3|AC  0|TAMS 0x000000070d200000, 0x000000070d200000|
| 185|0x000000070d300000, 0x000000070d300000, 0x000000070d400000|  0%| F|  |TS  3|AC  0|TAMS 0x000000070d300000, 0x000000070d300000|
| 186|0x000000070d400000, 0x000000070d400000, 0x000000070d500000|  0%| F|  |TS  3|AC  0|TAMS 0x000000070d400000, 0x000000070d400000|
| 187|0x000000070d500000, 0x000000070d600000, 0x000000070d600000|100%| E|  |TS  3|AC  0|TAMS 0x000000070d500000, 0x000000070d500000|
| 188|0x000000070d600000, 0x000000070d700000, 0x000000070d700000|100%| E|CS|TS  3|AC  0|TAMS 0x000000070d600000, 0x000000070d600000|
| 189|0x000000070d700000, 0x000000070d800000, 0x000000070d800000|100%| E|CS|TS  3|AC  0|TAMS 0x000000070d700000, 0x000000070d700000|
| 190|0x000000070d800000, 0x000000070d900000, 0x000000070d900000|100%| E|CS|TS  3|AC  0|TAMS 0x000000070d800000, 0x000000070d800000|
| 191|0x000000070d900000, 0x000000070da00000, 0x000000070da00000|100%| E|CS|TS  3|AC  0|TAMS 0x000000070d900000, 0x000000070d900000|

Card table byte_map: [0x0000017066d00000,0x0000017067300000] byte_map_base: 0x00000170634f3000

Marking Bits (Prev, Next): (CMBitMap*) 0x000001704a697468, (CMBitMap*) 0x000001704a697430
 Prev Bits: [0x000001706a8a0000, 0x000001706d838000)
 Next Bits: [0x0000017067900000, 0x000001706a898000)

Polling page: 0x00000170483f0000

CodeHeap 'non-profiled nmethods': size=120000Kb used=4572Kb max_used=4572Kb free=115427Kb
 bounds [0x000001705e160000, 0x000001705e5e0000, 0x0000017065690000]
CodeHeap 'profiled nmethods': size=120000Kb used=19435Kb max_used=19435Kb free=100565Kb
 bounds [0x0000017056c30000, 0x0000017057f30000, 0x000001705e160000]
CodeHeap 'non-nmethods': size=5760Kb used=1315Kb max_used=1383Kb free=4444Kb
 bounds [0x0000017056690000, 0x0000017056900000, 0x0000017056c30000]
 total_blobs=11730 nmethods=8988 adapters=422
 compilation: enabled

Compilation events (10 events):
Event: 8.944 Thread 0x00000170703ab800 nmethod 9680 0x0000017057f23390 code [0x0000017057f23540, 0x0000017057f236f0]
Event: 8.944 Thread 0x00000170703ab800 9681       3       java.lang.reflect.Method::getParameterTypes (112 bytes)
Event: 8.944 Thread 0x00000170703ab800 nmethod 9681 0x0000017057f23810 code [0x0000017057f23aa0, 0x0000017057f24860]
Event: 8.944 Thread 0x00000170703ab800 9682       3       java.util.concurrent.ConcurrentHashMap::remove (8 bytes)
Event: 8.945 Thread 0x00000170703ab800 nmethod 9682 0x0000017057f24b10 code [0x0000017057f24cc0, 0x0000017057f24ef0]
Event: 8.946 Thread 0x00000170703ab800 9684       3       jdk.internal.org.objectweb.asm.MethodVisitor::visitFieldInsn (20 bytes)
Event: 8.946 Thread 0x00000170703ab800 nmethod 9684 0x0000017057f24f90 code [0x0000017057f25140, 0x0000017057f253b0]
Event: 8.946 Thread 0x00000170703ab800 9685       3       jdk.internal.org.objectweb.asm.FieldWriter::getSize (262 bytes)
Event: 8.947 Thread 0x00000170703ab800 nmethod 9685 0x0000017057f25490 code [0x0000017057f25760, 0x0000017057f26610]
Event: 8.947 Thread 0x00000170703ab800 9686       3       jdk.internal.org.objectweb.asm.FieldWriter::put (475 bytes)

GC Heap History (10 events):
Event: 1.704 GC heap before
{Heap before GC invocations=1 (full 0):
 garbage-first heap   total 196608K, used 118272K [0x0000000701a00000, 0x0000000701b00600, 0x00000007c0000000)
  region size 1024K, 115 young (117760K), 3 survivors (3072K)
 Metaspace       used 14341K, capacity 14956K, committed 15104K, reserved 1062912K
  class space    used 1373K, capacity 1507K, committed 1536K, reserved 1048576K
}
Event: 1.712 GC heap after
{Heap after GC invocations=2 (full 0):
 garbage-first heap   total 196608K, used 5962K [0x0000000701a00000, 0x0000000701b00600, 0x00000007c0000000)
  region size 1024K, 6 young (6144K), 6 survivors (6144K)
 Metaspace       used 14341K, capacity 14956K, committed 15104K, reserved 1062912K
  class space    used 1373K, capacity 1507K, committed 1536K, reserved 1048576K
}
Event: 3.560 GC heap before
{Heap before GC invocations=2 (full 0):
 garbage-first heap   total 196608K, used 117578K [0x0000000701a00000, 0x0000000701b00600, 0x00000007c0000000)
  region size 1024K, 115 young (117760K), 6 survivors (6144K)
 Metaspace       used 18577K, capacity 19646K, committed 19968K, reserved 1067008K
  class space    used 1984K, capacity 2181K, committed 2304K, reserved 1048576K
}
Event: 3.568 GC heap after
{Heap after GC invocations=3 (full 0):
 garbage-first heap   total 196608K, used 8872K [0x0000000701a00000, 0x0000000701b00600, 0x00000007c0000000)
  region size 1024K, 9 young (9216K), 9 survivors (9216K)
 Metaspace       used 18577K, capacity 19646K, committed 19968K, reserved 1067008K
  class space    used 1984K, capacity 2181K, committed 2304K, reserved 1048576K
}
Event: 3.870 GC heap before
{Heap before GC invocations=3 (full 0):
 garbage-first heap   total 196608K, used 41640K [0x0000000701a00000, 0x0000000701b00600, 0x00000007c0000000)
  region size 1024K, 42 young (43008K), 9 survivors (9216K)
 Metaspace       used 20086K, capacity 21178K, committed 21296K, reserved 1069056K
  class space    used 2213K, capacity 2411K, committed 2432K, reserved 1048576K
}
Event: 3.877 GC heap after
{Heap after GC invocations=4 (full 0):
 garbage-first heap   total 196608K, used 8345K [0x0000000701a00000, 0x0000000701b00600, 0x00000007c0000000)
  region size 1024K, 5 young (5120K), 5 survivors (5120K)
 Metaspace       used 20086K, capacity 21178K, committed 21296K, reserved 1069056K
  class space    used 2213K, capacity 2411K, committed 2432K, reserved 1048576K
}
Event: 5.592 GC heap before
{Heap before GC invocations=5 (full 0):
 garbage-first heap   total 196608K, used 120985K [0x0000000701a00000, 0x0000000701b00600, 0x00000007c0000000)
  region size 1024K, 115 young (117760K), 5 survivors (5120K)
 Metaspace       used 23929K, capacity 25160K, committed 25216K, reserved 1071104K
  class space    used 2698K, capacity 2904K, committed 2944K, reserved 1048576K
}
Event: 5.600 GC heap after
{Heap after GC invocations=6 (full 0):
 garbage-first heap   total 196608K, used 10530K [0x0000000701a00000, 0x0000000701b00600, 0x00000007c0000000)
  region size 1024K, 8 young (8192K), 8 survivors (8192K)
 Metaspace       used 23929K, capacity 25160K, committed 25216K, reserved 1071104K
  class space    used 2698K, capacity 2904K, committed 2944K, reserved 1048576K
}
Event: 8.736 GC heap before
{Heap before GC invocations=6 (full 0):
 garbage-first heap   total 196608K, used 126242K [0x0000000701a00000, 0x0000000701b00600, 0x00000007c0000000)
  region size 1024K, 115 young (117760K), 8 survivors (8192K)
 Metaspace       used 27299K, capacity 28988K, committed 29056K, reserved 1075200K
  class space    used 3112K, capacity 3429K, committed 3456K, reserved 1048576K
}
Event: 8.745 GC heap after
{Heap after GC invocations=7 (full 0):
 garbage-first heap   total 196608K, used 12037K [0x0000000701a00000, 0x0000000701b00600, 0x00000007c0000000)
  region size 1024K, 9 young (9216K), 9 survivors (9216K)
 Metaspace       used 27299K, capacity 28988K, committed 29056K, reserved 1075200K
  class space    used 3112K, capacity 3429K, committed 3456K, reserved 1048576K
}

Deoptimization events (10 events):
Event: 8.335 Thread 0x000001704a604800 Uncommon trap: reason=bimorphic_or_optimized_type_check action=maybe_recompile pc=0x000001705e52fbbc method=net.bytebuddy.description.type.TypeDescription$Generic$OfNonGenericType.represents(Ljava/lang/reflect/Type;)Z @ 5 c2
Event: 8.335 Thread 0x000001704a604800 Uncommon trap: reason=bimorphic_or_optimized_type_check action=maybe_recompile pc=0x000001705e522a6c method=net.bytebuddy.description.type.TypeDescription$Generic$Visitor$Substitutor$ForAttachment.onSimpleType(Lnet/bytebuddy/description/type/TypeDescripti
Event: 8.336 Thread 0x000001704a604800 Uncommon trap: reason=bimorphic_or_optimized_type_check action=maybe_recompile pc=0x000001705e52fbbc method=net.bytebuddy.description.type.TypeDescription$Generic$OfNonGenericType.represents(Ljava/lang/reflect/Type;)Z @ 5 c2
Event: 8.336 Thread 0x000001704a604800 Uncommon trap: reason=bimorphic_or_optimized_type_check action=maybe_recompile pc=0x000001705e522a6c method=net.bytebuddy.description.type.TypeDescription$Generic$Visitor$Substitutor$ForAttachment.onSimpleType(Lnet/bytebuddy/description/type/TypeDescripti
Event: 8.336 Thread 0x000001704a604800 Uncommon trap: reason=bimorphic_or_optimized_type_check action=maybe_recompile pc=0x000001705e52fbbc method=net.bytebuddy.description.type.TypeDescription$Generic$OfNonGenericType.represents(Ljava/lang/reflect/Type;)Z @ 5 c2
Event: 8.674 Thread 0x000001704a604800 Uncommon trap: reason=unstable_if action=reinterpret pc=0x000001705e49bd20 method=java.util.Arrays.equals([Ljava/lang/Object;[Ljava/lang/Object;)Z @ 23 c2
Event: 8.684 Thread 0x000001704a604800 Uncommon trap: reason=class_check action=maybe_recompile pc=0x000001705e5aa884 method=net.bytebuddy.description.type.TypeDescription$Generic$Visitor$Substitutor.onNonGenericType(Lnet/bytebuddy/description/type/TypeDescription$Generic;)Lnet/bytebuddy/descr
Event: 8.696 Thread 0x000001704a604800 Uncommon trap: reason=class_check action=maybe_recompile pc=0x000001705e5aa110 method=net.bytebuddy.description.type.TypeDescription$Generic$Visitor$Substitutor.onNonGenericType(Lnet/bytebuddy/description/type/TypeDescription$Generic;)Lnet/bytebuddy/descr
Event: 8.697 Thread 0x000001704a604800 Uncommon trap: reason=class_check action=maybe_recompile pc=0x000001705e5aa110 method=net.bytebuddy.description.type.TypeDescription$Generic$Visitor$Substitutor.onNonGenericType(Lnet/bytebuddy/description/type/TypeDescription$Generic;)Lnet/bytebuddy/descr
Event: 8.698 Thread 0x000001704a604800 Uncommon trap: reason=class_check action=maybe_recompile pc=0x000001705e5aa110 method=net.bytebuddy.description.type.TypeDescription$Generic$Visitor$Substitutor.onNonGenericType(Lnet/bytebuddy/description/type/TypeDescription$Generic;)Lnet/bytebuddy/descr

Classes redefined (10 events):
Event: 8.578 Thread 0x000001707033f000 redefined class name=com.karuslabs.commons.command.Command, count=2
Event: 8.597 Thread 0x000001707033f000 redefined class name=com.karuslabs.commons.locale.Translatable, count=2
Event: 8.615 Thread 0x000001707033f000 redefined class name=org.bukkit.command.Command, count=2
Event: 8.633 Thread 0x000001707033f000 redefined class name=org.bukkit.command.PluginIdentifiableCommand, count=2
Event: 8.816 Thread 0x000001707033f000 redefined class name=java.lang.reflect.AccessibleObject, count=2
Event: 8.836 Thread 0x000001707033f000 redefined class name=java.lang.reflect.Method, count=3
Event: 8.858 Thread 0x000001707033f000 redefined class name=java.lang.reflect.GenericDeclaration, count=2
Event: 8.881 Thread 0x000001707033f000 redefined class name=java.lang.reflect.AnnotatedElement, count=2
Event: 8.902 Thread 0x000001707033f000 redefined class name=java.lang.reflect.Member, count=2
Event: 8.922 Thread 0x000001707033f000 redefined class name=java.lang.reflect.Executable, count=3

Internal exceptions (10 events):
Event: 7.975 Thread 0x000001704a604800 Exception <a 'java/lang/NoSuchMethodError'{0x0000000708219fb0}: java.lang.invoke.DirectMethodHandle$Holder.invokeStatic(Ljava/lang/Object;Ljava/lang/Object;Ljava/lang/Object;Ljava/lang/Object;Ljava/lang/Object;Ljava/lang/Object;Ljava/lang/Object;Ljava/lan
Event: 7.978 Thread 0x000001704a604800 Exception <a 'java/lang/NoSuchMethodError'{0x000000070822c910}: java.lang.invoke.DirectMethodHandle$Holder.invokeStatic(Ljava/lang/Object;Ljava/lang/Object;Ljava/lang/Object;Ljava/lang/Object;Ljava/lang/Object;Ljava/lang/Object;Ljava/lang/Object;Ljava/lan
Event: 7.980 Thread 0x000001704a604800 Exception <a 'java/lang/NoSuchMethodError'{0x000000070823f748}: method resolution failed> (0x000000070823f748) thrown at [c:/workspace/9-2-build-windows-amd64-cygwin-phase2/jdk9/6725/hotspot/src/share/vm/prims/methodHandles.cpp, line 1256]
Event: 8.638 Thread 0x000001704a604800 Exception <a 'java/lang/NoSuchMethodError'{0x000000070738ceb8}: java.lang.invoke.DirectMethodHandle$Holder.invokeStaticInit(Ljava/lang/Object;Ljava/lang/Object;Ljava/lang/Object;Ljava/lang/Object;)I> (0x000000070738ceb8) thrown at [c:/workspace/9-2-build-
Event: 8.639 Thread 0x000001704a604800 Exception <a 'java/lang/NoSuchMethodError'{0x000000070738fe30}: java.lang.Object.lambda$static$0(Lcom/karuslabs/commons/command/CommandSource;Lcom/karuslabs/commons/command/Context;Lcom/karuslabs/commons/command/arguments/Arguments;)Z> (0x000000070738fe30
Event: 8.666 Thread 0x000001704a604800 Exception <a 'java/lang/reflect/InvocationTargetException'{0x0000000707293a38}> (0x0000000707293a38) thrown at [c:/workspace/9-2-build-windows-amd64-cygwin-phase2/jdk9/6725/hotspot/src/share/vm/runtime/reflection.cpp, line 1213]
Event: 8.668 Thread 0x000001704a604800 Exception <a 'java/lang/reflect/InvocationTargetException'{0x00000007072a9610}> (0x00000007072a9610) thrown at [c:/workspace/9-2-build-windows-amd64-cygwin-phase2/jdk9/6725/hotspot/src/share/vm/runtime/reflection.cpp, line 1213]
Event: 8.671 Thread 0x000001704a604800 Exception <a 'java/lang/reflect/InvocationTargetException'{0x00000007072c0a78}> (0x00000007072c0a78) thrown at [c:/workspace/9-2-build-windows-amd64-cygwin-phase2/jdk9/6725/hotspot/src/share/vm/runtime/reflection.cpp, line 1213]
Event: 8.675 Thread 0x000001704a604800 Exception <a 'java/lang/NoSuchMethodError'{0x00000007072e6078}: method resolution failed> (0x00000007072e6078) thrown at [c:/workspace/9-2-build-windows-amd64-cygwin-phase2/jdk9/6725/hotspot/src/share/vm/prims/methodHandles.cpp, line 1256]
Event: 8.677 Thread 0x000001704a604800 Exception <a 'java/lang/NoSuchMethodError'{0x00000007072ed0e8}: java.lang.invoke.Invokers$Holder.invoke_MT(Ljava/lang/Object;Ljava/lang/Object;Ljava/lang/Object;)Ljava/lang/Object;> (0x00000007072ed0e8) thrown at [c:/workspace/9-2-build-windows-amd64-cygw

Events (10 events):
Event: 8.736 Executing VM operation: G1IncCollectionPause
Event: 8.745 Executing VM operation: G1IncCollectionPause done
Event: 8.748 Thread 0x000001704a604800 DEOPT PACKING pc=0x0000017057b9ff1f sp=0x000000397e6f9dd0
Event: 8.748 Thread 0x000001704a604800 DEOPT UNPACKING pc=0x00000170566ddd3f sp=0x000000397e6f9318 mode 0
Event: 8.783 Executing VM operation: RedefineClasses
Event: 8.927 Executing VM operation: RedefineClasses done
Event: 8.945 loading class com/karuslabs/commons/command/annotation/resolvers/CommandResolverTest$C
Event: 8.945 loading class com/karuslabs/commons/command/annotation/resolvers/CommandResolverTest$C done
Event: 8.945 loading class com/karuslabs/commons/command/annotation/resolvers/CommandResolverTest
Event: 8.945 loading class com/karuslabs/commons/command/annotation/resolvers/CommandResolverTest done


Dynamic libraries:
0x00007ff6b4320000 - 0x00007ff6b435e000 	C:\Program Files\Java\jdk-9\bin\java.exe
0x00007ffbacf10000 - 0x00007ffbad0f0000 	C:\WINDOWS\SYSTEM32\ntdll.dll
0x00007ffbaab70000 - 0x00007ffbaac1e000 	C:\WINDOWS\System32\KERNEL32.DLL
0x00007ffba9bf0000 - 0x00007ffba9e56000 	C:\WINDOWS\System32\KERNELBASE.dll
0x00007ffbab1b0000 - 0x00007ffbab251000 	C:\WINDOWS\System32\ADVAPI32.dll
0x00007ffbab260000 - 0x00007ffbab2fd000 	C:\WINDOWS\System32\msvcrt.dll
0x00007ffbaaf30000 - 0x00007ffbaaf8b000 	C:\WINDOWS\System32\sechost.dll
0x00007ffbab380000 - 0x00007ffbab49f000 	C:\WINDOWS\System32\RPCRT4.dll
0x00007ffbacc40000 - 0x00007ffbacdcf000 	C:\WINDOWS\System32\USER32.dll
0x00007ffbaa150000 - 0x00007ffbaa170000 	C:\WINDOWS\System32\win32u.dll
0x00007ffbacc10000 - 0x00007ffbacc38000 	C:\WINDOWS\System32\GDI32.dll
0x00007ffba9eb0000 - 0x00007ffbaa043000 	C:\WINDOWS\System32\gdi32full.dll
0x00007ffbaa170000 - 0x00007ffbaa20b000 	C:\WINDOWS\System32\msvcp_win.dll
0x00007ffbaa050000 - 0x00007ffbaa146000 	C:\WINDOWS\System32\ucrtbase.dll
0x00007ffb9de30000 - 0x00007ffb9e099000 	C:\WINDOWS\WinSxS\amd64_microsoft.windows.common-controls_6595b64144ccf1df_6.0.16299.431_none_15c7d3ee93659e73\COMCTL32.dll
0x00007ffbaac20000 - 0x00007ffbaaf28000 	C:\WINDOWS\System32\combase.dll
0x00007ffba4f30000 - 0x00007ffba4f3a000 	C:\WINDOWS\SYSTEM32\VERSION.dll
0x00007ffba9ac0000 - 0x00007ffba9b32000 	C:\WINDOWS\System32\bcryptPrimitives.dll
0x00007ffbaaf90000 - 0x00007ffbaafbd000 	C:\WINDOWS\System32\IMM32.DLL
0x00007ffb8d890000 - 0x00007ffb8d97f000 	C:\Program Files\Java\jdk-9\bin\msvcr120.dll
0x00007ffb8e8f0000 - 0x00007ffb8e996000 	C:\Program Files\Java\jdk-9\bin\msvcp120.dll
0x00000000775d0000 - 0x0000000077ffa000 	C:\Program Files\Java\jdk-9\bin\server\jvm.dll
0x00007ffbab4a0000 - 0x00007ffbab4a8000 	C:\WINDOWS\System32\PSAPI.DLL
0x00007ffba7f10000 - 0x00007ffba7f19000 	C:\WINDOWS\SYSTEM32\WSOCK32.dll
0x00007ffb9e700000 - 0x00007ffb9e723000 	C:\WINDOWS\SYSTEM32\WINMM.dll
0x00007ffbab310000 - 0x00007ffbab37c000 	C:\WINDOWS\System32\WS2_32.dll
0x00007ffb9e3e0000 - 0x00007ffb9e40a000 	C:\WINDOWS\SYSTEM32\winmmbase.dll
0x00007ffba9e60000 - 0x00007ffba9eaa000 	C:\WINDOWS\System32\cfgmgr32.dll
0x00007ffba2ce0000 - 0x00007ffba2cef000 	C:\Program Files\Java\jdk-9\bin\verify.dll
0x00007ffb974e0000 - 0x00007ffb97507000 	C:\Program Files\Java\jdk-9\bin\java.dll
0x00007ffb970d0000 - 0x00007ffb970fa000 	C:\Program Files\Java\jdk-9\bin\instrument.dll
0x00007ffb9d200000 - 0x00007ffb9d216000 	C:\Program Files\Java\jdk-9\bin\zip.dll
0x00007ffba02a0000 - 0x00007ffba02aa000 	C:\Program Files\Java\jdk-9\bin\jimage.dll
0x00007ffbab7c0000 - 0x00007ffbacbf8000 	C:\WINDOWS\System32\SHELL32.dll
0x00007ffbab4b0000 - 0x00007ffbab556000 	C:\WINDOWS\System32\shcore.dll
0x00007ffba9370000 - 0x00007ffba9ab7000 	C:\WINDOWS\System32\windows.storage.dll
0x00007ffbab150000 - 0x00007ffbab1a1000 	C:\WINDOWS\System32\shlwapi.dll
0x00007ffba9280000 - 0x00007ffba9291000 	C:\WINDOWS\System32\kernel.appcore.dll
0x00007ffba92a0000 - 0x00007ffba92ec000 	C:\WINDOWS\System32\powrprof.dll
0x00007ffba9260000 - 0x00007ffba927b000 	C:\WINDOWS\System32\profapi.dll
0x00007ffb9d190000 - 0x00007ffb9d1aa000 	C:\Program Files\Java\jdk-9\bin\net.dll
0x00007ffba3790000 - 0x00007ffba386e000 	C:\WINDOWS\SYSTEM32\WINHTTP.dll
0x00007ffba8af0000 - 0x00007ffba8b56000 	C:\WINDOWS\system32\mswsock.dll
0x00007ffb9bb20000 - 0x00007ffb9bb31000 	C:\Program Files\Java\jdk-9\bin\nio.dll
0x00007ffb95090000 - 0x00007ffb950a6000 	C:\WINDOWS\system32\napinsp.dll
0x00007ffb950b0000 - 0x00007ffb950ca000 	C:\WINDOWS\system32\pnrpnsp.dll
0x00007ffba4930000 - 0x00007ffba4948000 	C:\WINDOWS\system32\NLAapi.dll
0x00007ffba88c0000 - 0x00007ffba8976000 	C:\WINDOWS\SYSTEM32\DNSAPI.dll
0x00007ffbacc00000 - 0x00007ffbacc08000 	C:\WINDOWS\System32\NSI.dll
0x00007ffba8880000 - 0x00007ffba88b9000 	C:\WINDOWS\SYSTEM32\IPHLPAPI.DLL
0x00007ffb975c0000 - 0x00007ffb975ce000 	C:\WINDOWS\System32\winrnr.dll
0x0000000052570000 - 0x0000000052596000 	C:\Program Files\Bonjour\mdnsNSP.dll
0x00007ffba2700000 - 0x00007ffba270a000 	C:\Windows\System32\rasadhlp.dll
0x00007ffba1e90000 - 0x00007ffba1f00000 	C:\WINDOWS\System32\fwpuclnt.dll
0x00007ffba8dc0000 - 0x00007ffba8de5000 	C:\WINDOWS\SYSTEM32\bcrypt.dll
0x00007ffb9bc90000 - 0x00007ffb9bc99000 	C:\Program Files\Java\jdk-9\bin\management.dll
0x00007ffb9bb60000 - 0x00007ffb9bb6a000 	C:\Program Files\Java\jdk-9\bin\management_ext.dll
0x00007ffba8cb0000 - 0x00007ffba8cc7000 	C:\WINDOWS\SYSTEM32\CRYPTSP.dll
0x00007ffba86f0000 - 0x00007ffba8723000 	C:\WINDOWS\system32\rsaenh.dll
0x00007ffba9160000 - 0x00007ffba9189000 	C:\WINDOWS\SYSTEM32\USERENV.dll
0x00007ffba8cd0000 - 0x00007ffba8cdb000 	C:\WINDOWS\SYSTEM32\CRYPTBASE.dll
0x00007ffba2a10000 - 0x00007ffba2a26000 	C:\WINDOWS\SYSTEM32\dhcpcsvc6.DLL
0x00007ffba2ac0000 - 0x00007ffba2ada000 	C:\WINDOWS\SYSTEM32\dhcpcsvc.DLL
0x00007ffba7d10000 - 0x00007ffba7ed8000 	C:\WINDOWS\SYSTEM32\dbghelp.dll

VM Arguments:
jvm_args: -javaagent:C:\\Users\\NPStudent\\.m2\\repository\\org\\jacoco\\org.jacoco.agent\\0.8.1\\org.jacoco.agent-0.8.1-runtime.jar=destfile=C:\\Users\\NPStudent\\Documents\\NetBeansProjects\\Karus-Commons\\commons\\target\\jacoco.exec 
java_command: C:\Users\NPSTUD~1\AppData\Local\Temp\surefire17458575501062487302\surefirebooter15669271434038755901.jar C:\Users\NPStudent\AppData\Local\Temp\surefire17458575501062487302 2018-05-13T11-44-44_974-jvmRun1 surefire15571543853308791270tmp surefire_04049468662720747850tmp
java_class_path (initial): C:\Users\NPSTUD~1\AppData\Local\Temp\surefire17458575501062487302\surefirebooter15669271434038755901.jar
Launcher Type: SUN_STANDARD

Logging:
Log output configuration:
#0: stdout all=warning uptime,level,tags
#1: stderr all=off uptime,level,tags

Environment Variables:
JAVA_HOME=C:\Program Files\Java\jdk-9
PATH=C:\Program Files (x86)\Common Files\Oracle\Java\javapath;C:\ProgramData\Oracle\Java\javapath;C:\Program Files (x86)\Intel\iCLS Client\;C:\Program Files\Intel\iCLS Client\;C:\Windows\system32;C:\Windows;C:\Windows\System32\Wbem;C:\Windows\System32\WindowsPowerShell\v1.0\;C:\Program Files (x86)\Intel\Intel(R) Management Engine Components\DAL;C:\Program Files\Intel\Intel(R) Management Engine Components\DAL;C:\Program Files (x86)\Intel\Intel(R) Management Engine Components\IPT;C:\Program Files\Intel\Intel(R) Management Engine Components\IPT;C:\WINDOWS\system32;C:\WINDOWS;C:\WINDOWS\System32\Wbem;C:\WINDOWS\System32\WindowsPowerShell\v1.0\;C:\Program Files\Microsoft\Web Platform Installer\;C:\Program Files\Microsoft DNX\Dnvm\;C:\Program Files\Microsoft SQL Server\130\Tools\Binn\;C:\Program Files (x86)\NVIDIA Corporation\PhysX\Common;C:\Program Files (x86)\PuTTY\;C:\Program Files\dotnet\;C:\WINDOWS\system32;C:\WINDOWS;C:\WINDOWS\System32\Wbem;C:\WINDOWS\System32\WindowsPowerShell\v1.0\;C:\Program Files (x86)\GtkSharp\2.12\bin;C:\Users\NPStudent\mingw64\bin;C:\Program Files\nodejs\;C:\Users\NPStudent\AppData\Local\Microsoft\WindowsApps;C:\Users\NPStudent\MSYS2\mingw64\bin;C:\Users\NPStudent\MSYS2\usr\bin;C:\Users\NPStudent\MSYS2\usr\bin;C:\Users\NPStudent\AppData\Roaming\npm
USERNAME=NPStudent
OS=Windows_NT
PROCESSOR_IDENTIFIER=Intel64 Family 6 Model 94 Stepping 3, GenuineIntel



---------------  S Y S T E M  ---------------

OS: Windows 10 , 64 bit Build 16299 (10.0.16299.431)

CPU:total 8 (initial active 8) (4 cores per cpu, 2 threads per core) family 6 model 94 stepping 3, cmov, cx8, fxsr, mmx, sse, sse2, sse3, ssse3, sse4.1, sse4.2, popcnt, avx, avx2, aes, clmul, erms, rtm, 3dnowpref, lzcnt, ht, tsc, tscinvbit, bmi1, bmi2, adx, fma

Memory: 4k page, physical 12476168k(5923876k free), swap 14376712k(6593588k free)

vm_info: Java HotSpot(TM) 64-Bit Server VM (9+181) for windows-amd64 JRE (9+181), built on Aug  2 2017 21:30:51 by "javare" with MS VC++ 12.0 (VS2013)

END.
