#
# A fatal error has been detected by the Java Runtime Environment:
#
#  EXCEPTION_ACCESS_VIOLATION (0xc0000005) at pc=0x0000000062a61447, pid=984, tid=10912
#
# JRE version: Java(TM) SE Runtime Environment (9.0+181) (build 9+181)
# Java VM: Java HotSpot(TM) 64-Bit Server VM (9+181, mixed mode, tiered, compressed oops, g1 gc, windows-amd64)
# Problematic frame:
# V  [jvm.dll+0x341447]
#
# No core dump will be written. Minidumps are not enabled by default on client versions of Windows
#
# If you would like to submit a bug report, please visit:
#   http://bugreport.java.com/bugreport/crash.jsp
#

---------------  S U M M A R Y ------------

Command Line: -javaagent:C:\\Users\\NPStudent\\.m2\\repository\\org\\jacoco\\org.jacoco.agent\\0.8.1\\org.jacoco.agent-0.8.1-runtime.jar=destfile=C:\\Users\\NPStudent\\Documents\\NetBeansProjects\\Karus-Commons\\commons\\target\\jacoco.exec C:\Users\NPSTUD~1\AppData\Local\Temp\surefire13654697135144498440\surefirebooter7045307729357434597.jar C:\Users\NPStudent\AppData\Local\Temp\surefire13654697135144498440 2018-05-12T17-46-14_100-jvmRun1 surefire2343879387840739136tmp surefire_011471230284690616960tmp

Host: Intel(R) Core(TM) i7-6700HQ CPU @ 2.60GHz, 8 cores, 11G,  Windows 10 , 64 bit Build 16299 (10.0.16299.15)
Time: Sat May 12 17:46:24 2018 Malay Peninsula Standard Time elapsed time: 9 seconds (0d 0h 0m 9s)

---------------  T H R E A D  ---------------

Current thread (0x000002020e826800):  JavaThread "main" [_thread_in_vm, id=10912, stack(0x0000004c1c000000,0x0000004c1c100000)]

Stack: [0x0000004c1c000000,0x0000004c1c100000],  sp=0x0000004c1c0fc098,  free space=1008k
Native frames: (J=compiled Java code, j=interpreted, Vv=VM code, C=native code)
V  [jvm.dll+0x341447]

Java frames: (J=compiled Java code, j=interpreted, Vv=VM code)
j  java.lang.invoke.MethodHandleNatives.init(Ljava/lang/invoke/MemberName;Ljava/lang/Object;)V+0 java.base@9
j  java.lang.invoke.MemberName.<init>(Ljava/lang/reflect/Method;Z)V+11 java.base@9
j  java.lang.invoke.MemberName.<init>(Ljava/lang/reflect/Method;)V+3 java.base@9
j  java.lang.invoke.MethodHandles$Lookup.unreflect(Ljava/lang/reflect/Method;)Ljava/lang/invoke/MethodHandle;+47 java.base@9
j  com.karuslabs.commons.command.annotation.resolvers.CommandResolver.generate(Lcom/karuslabs/commons/command/CommandExecutors;Ljava/lang/reflect/Method;)Lcom/karuslabs/commons/command/CommandExecutor;+128
v  ~StubRoutines::call_stub
J 5393  jdk.internal.reflect.NativeMethodAccessorImpl.invoke0(Ljava/lang/reflect/Method;Ljava/lang/Object;[Ljava/lang/Object;)Ljava/lang/Object; java.base@9 (0 bytes) @ 0x00000202225d7ddf [0x00000202225d7d60+0x000000000000007f]
j  jdk.internal.reflect.NativeMethodAccessorImpl.invoke(Ljava/lang/Object;[Ljava/lang/Object;)Ljava/lang/Object;+100 java.base@9
J 3892 c1 jdk.internal.reflect.DelegatingMethodAccessorImpl.invoke(Ljava/lang/Object;[Ljava/lang/Object;)Ljava/lang/Object; java.base@9 (10 bytes) @ 0x00000202225a3904 [0x00000202225a38c0+0x0000000000000044]
j  java.lang.reflect.Method.invoke(Ljava/lang/Object;[Ljava/lang/Object;)Ljava/lang/Object;+189 java.base@9
j  org.mockito.internal.creation.bytebuddy.MockMethodAdvice.tryInvoke(Ljava/lang/reflect/Method;Ljava/lang/Object;[Ljava/lang/Object;)Ljava/lang/Object;+7
j  org.mockito.internal.creation.bytebuddy.MockMethodAdvice.access$400(Ljava/lang/reflect/Method;Ljava/lang/Object;[Ljava/lang/Object;)Ljava/lang/Object;+7
j  org.mockito.internal.creation.bytebuddy.MockMethodAdvice$RealMethodCall.invoke()Ljava/lang/Object;+85
j  org.mockito.internal.invocation.InterceptedInvocation.callRealMethod()Ljava/lang/Object;+34
j  org.mockito.internal.stubbing.answers.CallsRealMethods.answer(Lorg/mockito/invocation/InvocationOnMock;)Ljava/lang/Object;+36
j  org.mockito.Answers.answer(Lorg/mockito/invocation/InvocationOnMock;)Ljava/lang/Object;+9
j  org.mockito.internal.handler.MockHandlerImpl.handle(Lorg/mockito/invocation/Invocation;)Ljava/lang/Object;+344
j  org.mockito.internal.handler.NullResultGuardian.handle(Lorg/mockito/invocation/Invocation;)Ljava/lang/Object;+9
j  org.mockito.internal.handler.InvocationNotifierHandler.handle(Lorg/mockito/invocation/Invocation;)Ljava/lang/Object;+9
J 9349 c1 org.mockito.internal.creation.bytebuddy.MockMethodInterceptor.doIntercept(Ljava/lang/Object;Ljava/lang/reflect/Method;[Ljava/lang/Object;Lorg/mockito/internal/invocation/RealMethod;Lorg/mockito/invocation/Location;)Ljava/lang/Object; (34 bytes) @ 0x000002021bfa9dc4 [0x000002021bfa9ce0+0x00000000000000e4]
j  org.mockito.internal.creation.bytebuddy.MockMethodAdvice.handle(Ljava/lang/Object;Ljava/lang/reflect/Method;[Ljava/lang/Object;)Ljava/util/concurrent/Callable;+147
j  com.karuslabs.commons.command.annotation.resolvers.CommandResolver.generate(Lcom/karuslabs/commons/command/CommandExecutors;Ljava/lang/reflect/Method;)Lcom/karuslabs/commons/command/CommandExecutor;+92
j  com.karuslabs.commons.command.annotation.resolvers.CommandResolverTest.lambda$generate_ThrowsException$1(Lcom/karuslabs/commons/command/annotation/resolvers/CommandResolverTest$C;Ljava/lang/reflect/Method;)V+10
j  com.karuslabs.commons.command.annotation.resolvers.CommandResolverTest$$Lambda$339.execute()V+12
j  org.junit.jupiter.api.AssertThrows.assertThrows(Ljava/lang/Class;Lorg/junit/jupiter/api/function/Executable;Ljava/lang/Object;)Ljava/lang/Throwable;+5
j  org.junit.jupiter.api.AssertThrows.assertThrows(Ljava/lang/Class;Lorg/junit/jupiter/api/function/Executable;)Ljava/lang/Throwable;+7
j  org.junit.jupiter.api.Assertions.assertThrows(Ljava/lang/Class;Lorg/junit/jupiter/api/function/Executable;)Ljava/lang/Throwable;+6
j  com.karuslabs.commons.command.annotation.resolvers.CommandResolverTest.generate_ThrowsException()V+62
v  ~StubRoutines::call_stub
J 5393  jdk.internal.reflect.NativeMethodAccessorImpl.invoke0(Ljava/lang/reflect/Method;Ljava/lang/Object;[Ljava/lang/Object;)Ljava/lang/Object; java.base@9 (0 bytes) @ 0x00000202225d7ddf [0x00000202225d7d60+0x000000000000007f]
J 7927 c1 jdk.internal.reflect.NativeMethodAccessorImpl.invoke(Ljava/lang/Object;[Ljava/lang/Object;)Ljava/lang/Object; java.base@9 (104 bytes) @ 0x000002021bd0ebb4 [0x000002021bd0e7c0+0x00000000000003f4]
J 3892 c1 jdk.internal.reflect.DelegatingMethodAccessorImpl.invoke(Ljava/lang/Object;[Ljava/lang/Object;)Ljava/lang/Object; java.base@9 (10 bytes) @ 0x00000202225a3904 [0x00000202225a38c0+0x0000000000000044]
J 6634 c1 java.lang.reflect.Method.invoke(Ljava/lang/Object;[Ljava/lang/Object;)Ljava/lang/Object; java.base@9 (65 bytes) @ 0x000002021bab5704 [0x000002021bab55e0+0x0000000000000124]
j  org.junit.platform.commons.util.ReflectionUtils.invokeMethod(Ljava/lang/reflect/Method;Ljava/lang/Object;[Ljava/lang/Object;)Ljava/lang/Object;+78
j  org.junit.jupiter.engine.execution.ExecutableInvoker.invoke(Ljava/lang/reflect/Method;Ljava/lang/Object;Lorg/junit/jupiter/api/extension/ExtensionContext;Lorg/junit/jupiter/engine/extension/ExtensionRegistry;)Ljava/lang/Object;+61
j  org.junit.jupiter.engine.descriptor.TestMethodTestDescriptor.lambda$invokeTestMethod$6(Lorg/junit/jupiter/api/extension/ExtensionContext;Lorg/junit/jupiter/engine/execution/JupiterEngineExecutionContext;)V+40
j  org.junit.jupiter.engine.descriptor.TestMethodTestDescriptor$$Lambda$264.execute()V+12
j  org.junit.jupiter.engine.execution.ThrowableCollector.execute(Lorg/junit/jupiter/api/function/Executable;)V+5
j  org.junit.jupiter.engine.descriptor.TestMethodTestDescriptor.invokeTestMethod(Lorg/junit/jupiter/engine/execution/JupiterEngineExecutionContext;Lorg/junit/platform/engine/support/hierarchical/Node$DynamicTestExecutor;)V+37
j  org.junit.jupiter.engine.descriptor.TestMethodTestDescriptor.execute(Lorg/junit/jupiter/engine/execution/JupiterEngineExecutionContext;Lorg/junit/platform/engine/support/hierarchical/Node$DynamicTestExecutor;)Lorg/junit/jupiter/engine/execution/JupiterEngineExecutionContext;+111
j  org.junit.jupiter.engine.descriptor.TestMethodTestDescriptor.execute(Lorg/junit/platform/engine/support/hierarchical/EngineExecutionContext;Lorg/junit/platform/engine/support/hierarchical/Node$DynamicTestExecutor;)Lorg/junit/platform/engine/support/hierarchical/EngineExecutionContext;+10
j  org.junit.platform.engine.support.hierarchical.HierarchicalTestExecutor$NodeExecutor.lambda$executeRecursively$3(Lorg/junit/platform/engine/support/hierarchical/ExecutionTracker;)V+49
j  org.junit.platform.engine.support.hierarchical.HierarchicalTestExecutor$NodeExecutor$$Lambda$165.execute()V+8
j  org.junit.platform.engine.support.hierarchical.SingleTestExecutor.executeSafely(Lorg/junit/platform/engine/support/hierarchical/SingleTestExecutor$Executable;)Lorg/junit/platform/engine/TestExecutionResult;+5
j  org.junit.platform.engine.support.hierarchical.HierarchicalTestExecutor$NodeExecutor.executeRecursively(Lorg/junit/platform/engine/support/hierarchical/ExecutionTracker;)V+36
j  org.junit.platform.engine.support.hierarchical.HierarchicalTestExecutor$NodeExecutor.execute(Lorg/junit/platform/engine/support/hierarchical/EngineExecutionContext;Lorg/junit/platform/engine/support/hierarchical/ExecutionTracker;)V+103
j  org.junit.platform.engine.support.hierarchical.HierarchicalTestExecutor$NodeExecutor.lambda$executeRecursively$2(Lorg/junit/platform/engine/support/hierarchical/ExecutionTracker;Lorg/junit/platform/engine/TestDescriptor;)V+21
j  org.junit.platform.engine.support.hierarchical.HierarchicalTestExecutor$NodeExecutor$$Lambda$168.accept(Ljava/lang/Object;)V+12
J 7491 c1 java.util.stream.ForEachOps$ForEachOp$OfRef.accept(Ljava/lang/Object;)V java.base@9 (11 bytes) @ 0x00000202226a7184 [0x00000202226a7140+0x0000000000000044]
J 7999 c2 java.util.stream.ReferencePipeline$2$1.accept(Ljava/lang/Object;)V java.base@9 (27 bytes) @ 0x00000202226ef624 [0x00000202226ef5a0+0x0000000000000084]
J 6814 c1 java.util.Iterator.forEachRemaining(Ljava/util/function/Consumer;)V java.base@9 (30 bytes) @ 0x000002021bab7c14 [0x000002021bab7b80+0x0000000000000094]
J 8004 c1 java.util.Spliterators$IteratorSpliterator.forEachRemaining(Ljava/util/function/Consumer;)V java.base@9 (58 bytes) @ 0x000002021bd32c0c [0x000002021bd32b00+0x000000000000010c]
J 8148 c2 java.util.stream.AbstractPipeline.wrapAndCopyInto(Ljava/util/stream/Sink;Ljava/util/Spliterator;)Ljava/util/stream/Sink; java.base@9 (18 bytes) @ 0x000002022272c7c8 [0x000002022272bf60+0x0000000000000868]
J 8196 c1 java.util.stream.ForEachOps$ForEachOp$OfRef.evaluateSequential(Ljava/util/stream/PipelineHelper;Ljava/util/Spliterator;)Ljava/lang/Object; java.base@9 (7 bytes) @ 0x000002021bd6cf2c [0x000002021bd6cec0+0x000000000000006c]
J 6696 c1 java.util.stream.AbstractPipeline.evaluate(Ljava/util/stream/TerminalOp;)Ljava/lang/Object; java.base@9 (94 bytes) @ 0x000002021ba8dfb4 [0x000002021ba8dea0+0x0000000000000114]
J 8191 c1 java.util.stream.ReferencePipeline.forEach(Ljava/util/function/Consumer;)V java.base@9 (11 bytes) @ 0x000002021bd6c5bc [0x000002021bd6c4e0+0x00000000000000dc]
j  org.junit.platform.engine.support.hierarchical.HierarchicalTestExecutor$NodeExecutor.lambda$executeRecursively$3(Lorg/junit/platform/engine/support/hierarchical/ExecutionTracker;)V+104
j  org.junit.platform.engine.support.hierarchical.HierarchicalTestExecutor$NodeExecutor$$Lambda$165.execute()V+8
j  org.junit.platform.engine.support.hierarchical.SingleTestExecutor.executeSafely(Lorg/junit/platform/engine/support/hierarchical/SingleTestExecutor$Executable;)Lorg/junit/platform/engine/TestExecutionResult;+5
j  org.junit.platform.engine.support.hierarchical.HierarchicalTestExecutor$NodeExecutor.executeRecursively(Lorg/junit/platform/engine/support/hierarchical/ExecutionTracker;)V+36
j  org.junit.platform.engine.support.hierarchical.HierarchicalTestExecutor$NodeExecutor.execute(Lorg/junit/platform/engine/support/hierarchical/EngineExecutionContext;Lorg/junit/platform/engine/support/hierarchical/ExecutionTracker;)V+103
j  org.junit.platform.engine.support.hierarchical.HierarchicalTestExecutor$NodeExecutor.lambda$executeRecursively$2(Lorg/junit/platform/engine/support/hierarchical/ExecutionTracker;Lorg/junit/platform/engine/TestDescriptor;)V+21
j  org.junit.platform.engine.support.hierarchical.HierarchicalTestExecutor$NodeExecutor$$Lambda$168.accept(Ljava/lang/Object;)V+12
J 7491 c1 java.util.stream.ForEachOps$ForEachOp$OfRef.accept(Ljava/lang/Object;)V java.base@9 (11 bytes) @ 0x00000202226a7184 [0x00000202226a7140+0x0000000000000044]
J 7999 c2 java.util.stream.ReferencePipeline$2$1.accept(Ljava/lang/Object;)V java.base@9 (27 bytes) @ 0x00000202226ef624 [0x00000202226ef5a0+0x0000000000000084]
j  java.util.Iterator.forEachRemaining(Ljava/util/function/Consumer;)V+21 java.base@9
J 1961 c1 java.util.Spliterators$IteratorSpliterator.forEachRemaining(Ljava/util/function/Consumer;)V java.base@9 (58 bytes) @ 0x000002021b2cb2b4 [0x000002021b2caf80+0x0000000000000334]
J 2278 c2 java.util.stream.AbstractPipeline.wrapAndCopyInto(Ljava/util/stream/Sink;Ljava/util/Spliterator;)Ljava/util/stream/Sink; java.base@9 (18 bytes) @ 0x000002022248728c [0x0000020222487120+0x000000000000016c]
J 2285 c1 java.util.stream.ForEachOps$ForEachOp$OfRef.evaluateSequential(Ljava/util/stream/PipelineHelper;Ljava/util/Spliterator;)Ljava/lang/Object; java.base@9 (7 bytes) @ 0x000002021b36242c [0x000002021b3623c0+0x000000000000006c]
J 2283 c2 java.util.stream.AbstractPipeline.evaluate(Ljava/util/stream/TerminalOp;)Ljava/lang/Object; java.base@9 (94 bytes) @ 0x0000020222485518 [0x0000020222485420+0x00000000000000f8]
J 2254 c1 java.util.stream.ReferencePipeline.forEach(Ljava/util/function/Consumer;)V java.base@9 (11 bytes) @ 0x000002021b35ec3c [0x000002021b35eb60+0x00000000000000dc]
j  org.junit.platform.engine.support.hierarchical.HierarchicalTestExecutor$NodeExecutor.lambda$executeRecursively$3(Lorg/junit/platform/engine/support/hierarchical/ExecutionTracker;)V+104
j  org.junit.platform.engine.support.hierarchical.HierarchicalTestExecutor$NodeExecutor$$Lambda$165.execute()V+8
j  org.junit.platform.engine.support.hierarchical.SingleTestExecutor.executeSafely(Lorg/junit/platform/engine/support/hierarchical/SingleTestExecutor$Executable;)Lorg/junit/platform/engine/TestExecutionResult;+5
j  org.junit.platform.engine.support.hierarchical.HierarchicalTestExecutor$NodeExecutor.executeRecursively(Lorg/junit/platform/engine/support/hierarchical/ExecutionTracker;)V+36
j  org.junit.platform.engine.support.hierarchical.HierarchicalTestExecutor$NodeExecutor.execute(Lorg/junit/platform/engine/support/hierarchical/EngineExecutionContext;Lorg/junit/platform/engine/support/hierarchical/ExecutionTracker;)V+103
j  org.junit.platform.engine.support.hierarchical.HierarchicalTestExecutor.execute()V+27
j  org.junit.platform.engine.support.hierarchical.HierarchicalTestEngine.execute(Lorg/junit/platform/engine/ExecutionRequest;)V+17
j  org.junit.platform.launcher.core.DefaultLauncher.execute(Lorg/junit/platform/engine/TestEngine;Lorg/junit/platform/engine/ExecutionRequest;)V+6
j  org.junit.platform.launcher.core.DefaultLauncher.execute(Lorg/junit/platform/launcher/core/Root;Lorg/junit/platform/engine/ConfigurationParameters;[Lorg/junit/platform/launcher/TestExecutionListener;)V+154
j  org.junit.platform.launcher.core.DefaultLauncher.execute(Lorg/junit/platform/launcher/LauncherDiscoveryRequest;[Lorg/junit/platform/launcher/TestExecutionListener;)V+55
j  org.junit.platform.surefire.provider.JUnitPlatformProvider.invokeAllTests(Lorg/apache/maven/surefire/util/TestsToRun;)Lorg/apache/maven/surefire/suite/RunResult;+81
j  org.junit.platform.surefire.provider.JUnitPlatformProvider.invoke(Ljava/lang/Object;)Lorg/apache/maven/surefire/suite/RunResult;+73
j  org.apache.maven.surefire.booter.ForkedBooter.invokeProviderInSameClassLoader(Lorg/apache/maven/surefire/booter/ForkingReporterFactory;)Lorg/apache/maven/surefire/suite/RunResult;+18
j  org.apache.maven.surefire.booter.ForkedBooter.runSuitesInProcess()Lorg/apache/maven/surefire/suite/RunResult;+16
j  org.apache.maven.surefire.booter.ForkedBooter.execute()V+5
j  org.apache.maven.surefire.booter.ForkedBooter.main([Ljava/lang/String;)V+59
v  ~StubRoutines::call_stub

siginfo: EXCEPTION_ACCESS_VIOLATION (0xc0000005), reading address 0x0000000000000050


Register to memory mapping:

RIP=0x0000000062a61447 jvm.dll
RAX=0x0000000000000050 is an unknown value
RBX=0x0000000000000000 is an unknown value
RCX=0x0000000000000000 is an unknown value
RDX=0x0000000000000000 is an unknown value
RSP=0x0000004c1c0fc098 is pointing into the stack for thread: 0x000002020e826800
RBP=0x0000004c1c0fc1f8 is pointing into the stack for thread: 0x000002020e826800
RSI=0x000002020e826800 is a thread
RDI=0x0000000000000000 is an unknown value
R8 =0x0000004c1c0fc220 is pointing into the stack for thread: 0x000002020e826800
R9 =0x0000004c1c0fc218 is pointing into the stack for thread: 0x000002020e826800
R10=0x000002021a8f91f0 is at code_begin+976 in an Interpreter codelet
method entry point (kind = native)  [0x000002021a8f8e20, 0x000002021a8f9980]  2912 bytes
R11=0x0000000701b60a60 is an oop
java.lang.Class 
{0x0000000701b60a60} - klass: 'java/lang/Class'
R12=0x0000000000000000 is an unknown value
R13={method} {0x000002023476f808} 'init' '(Ljava/lang/invoke/MemberName;Ljava/lang/Object;)V' in 'java/lang/invoke/MethodHandleNatives'
R14=0x0000004c1c0fc218 is pointing into the stack for thread: 0x000002020e826800
R15=0x000002020e826800 is a thread


Registers:
RAX=0x0000000000000050, RBX=0x0000000000000000, RCX=0x0000000000000000, RDX=0x0000000000000000
RSP=0x0000004c1c0fc098, RBP=0x0000004c1c0fc1f8, RSI=0x000002020e826800, RDI=0x0000000000000000
R8 =0x0000004c1c0fc220, R9 =0x0000004c1c0fc218, R10=0x000002021a8f91f0, R11=0x0000000701b60a60
R12=0x0000000000000000, R13=0x000002023476f800, R14=0x0000004c1c0fc218, R15=0x000002020e826800
RIP=0x0000000062a61447, EFLAGS=0x0000000000010246

Top of Stack: (sp=0x0000004c1c0fc098)
0x0000004c1c0fc098:   0000000062c71cbb 0000004c1c0fc100
0x0000004c1c0fc0a8:   00000202382714b8 0000000000000000
0x0000004c1c0fc0b8:   00000007066b72e0 000002023aab7640
0x0000004c1c0fc0c8:   0000000000000000 0000004c1c0fc110
0x0000004c1c0fc0d8:   0000004c1c0fc250 0000000708b0ab38
0x0000004c1c0fc0e8:   0000000000000000 0000004c1c0fc160
0x0000004c1c0fc0f8:   000002021a8eb603 0000004c1c0fc160
0x0000004c1c0fc108:   0000000000000000 000000070f2c2e90
0x0000004c1c0fc118:   0000004c1c0fc118 000002023aeb33cd
0x0000004c1c0fc128:   0000004c1c0fc180 000002020e820b60
0x0000004c1c0fc138:   0000000062c6ef55 000002020e820b60
0x0000004c1c0fc148:   000002020e820b68 000002020e826800
0x0000004c1c0fc158:   0000004c1c0fc178 0000004c1c0fc1d0
0x0000004c1c0fc168:   000002021a8eb603 0000004c1c0fc220
0x0000004c1c0fc178:   000002021a8f921c 000002023476f800
0x0000004c1c0fc188:   0000000020200030 00000000000020e8 

Instructions: (pc=0x0000000062a61447)
0x0000000062a61427:   83 c4 70 5f c3 e8 af d1 e6 ff 48 8b 9c 24 88 00
0x0000000062a61437:   00 00 48 83 c4 70 5f c3 cc 48 63 05 b5 bd 61 00
0x0000000062a61447:   48 8b 04 08 c3 cc cc cc cc 48 83 ec 28 48 63 05
0x0000000062a61457:   a1 bd 61 00 48 8b 14 08 48 85 d2 75 30 48 63 05 



---------------  P R O C E S S  ---------------

Java Threads: ( => current thread )
  0x0000020235801800 JavaThread "surefire-forkedjvm-ping-30s" daemon [_thread_blocked, id=5616, stack(0x0000004c1e300000,0x0000004c1e400000)]
  0x00000202357e7000 JavaThread "surefire-forkedjvm-command-thread" daemon [_thread_in_native, id=15744, stack(0x0000004c1e200000,0x0000004c1e300000)]
  0x0000020235565800 JavaThread "Service Thread" daemon [_thread_blocked, id=14440, stack(0x0000004c1e000000,0x0000004c1e100000)]
  0x00000202346ed800 JavaThread "Common-Cleaner" daemon [_thread_blocked, id=7628, stack(0x0000004c1df00000,0x0000004c1e000000)]
  0x00000202346e3800 JavaThread "Sweeper thread" daemon [_thread_blocked, id=15696, stack(0x0000004c1de00000,0x0000004c1df00000)]
  0x00000202346e0000 JavaThread "C1 CompilerThread3" daemon [_thread_blocked, id=10540, stack(0x0000004c1dd00000,0x0000004c1de00000)]
  0x00000202346df800 JavaThread "C2 CompilerThread2" daemon [_thread_in_native, id=2116, stack(0x0000004c1dc00000,0x0000004c1dd00000)]
  0x00000202346dc800 JavaThread "C2 CompilerThread1" daemon [_thread_in_native, id=4204, stack(0x0000004c1db00000,0x0000004c1dc00000)]
  0x00000202346dc000 JavaThread "C2 CompilerThread0" daemon [_thread_in_native, id=8676, stack(0x0000004c1da00000,0x0000004c1db00000)]
  0x00000202346d7000 JavaThread "Attach Listener" daemon [_thread_blocked, id=8016, stack(0x0000004c1d900000,0x0000004c1da00000)]
  0x00000202346d6800 JavaThread "Signal Dispatcher" daemon [_thread_blocked, id=10876, stack(0x0000004c1d800000,0x0000004c1d900000)]
  0x000002023468a800 JavaThread "Finalizer" daemon [_thread_blocked, id=12932, stack(0x0000004c1d700000,0x0000004c1d800000)]
  0x000002023467b000 JavaThread "Reference Handler" daemon [_thread_blocked, id=1688, stack(0x0000004c1d600000,0x0000004c1d700000)]
=>0x000002020e826800 JavaThread "main" [_thread_in_vm, id=10912, stack(0x0000004c1c000000,0x0000004c1c100000)]

Other Threads:
  0x0000020234677000 VMThread "VM Thread" [stack: 0x0000004c1d500000,0x0000004c1d600000] [id=6796]
  0x0000020235577000 WatcherThread [stack: 0x0000004c1e100000,0x0000004c1e200000] [id=13936]
  0x000002020e83e800 GCTaskThread "GC Thread#0" [stack: 0x0000004c1c100000,0x0000004c1c200000] [id=14564]
  0x000002020e840000 GCTaskThread "GC Thread#1" [stack: 0x0000004c1c200000,0x0000004c1c300000] [id=16164]
  0x000002020e842800 GCTaskThread "GC Thread#2" [stack: 0x0000004c1c300000,0x0000004c1c400000] [id=8428]
  0x000002020e843800 GCTaskThread "GC Thread#3" [stack: 0x0000004c1c400000,0x0000004c1c500000] [id=15332]
  0x000002020e848000 GCTaskThread "GC Thread#4" [stack: 0x0000004c1c500000,0x0000004c1c600000] [id=6684]
  0x000002020e851000 GCTaskThread "GC Thread#5" [stack: 0x0000004c1c600000,0x0000004c1c700000] [id=16000]
  0x000002020e84c800 GCTaskThread "GC Thread#6" [stack: 0x0000004c1c700000,0x0000004c1c800000] [id=6028]
  0x000002020e851800 GCTaskThread "GC Thread#7" [stack: 0x0000004c1c800000,0x0000004c1c900000] [id=14712]
  0x000002020e8c0000 ConcurrentGCThread "G1 Main Marker" [stack: 0x0000004c1d200000,0x0000004c1d300000] [id=12900]
  0x000002020e84d000 ConcurrentGCThread "G1 Marker#0" [stack: 0x0000004c1d300000,0x0000004c1d400000] [id=3612]
  0x000002020e84a800 ConcurrentGCThread "G1 Marker#1" [stack: 0x0000004c1d400000,0x0000004c1d500000] [id=13396]
  0x000002020e867800 ConcurrentGCThread "G1 Refine#0" [stack: 0x0000004c1d000000,0x0000004c1d100000] [id=12752]
  0x000002020e864000 ConcurrentGCThread "G1 Refine#1" [stack: 0x0000004c1cf00000,0x0000004c1d000000] [id=15896]
  0x000002020e866000 ConcurrentGCThread "G1 Refine#2" [stack: 0x0000004c1ce00000,0x0000004c1cf00000] [id=11584]
  0x000002020e86a800 ConcurrentGCThread "G1 Refine#3" [stack: 0x0000004c1cd00000,0x0000004c1ce00000] [id=15892]
  0x000002020e866800 ConcurrentGCThread "G1 Refine#4" [stack: 0x0000004c1cc00000,0x0000004c1cd00000] [id=9432]
  0x000002020e86a000 ConcurrentGCThread "G1 Refine#5" [stack: 0x0000004c1cb00000,0x0000004c1cc00000] [id=13616]
  0x000002020e864800 ConcurrentGCThread "G1 Refine#6" [stack: 0x0000004c1ca00000,0x0000004c1cb00000] [id=15932]
  0x000002020e861800 ConcurrentGCThread "G1 Refine#7" [stack: 0x0000004c1c900000,0x0000004c1ca00000] [id=11832]
  0x000002020e884000 ConcurrentGCThread "G1 Young RemSet Sampling" [stack: 0x0000004c1d100000,0x0000004c1d200000] [id=4752]

Threads with active compile tasks:
C2 CompilerThread28878       4       org.jacoco.agent.rt.internal_c13123e.core.internal.instr.DuplicateFrameEliminator::visitMethodInsn (20 bytes)
C2 CompilerThread18843 %     4       org.jacoco.agent.rt.internal_c13123e.asm.ClassReader::readCode @ 1446 (3575 bytes)
C2 CompilerThread09227       4       net.bytebuddy.description.type.TypeDescription$Generic$OfNonGenericType::represents (20 bytes)

VM state:not at safepoint (normal execution)

VM Mutex/Monitor currently owned by a thread: None

Heap address: 0x0000000701a00000, size: 3046 MB, Compressed Oops mode: Zero based, Oop shift amount: 3
Narrow klass base: 0x0000000000000000, Narrow klass shift: 3
Compressed class space size: 1073741824 Address: 0x00000007c0000000

Heap:
 garbage-first heap   total 236544K, used 136531K [0x0000000701a00000, 0x0000000701b00738, 0x00000007c0000000)
  region size 1024K, 125 young (128000K), 7 survivors (7168K)
 Metaspace       used 27596K, capacity 29324K, committed 29568K, reserved 1075200K
  class space    used 3133K, capacity 3431K, committed 3456K, reserved 1048576K
Heap Regions: E=young(eden), S=young(survivor), O=old, HS=humongous(starts), HC=humongous(continues), CS=collection set, F=free, A=archive, TS=gc time stamp, AC=allocation context, TAMS=top-at-mark-start (previous, next)
|   0|0x0000000701a00000, 0x0000000701b00000, 0x0000000701b00000|100%| O|  |TS  0|AC  0|TAMS 0x0000000701b00000, 0x0000000701b00000|
|   1|0x0000000701b00000, 0x0000000701c00000, 0x0000000701c00000|100%| O|  |TS  0|AC  0|TAMS 0x0000000701c00000, 0x0000000701c00000|
|   2|0x0000000701c00000, 0x0000000701d00000, 0x0000000701d00000|100%| O|  |TS  0|AC  0|TAMS 0x0000000701d00000, 0x0000000701d00000|
|   3|0x0000000701d00000, 0x0000000701d61c00, 0x0000000701e00000| 38%| O|  |TS  1|AC  0|TAMS 0x0000000701d61c00, 0x0000000701d61c00|
|   4|0x0000000701e00000, 0x0000000701f00000, 0x0000000701f00000|100%|HS|  |TS  0|AC  0|TAMS 0x0000000701e00000, 0x0000000701e00000|
|   5|0x0000000701f00000, 0x0000000702000000, 0x0000000702000000|100%|HC|  |TS  0|AC  0|TAMS 0x0000000701f00000, 0x0000000701f00000|
|   6|0x0000000702000000, 0x0000000702100000, 0x0000000702100000|100%|HC|  |TS  0|AC  0|TAMS 0x0000000702000000, 0x0000000702000000|
|   7|0x0000000702100000, 0x0000000702200000, 0x0000000702200000|100%|HS|  |TS  0|AC  0|TAMS 0x0000000702100000, 0x0000000702100000|
|   8|0x0000000702200000, 0x0000000702300000, 0x0000000702300000|100%|HC|  |TS  0|AC  0|TAMS 0x0000000702200000, 0x0000000702200000|
|   9|0x0000000702300000, 0x0000000702400000, 0x0000000702400000|100%|HC|  |TS  0|AC  0|TAMS 0x0000000702300000, 0x0000000702300000|
|  10|0x0000000702400000, 0x0000000702400000, 0x0000000702500000|  0%| F|  |TS  0|AC  0|TAMS 0x0000000702400000, 0x0000000702400000|
|  11|0x0000000702500000, 0x0000000702500000, 0x0000000702600000|  0%| F|  |TS  0|AC  0|TAMS 0x0000000702500000, 0x0000000702500000|
|  12|0x0000000702600000, 0x0000000702600000, 0x0000000702700000|  0%| F|  |TS  0|AC  0|TAMS 0x0000000702600000, 0x0000000702600000|
|  13|0x0000000702700000, 0x0000000702700000, 0x0000000702800000|  0%| F|  |TS  0|AC  0|TAMS 0x0000000702700000, 0x0000000702700000|
|  14|0x0000000702800000, 0x0000000702800000, 0x0000000702900000|  0%| F|  |TS  0|AC  0|TAMS 0x0000000702800000, 0x0000000702800000|
|  15|0x0000000702900000, 0x0000000702900000, 0x0000000702a00000|  0%| F|  |TS  0|AC  0|TAMS 0x0000000702900000, 0x0000000702900000|
|  16|0x0000000702a00000, 0x0000000702a00000, 0x0000000702b00000|  0%| F|  |TS  0|AC  0|TAMS 0x0000000702a00000, 0x0000000702a00000|
|  17|0x0000000702b00000, 0x0000000702b00000, 0x0000000702c00000|  0%| F|  |TS  0|AC  0|TAMS 0x0000000702b00000, 0x0000000702b00000|
|  18|0x0000000702c00000, 0x0000000702c00000, 0x0000000702d00000|  0%| F|  |TS  0|AC  0|TAMS 0x0000000702c00000, 0x0000000702c00000|
|  19|0x0000000702d00000, 0x0000000702d00000, 0x0000000702e00000|  0%| F|  |TS  0|AC  0|TAMS 0x0000000702d00000, 0x0000000702d00000|
|  20|0x0000000702e00000, 0x0000000702e00000, 0x0000000702f00000|  0%| F|  |TS  0|AC  0|TAMS 0x0000000702e00000, 0x0000000702e00000|
|  21|0x0000000702f00000, 0x0000000702f00000, 0x0000000703000000|  0%| F|  |TS  0|AC  0|TAMS 0x0000000702f00000, 0x0000000702f00000|
|  22|0x0000000703000000, 0x0000000703000000, 0x0000000703100000|  0%| F|  |TS  0|AC  0|TAMS 0x0000000703000000, 0x0000000703000000|
|  23|0x0000000703100000, 0x0000000703100000, 0x0000000703200000|  0%| F|  |TS  0|AC  0|TAMS 0x0000000703100000, 0x0000000703100000|
|  24|0x0000000703200000, 0x0000000703200000, 0x0000000703300000|  0%| F|  |TS  0|AC  0|TAMS 0x0000000703200000, 0x0000000703200000|
|  25|0x0000000703300000, 0x0000000703300000, 0x0000000703400000|  0%| F|  |TS  0|AC  0|TAMS 0x0000000703300000, 0x0000000703300000|
|  26|0x0000000703400000, 0x0000000703400000, 0x0000000703500000|  0%| F|  |TS  0|AC  0|TAMS 0x0000000703400000, 0x0000000703400000|
|  27|0x0000000703500000, 0x0000000703500000, 0x0000000703600000|  0%| F|  |TS  0|AC  0|TAMS 0x0000000703500000, 0x0000000703500000|
|  28|0x0000000703600000, 0x0000000703600000, 0x0000000703700000|  0%| F|  |TS  0|AC  0|TAMS 0x0000000703600000, 0x0000000703600000|
|  29|0x0000000703700000, 0x0000000703700000, 0x0000000703800000|  0%| F|  |TS  0|AC  0|TAMS 0x0000000703700000, 0x0000000703700000|
|  30|0x0000000703800000, 0x0000000703800000, 0x0000000703900000|  0%| F|  |TS  0|AC  0|TAMS 0x0000000703800000, 0x0000000703800000|
|  31|0x0000000703900000, 0x0000000703900000, 0x0000000703a00000|  0%| F|  |TS  0|AC  0|TAMS 0x0000000703900000, 0x0000000703900000|
|  32|0x0000000703a00000, 0x0000000703a00000, 0x0000000703b00000|  0%| F|  |TS  0|AC  0|TAMS 0x0000000703a00000, 0x0000000703a00000|
|  33|0x0000000703b00000, 0x0000000703b00000, 0x0000000703c00000|  0%| F|  |TS  0|AC  0|TAMS 0x0000000703b00000, 0x0000000703b00000|
|  34|0x0000000703c00000, 0x0000000703c00000, 0x0000000703d00000|  0%| F|  |TS  0|AC  0|TAMS 0x0000000703c00000, 0x0000000703c00000|
|  35|0x0000000703d00000, 0x0000000703d00000, 0x0000000703e00000|  0%| F|  |TS  0|AC  0|TAMS 0x0000000703d00000, 0x0000000703d00000|
|  36|0x0000000703e00000, 0x0000000703e00000, 0x0000000703f00000|  0%| F|  |TS  0|AC  0|TAMS 0x0000000703e00000, 0x0000000703e00000|
|  37|0x0000000703f00000, 0x0000000703f00000, 0x0000000704000000|  0%| F|  |TS  0|AC  0|TAMS 0x0000000703f00000, 0x0000000703f00000|
|  38|0x0000000704000000, 0x0000000704000000, 0x0000000704100000|  0%| F|  |TS  0|AC  0|TAMS 0x0000000704000000, 0x0000000704000000|
|  39|0x0000000704100000, 0x0000000704100000, 0x0000000704200000|  0%| F|  |TS  0|AC  0|TAMS 0x0000000704100000, 0x0000000704100000|
|  40|0x0000000704200000, 0x0000000704200000, 0x0000000704300000|  0%| F|  |TS  0|AC  0|TAMS 0x0000000704200000, 0x0000000704200000|
|  41|0x0000000704300000, 0x0000000704300000, 0x0000000704400000|  0%| F|  |TS  0|AC  0|TAMS 0x0000000704300000, 0x0000000704300000|
|  42|0x0000000704400000, 0x0000000704400000, 0x0000000704500000|  0%| F|  |TS  0|AC  0|TAMS 0x0000000704400000, 0x0000000704400000|
|  43|0x0000000704500000, 0x0000000704500000, 0x0000000704600000|  0%| F|  |TS  0|AC  0|TAMS 0x0000000704500000, 0x0000000704500000|
|  44|0x0000000704600000, 0x0000000704600000, 0x0000000704700000|  0%| F|  |TS  0|AC  0|TAMS 0x0000000704600000, 0x0000000704600000|
|  45|0x0000000704700000, 0x0000000704700000, 0x0000000704800000|  0%| F|  |TS  0|AC  0|TAMS 0x0000000704700000, 0x0000000704700000|
|  46|0x0000000704800000, 0x0000000704800000, 0x0000000704900000|  0%| F|  |TS  0|AC  0|TAMS 0x0000000704800000, 0x0000000704800000|
|  47|0x0000000704900000, 0x0000000704900000, 0x0000000704a00000|  0%| F|  |TS  0|AC  0|TAMS 0x0000000704900000, 0x0000000704900000|
|  48|0x0000000704a00000, 0x0000000704a00000, 0x0000000704b00000|  0%| F|  |TS  0|AC  0|TAMS 0x0000000704a00000, 0x0000000704a00000|
|  49|0x0000000704b00000, 0x0000000704b00000, 0x0000000704c00000|  0%| F|  |TS  0|AC  0|TAMS 0x0000000704b00000, 0x0000000704b00000|
|  50|0x0000000704c00000, 0x0000000704c00000, 0x0000000704d00000|  0%| F|  |TS  0|AC  0|TAMS 0x0000000704c00000, 0x0000000704c00000|
|  51|0x0000000704d00000, 0x0000000704d00000, 0x0000000704e00000|  0%| F|  |TS  0|AC  0|TAMS 0x0000000704d00000, 0x0000000704d00000|
|  52|0x0000000704e00000, 0x0000000704e00000, 0x0000000704f00000|  0%| F|  |TS  0|AC  0|TAMS 0x0000000704e00000, 0x0000000704e00000|
|  53|0x0000000704f00000, 0x0000000704f00000, 0x0000000705000000|  0%| F|  |TS  0|AC  0|TAMS 0x0000000704f00000, 0x0000000704f00000|
|  54|0x0000000705000000, 0x0000000705000000, 0x0000000705100000|  0%| F|  |TS  0|AC  0|TAMS 0x0000000705000000, 0x0000000705000000|
|  55|0x0000000705100000, 0x0000000705100000, 0x0000000705200000|  0%| F|  |TS  0|AC  0|TAMS 0x0000000705100000, 0x0000000705100000|
|  56|0x0000000705200000, 0x0000000705200000, 0x0000000705300000|  0%| F|  |TS  0|AC  0|TAMS 0x0000000705200000, 0x0000000705200000|
|  57|0x0000000705300000, 0x0000000705300000, 0x0000000705400000|  0%| F|  |TS  0|AC  0|TAMS 0x0000000705300000, 0x0000000705300000|
|  58|0x0000000705400000, 0x0000000705400000, 0x0000000705500000|  0%| F|  |TS  0|AC  0|TAMS 0x0000000705400000, 0x0000000705400000|
|  59|0x0000000705500000, 0x0000000705500000, 0x0000000705600000|  0%| F|  |TS  0|AC  0|TAMS 0x0000000705500000, 0x0000000705500000|
|  60|0x0000000705600000, 0x0000000705600000, 0x0000000705700000|  0%| F|  |TS  0|AC  0|TAMS 0x0000000705600000, 0x0000000705600000|
|  61|0x0000000705700000, 0x0000000705700000, 0x0000000705800000|  0%| F|  |TS  0|AC  0|TAMS 0x0000000705700000, 0x0000000705700000|
|  62|0x0000000705800000, 0x0000000705800000, 0x0000000705900000|  0%| F|  |TS  0|AC  0|TAMS 0x0000000705800000, 0x0000000705800000|
|  63|0x0000000705900000, 0x0000000705900000, 0x0000000705a00000|  0%| F|  |TS  0|AC  0|TAMS 0x0000000705900000, 0x0000000705900000|
|  64|0x0000000705a00000, 0x0000000705a00000, 0x0000000705b00000|  0%| F|  |TS  0|AC  0|TAMS 0x0000000705a00000, 0x0000000705a00000|
|  65|0x0000000705b00000, 0x0000000705b00000, 0x0000000705c00000|  0%| F|  |TS  0|AC  0|TAMS 0x0000000705b00000, 0x0000000705b00000|
|  66|0x0000000705c00000, 0x0000000705c00000, 0x0000000705d00000|  0%| F|  |TS  0|AC  0|TAMS 0x0000000705c00000, 0x0000000705c00000|
|  67|0x0000000705d00000, 0x0000000705d00000, 0x0000000705e00000|  0%| F|  |TS  0|AC  0|TAMS 0x0000000705d00000, 0x0000000705d00000|
|  68|0x0000000705e00000, 0x0000000705e00000, 0x0000000705f00000|  0%| F|  |TS  0|AC  0|TAMS 0x0000000705e00000, 0x0000000705e00000|
|  69|0x0000000705f00000, 0x0000000705f00000, 0x0000000706000000|  0%| F|  |TS  0|AC  0|TAMS 0x0000000705f00000, 0x0000000705f00000|
|  70|0x0000000706000000, 0x00000007060f3100, 0x0000000706100000| 94%| S|CS|TS  1|AC  0|TAMS 0x0000000706000000, 0x0000000706000000|
|  71|0x0000000706100000, 0x0000000706200000, 0x0000000706200000|100%| S|CS|TS  1|AC  0|TAMS 0x0000000706100000, 0x0000000706100000|
|  72|0x0000000706200000, 0x0000000706300000, 0x0000000706300000|100%| S|CS|TS  1|AC  0|TAMS 0x0000000706200000, 0x0000000706200000|
|  73|0x0000000706300000, 0x0000000706400000, 0x0000000706400000|100%| S|CS|TS  1|AC  0|TAMS 0x0000000706300000, 0x0000000706300000|
|  74|0x0000000706400000, 0x0000000706500000, 0x0000000706500000|100%| S|CS|TS  1|AC  0|TAMS 0x0000000706400000, 0x0000000706400000|
|  75|0x0000000706500000, 0x0000000706600000, 0x0000000706600000|100%| S|CS|TS  1|AC  0|TAMS 0x0000000706500000, 0x0000000706500000|
|  76|0x0000000706600000, 0x0000000706700000, 0x0000000706700000|100%| S|CS|TS  1|AC  0|TAMS 0x0000000706600000, 0x0000000706600000|
|  77|0x0000000706700000, 0x0000000706700000, 0x0000000706800000|  0%| F|  |TS  1|AC  0|TAMS 0x0000000706700000, 0x0000000706700000|
|  78|0x0000000706800000, 0x0000000706800000, 0x0000000706900000|  0%| F|  |TS  1|AC  0|TAMS 0x0000000706800000, 0x0000000706800000|
|  79|0x0000000706900000, 0x0000000706900000, 0x0000000706a00000|  0%| F|  |TS  1|AC  0|TAMS 0x0000000706900000, 0x0000000706900000|
|  80|0x0000000706a00000, 0x0000000706a00000, 0x0000000706b00000|  0%| F|  |TS  1|AC  0|TAMS 0x0000000706a00000, 0x0000000706a00000|
|  81|0x0000000706b00000, 0x0000000706b00000, 0x0000000706c00000|  0%| F|  |TS  1|AC  0|TAMS 0x0000000706b00000, 0x0000000706b00000|
|  82|0x0000000706c00000, 0x0000000706c00000, 0x0000000706d00000|  0%| F|  |TS  1|AC  0|TAMS 0x0000000706c00000, 0x0000000706c00000|
|  83|0x0000000706d00000, 0x0000000706d00000, 0x0000000706e00000|  0%| F|  |TS  1|AC  0|TAMS 0x0000000706d00000, 0x0000000706d00000|
|  84|0x0000000706e00000, 0x0000000706e00000, 0x0000000706f00000|  0%| F|  |TS  1|AC  0|TAMS 0x0000000706e00000, 0x0000000706e00000|
|  85|0x0000000706f00000, 0x0000000706f00000, 0x0000000707000000|  0%| F|  |TS  1|AC  0|TAMS 0x0000000706f00000, 0x0000000706f00000|
|  86|0x0000000707000000, 0x0000000707000000, 0x0000000707100000|  0%| F|  |TS  1|AC  0|TAMS 0x0000000707000000, 0x0000000707000000|
|  87|0x0000000707100000, 0x0000000707100000, 0x0000000707200000|  0%| F|  |TS  1|AC  0|TAMS 0x0000000707100000, 0x0000000707100000|
|  88|0x0000000707200000, 0x0000000707200000, 0x0000000707300000|  0%| F|  |TS  1|AC  0|TAMS 0x0000000707200000, 0x0000000707200000|
|  89|0x0000000707300000, 0x0000000707300000, 0x0000000707400000|  0%| F|  |TS  1|AC  0|TAMS 0x0000000707300000, 0x0000000707300000|
|  90|0x0000000707400000, 0x0000000707400000, 0x0000000707500000|  0%| F|  |TS  1|AC  0|TAMS 0x0000000707400000, 0x0000000707400000|
|  91|0x0000000707500000, 0x0000000707500000, 0x0000000707600000|  0%| F|  |TS  1|AC  0|TAMS 0x0000000707500000, 0x0000000707500000|
|  92|0x0000000707600000, 0x0000000707600000, 0x0000000707700000|  0%| F|  |TS  1|AC  0|TAMS 0x0000000707600000, 0x0000000707600000|
|  93|0x0000000707700000, 0x0000000707700000, 0x0000000707800000|  0%| F|  |TS  1|AC  0|TAMS 0x0000000707700000, 0x0000000707700000|
|  94|0x0000000707800000, 0x0000000707800000, 0x0000000707900000|  0%| F|  |TS  1|AC  0|TAMS 0x0000000707800000, 0x0000000707800000|
|  95|0x0000000707900000, 0x0000000707900000, 0x0000000707a00000|  0%| F|  |TS  1|AC  0|TAMS 0x0000000707900000, 0x0000000707900000|
|  96|0x0000000707a00000, 0x0000000707a00000, 0x0000000707b00000|  0%| F|  |TS  1|AC  0|TAMS 0x0000000707a00000, 0x0000000707a00000|
|  97|0x0000000707b00000, 0x0000000707b00000, 0x0000000707c00000|  0%| F|  |TS  1|AC  0|TAMS 0x0000000707b00000, 0x0000000707b00000|
|  98|0x0000000707c00000, 0x0000000707c00000, 0x0000000707d00000|  0%| F|  |TS  1|AC  0|TAMS 0x0000000707c00000, 0x0000000707c00000|
|  99|0x0000000707d00000, 0x0000000707d00000, 0x0000000707e00000|  0%| F|  |TS  1|AC  0|TAMS 0x0000000707d00000, 0x0000000707d00000|
| 100|0x0000000707e00000, 0x0000000707e00000, 0x0000000707f00000|  0%| F|  |TS  1|AC  0|TAMS 0x0000000707e00000, 0x0000000707e00000|
| 101|0x0000000707f00000, 0x0000000707f00000, 0x0000000708000000|  0%| F|  |TS  1|AC  0|TAMS 0x0000000707f00000, 0x0000000707f00000|
| 102|0x0000000708000000, 0x0000000708000000, 0x0000000708100000|  0%| F|  |TS  1|AC  0|TAMS 0x0000000708000000, 0x0000000708000000|
| 103|0x0000000708100000, 0x0000000708100000, 0x0000000708200000|  0%| F|  |TS  1|AC  0|TAMS 0x0000000708100000, 0x0000000708100000|
| 104|0x0000000708200000, 0x0000000708200000, 0x0000000708300000|  0%| F|  |TS  1|AC  0|TAMS 0x0000000708200000, 0x0000000708200000|
| 105|0x0000000708300000, 0x0000000708300000, 0x0000000708400000|  0%| F|  |TS  1|AC  0|TAMS 0x0000000708300000, 0x0000000708300000|
| 106|0x0000000708400000, 0x0000000708400000, 0x0000000708500000|  0%| F|  |TS  1|AC  0|TAMS 0x0000000708400000, 0x0000000708400000|
| 107|0x0000000708500000, 0x0000000708500000, 0x0000000708600000|  0%| F|  |TS  1|AC  0|TAMS 0x0000000708500000, 0x0000000708500000|
| 108|0x0000000708600000, 0x0000000708600000, 0x0000000708700000|  0%| F|  |TS  1|AC  0|TAMS 0x0000000708600000, 0x0000000708600000|
| 109|0x0000000708700000, 0x0000000708700000, 0x0000000708800000|  0%| F|  |TS  1|AC  0|TAMS 0x0000000708700000, 0x0000000708700000|
| 110|0x0000000708800000, 0x0000000708800000, 0x0000000708900000|  0%| F|  |TS  1|AC  0|TAMS 0x0000000708800000, 0x0000000708800000|
| 111|0x0000000708900000, 0x0000000708900000, 0x0000000708a00000|  0%| F|  |TS  1|AC  0|TAMS 0x0000000708900000, 0x0000000708900000|
| 112|0x0000000708a00000, 0x0000000708a00000, 0x0000000708b00000|  0%| F|  |TS  1|AC  0|TAMS 0x0000000708a00000, 0x0000000708a00000|
| 113|0x0000000708b00000, 0x0000000708b80800, 0x0000000708c00000| 50%| E|  |TS  1|AC  0|TAMS 0x0000000708b00000, 0x0000000708b00000|
| 114|0x0000000708c00000, 0x0000000708d00000, 0x0000000708d00000|100%| E|CS|TS  1|AC  0|TAMS 0x0000000708c00000, 0x0000000708c00000|
| 115|0x0000000708d00000, 0x0000000708e00000, 0x0000000708e00000|100%| E|CS|TS  1|AC  0|TAMS 0x0000000708d00000, 0x0000000708d00000|
| 116|0x0000000708e00000, 0x0000000708f00000, 0x0000000708f00000|100%| E|CS|TS  1|AC  0|TAMS 0x0000000708e00000, 0x0000000708e00000|
| 117|0x0000000708f00000, 0x0000000709000000, 0x0000000709000000|100%| E|CS|TS  1|AC  0|TAMS 0x0000000708f00000, 0x0000000708f00000|
| 118|0x0000000709000000, 0x0000000709100000, 0x0000000709100000|100%| E|CS|TS  1|AC  0|TAMS 0x0000000709000000, 0x0000000709000000|
| 119|0x0000000709100000, 0x0000000709200000, 0x0000000709200000|100%| E|CS|TS  1|AC  0|TAMS 0x0000000709100000, 0x0000000709100000|
| 120|0x0000000709200000, 0x0000000709300000, 0x0000000709300000|100%| E|CS|TS  1|AC  0|TAMS 0x0000000709200000, 0x0000000709200000|
| 121|0x0000000709300000, 0x0000000709400000, 0x0000000709400000|100%| E|CS|TS  1|AC  0|TAMS 0x0000000709300000, 0x0000000709300000|
| 122|0x0000000709400000, 0x0000000709500000, 0x0000000709500000|100%| E|CS|TS  1|AC  0|TAMS 0x0000000709400000, 0x0000000709400000|
| 123|0x0000000709500000, 0x0000000709600000, 0x0000000709600000|100%| E|CS|TS  1|AC  0|TAMS 0x0000000709500000, 0x0000000709500000|
| 124|0x0000000709600000, 0x0000000709700000, 0x0000000709700000|100%| E|CS|TS  1|AC  0|TAMS 0x0000000709600000, 0x0000000709600000|
| 125|0x0000000709700000, 0x0000000709800000, 0x0000000709800000|100%| E|CS|TS  1|AC  0|TAMS 0x0000000709700000, 0x0000000709700000|
| 126|0x0000000709800000, 0x0000000709900000, 0x0000000709900000|100%| E|CS|TS  1|AC  0|TAMS 0x0000000709800000, 0x0000000709800000|
| 127|0x0000000709900000, 0x0000000709a00000, 0x0000000709a00000|100%| E|CS|TS  1|AC  0|TAMS 0x0000000709900000, 0x0000000709900000|
| 128|0x0000000709a00000, 0x0000000709b00000, 0x0000000709b00000|100%| E|CS|TS  1|AC  0|TAMS 0x0000000709a00000, 0x0000000709a00000|
| 129|0x0000000709b00000, 0x0000000709c00000, 0x0000000709c00000|100%| E|CS|TS  1|AC  0|TAMS 0x0000000709b00000, 0x0000000709b00000|
| 130|0x0000000709c00000, 0x0000000709d00000, 0x0000000709d00000|100%| E|CS|TS  1|AC  0|TAMS 0x0000000709c00000, 0x0000000709c00000|
| 131|0x0000000709d00000, 0x0000000709e00000, 0x0000000709e00000|100%| E|CS|TS  1|AC  0|TAMS 0x0000000709d00000, 0x0000000709d00000|
| 132|0x0000000709e00000, 0x0000000709f00000, 0x0000000709f00000|100%| E|CS|TS  1|AC  0|TAMS 0x0000000709e00000, 0x0000000709e00000|
| 133|0x0000000709f00000, 0x000000070a000000, 0x000000070a000000|100%| E|CS|TS  1|AC  0|TAMS 0x0000000709f00000, 0x0000000709f00000|
| 134|0x000000070a000000, 0x000000070a100000, 0x000000070a100000|100%| E|CS|TS  1|AC  0|TAMS 0x000000070a000000, 0x000000070a000000|
| 135|0x000000070a100000, 0x000000070a200000, 0x000000070a200000|100%| E|CS|TS  1|AC  0|TAMS 0x000000070a100000, 0x000000070a100000|
| 136|0x000000070a200000, 0x000000070a300000, 0x000000070a300000|100%| E|CS|TS  1|AC  0|TAMS 0x000000070a200000, 0x000000070a200000|
| 137|0x000000070a300000, 0x000000070a400000, 0x000000070a400000|100%| E|CS|TS  1|AC  0|TAMS 0x000000070a300000, 0x000000070a300000|
| 138|0x000000070a400000, 0x000000070a500000, 0x000000070a500000|100%| E|CS|TS  1|AC  0|TAMS 0x000000070a400000, 0x000000070a400000|
| 139|0x000000070a500000, 0x000000070a600000, 0x000000070a600000|100%| E|CS|TS  1|AC  0|TAMS 0x000000070a500000, 0x000000070a500000|
| 140|0x000000070a600000, 0x000000070a700000, 0x000000070a700000|100%| E|CS|TS  1|AC  0|TAMS 0x000000070a600000, 0x000000070a600000|
| 141|0x000000070a700000, 0x000000070a800000, 0x000000070a800000|100%| E|CS|TS  1|AC  0|TAMS 0x000000070a700000, 0x000000070a700000|
| 142|0x000000070a800000, 0x000000070a900000, 0x000000070a900000|100%| E|CS|TS  1|AC  0|TAMS 0x000000070a800000, 0x000000070a800000|
| 143|0x000000070a900000, 0x000000070aa00000, 0x000000070aa00000|100%| E|CS|TS  1|AC  0|TAMS 0x000000070a900000, 0x000000070a900000|
| 144|0x000000070aa00000, 0x000000070ab00000, 0x000000070ab00000|100%| E|CS|TS  1|AC  0|TAMS 0x000000070aa00000, 0x000000070aa00000|
| 145|0x000000070ab00000, 0x000000070ac00000, 0x000000070ac00000|100%| E|CS|TS  1|AC  0|TAMS 0x000000070ab00000, 0x000000070ab00000|
| 146|0x000000070ac00000, 0x000000070ad00000, 0x000000070ad00000|100%| E|CS|TS  1|AC  0|TAMS 0x000000070ac00000, 0x000000070ac00000|
| 147|0x000000070ad00000, 0x000000070ae00000, 0x000000070ae00000|100%| E|CS|TS  1|AC  0|TAMS 0x000000070ad00000, 0x000000070ad00000|
| 148|0x000000070ae00000, 0x000000070af00000, 0x000000070af00000|100%| E|CS|TS  1|AC  0|TAMS 0x000000070ae00000, 0x000000070ae00000|
| 149|0x000000070af00000, 0x000000070b000000, 0x000000070b000000|100%| E|CS|TS  1|AC  0|TAMS 0x000000070af00000, 0x000000070af00000|
| 150|0x000000070b000000, 0x000000070b100000, 0x000000070b100000|100%| E|CS|TS  1|AC  0|TAMS 0x000000070b000000, 0x000000070b000000|
| 151|0x000000070b100000, 0x000000070b200000, 0x000000070b200000|100%| E|CS|TS  1|AC  0|TAMS 0x000000070b100000, 0x000000070b100000|
| 152|0x000000070b200000, 0x000000070b300000, 0x000000070b300000|100%| E|CS|TS  1|AC  0|TAMS 0x000000070b200000, 0x000000070b200000|
| 153|0x000000070b300000, 0x000000070b400000, 0x000000070b400000|100%| E|CS|TS  1|AC  0|TAMS 0x000000070b300000, 0x000000070b300000|
| 154|0x000000070b400000, 0x000000070b500000, 0x000000070b500000|100%| E|CS|TS  1|AC  0|TAMS 0x000000070b400000, 0x000000070b400000|
| 155|0x000000070b500000, 0x000000070b600000, 0x000000070b600000|100%| E|CS|TS  1|AC  0|TAMS 0x000000070b500000, 0x000000070b500000|
| 156|0x000000070b600000, 0x000000070b700000, 0x000000070b700000|100%| E|CS|TS  1|AC  0|TAMS 0x000000070b600000, 0x000000070b600000|
| 157|0x000000070b700000, 0x000000070b800000, 0x000000070b800000|100%| E|CS|TS  1|AC  0|TAMS 0x000000070b700000, 0x000000070b700000|
| 158|0x000000070b800000, 0x000000070b900000, 0x000000070b900000|100%| E|CS|TS  1|AC  0|TAMS 0x000000070b800000, 0x000000070b800000|
| 159|0x000000070b900000, 0x000000070ba00000, 0x000000070ba00000|100%| E|CS|TS  1|AC  0|TAMS 0x000000070b900000, 0x000000070b900000|
| 160|0x000000070ba00000, 0x000000070bb00000, 0x000000070bb00000|100%| E|CS|TS  1|AC  0|TAMS 0x000000070ba00000, 0x000000070ba00000|
| 161|0x000000070bb00000, 0x000000070bc00000, 0x000000070bc00000|100%| E|CS|TS  1|AC  0|TAMS 0x000000070bb00000, 0x000000070bb00000|
| 162|0x000000070bc00000, 0x000000070bd00000, 0x000000070bd00000|100%| E|CS|TS  1|AC  0|TAMS 0x000000070bc00000, 0x000000070bc00000|
| 163|0x000000070bd00000, 0x000000070be00000, 0x000000070be00000|100%| E|CS|TS  1|AC  0|TAMS 0x000000070bd00000, 0x000000070bd00000|
| 164|0x000000070be00000, 0x000000070bf00000, 0x000000070bf00000|100%| E|CS|TS  1|AC  0|TAMS 0x000000070be00000, 0x000000070be00000|
| 165|0x000000070bf00000, 0x000000070c000000, 0x000000070c000000|100%| E|CS|TS  1|AC  0|TAMS 0x000000070bf00000, 0x000000070bf00000|
| 166|0x000000070c000000, 0x000000070c100000, 0x000000070c100000|100%| E|CS|TS  1|AC  0|TAMS 0x000000070c000000, 0x000000070c000000|
| 167|0x000000070c100000, 0x000000070c200000, 0x000000070c200000|100%| E|CS|TS  1|AC  0|TAMS 0x000000070c100000, 0x000000070c100000|
| 168|0x000000070c200000, 0x000000070c300000, 0x000000070c300000|100%| E|CS|TS  1|AC  0|TAMS 0x000000070c200000, 0x000000070c200000|
| 169|0x000000070c300000, 0x000000070c400000, 0x000000070c400000|100%| E|CS|TS  1|AC  0|TAMS 0x000000070c300000, 0x000000070c300000|
| 170|0x000000070c400000, 0x000000070c500000, 0x000000070c500000|100%| E|CS|TS  1|AC  0|TAMS 0x000000070c400000, 0x000000070c400000|
| 171|0x000000070c500000, 0x000000070c600000, 0x000000070c600000|100%| E|CS|TS  1|AC  0|TAMS 0x000000070c500000, 0x000000070c500000|
| 172|0x000000070c600000, 0x000000070c700000, 0x000000070c700000|100%| E|CS|TS  1|AC  0|TAMS 0x000000070c600000, 0x000000070c600000|
| 173|0x000000070c700000, 0x000000070c800000, 0x000000070c800000|100%| E|CS|TS  1|AC  0|TAMS 0x000000070c700000, 0x000000070c700000|
| 174|0x000000070c800000, 0x000000070c900000, 0x000000070c900000|100%| E|CS|TS  1|AC  0|TAMS 0x000000070c800000, 0x000000070c800000|
| 175|0x000000070c900000, 0x000000070ca00000, 0x000000070ca00000|100%| E|CS|TS  1|AC  0|TAMS 0x000000070c900000, 0x000000070c900000|
| 176|0x000000070ca00000, 0x000000070cb00000, 0x000000070cb00000|100%| E|CS|TS  1|AC  0|TAMS 0x000000070ca00000, 0x000000070ca00000|
| 177|0x000000070cb00000, 0x000000070cc00000, 0x000000070cc00000|100%| E|CS|TS  1|AC  0|TAMS 0x000000070cb00000, 0x000000070cb00000|
| 178|0x000000070cc00000, 0x000000070cd00000, 0x000000070cd00000|100%| E|CS|TS  1|AC  0|TAMS 0x000000070cc00000, 0x000000070cc00000|
| 179|0x000000070cd00000, 0x000000070ce00000, 0x000000070ce00000|100%| E|CS|TS  1|AC  0|TAMS 0x000000070cd00000, 0x000000070cd00000|
| 180|0x000000070ce00000, 0x000000070cf00000, 0x000000070cf00000|100%| E|CS|TS  1|AC  0|TAMS 0x000000070ce00000, 0x000000070ce00000|
| 181|0x000000070cf00000, 0x000000070d000000, 0x000000070d000000|100%| E|CS|TS  1|AC  0|TAMS 0x000000070cf00000, 0x000000070cf00000|
| 182|0x000000070d000000, 0x000000070d100000, 0x000000070d100000|100%| E|CS|TS  1|AC  0|TAMS 0x000000070d000000, 0x000000070d000000|
| 183|0x000000070d100000, 0x000000070d200000, 0x000000070d200000|100%| E|CS|TS  1|AC  0|TAMS 0x000000070d100000, 0x000000070d100000|
| 184|0x000000070d200000, 0x000000070d300000, 0x000000070d300000|100%| E|CS|TS  1|AC  0|TAMS 0x000000070d200000, 0x000000070d200000|
| 185|0x000000070d300000, 0x000000070d400000, 0x000000070d400000|100%| E|CS|TS  1|AC  0|TAMS 0x000000070d300000, 0x000000070d300000|
| 186|0x000000070d400000, 0x000000070d500000, 0x000000070d500000|100%| E|CS|TS  1|AC  0|TAMS 0x000000070d400000, 0x000000070d400000|
| 187|0x000000070d500000, 0x000000070d600000, 0x000000070d600000|100%| E|CS|TS  1|AC  0|TAMS 0x000000070d500000, 0x000000070d500000|
| 188|0x000000070d600000, 0x000000070d700000, 0x000000070d700000|100%| E|CS|TS  1|AC  0|TAMS 0x000000070d600000, 0x000000070d600000|
| 189|0x000000070d700000, 0x000000070d800000, 0x000000070d800000|100%| E|CS|TS  1|AC  0|TAMS 0x000000070d700000, 0x000000070d700000|
| 190|0x000000070d800000, 0x000000070d900000, 0x000000070d900000|100%| E|CS|TS  1|AC  0|TAMS 0x000000070d800000, 0x000000070d800000|
| 191|0x000000070d900000, 0x000000070da00000, 0x000000070da00000|100%| E|CS|TS  1|AC  0|TAMS 0x000000070d900000, 0x000000070d900000|
| 192|0x000000070da00000, 0x000000070db00000, 0x000000070db00000|100%| E|CS|TS  1|AC  0|TAMS 0x000000070da00000, 0x000000070da00000|
| 193|0x000000070db00000, 0x000000070dc00000, 0x000000070dc00000|100%| E|CS|TS  1|AC  0|TAMS 0x000000070db00000, 0x000000070db00000|
| 194|0x000000070dc00000, 0x000000070dd00000, 0x000000070dd00000|100%| E|CS|TS  1|AC  0|TAMS 0x000000070dc00000, 0x000000070dc00000|
| 195|0x000000070dd00000, 0x000000070de00000, 0x000000070de00000|100%| E|CS|TS  1|AC  0|TAMS 0x000000070dd00000, 0x000000070dd00000|
| 196|0x000000070de00000, 0x000000070df00000, 0x000000070df00000|100%| E|CS|TS  1|AC  0|TAMS 0x000000070de00000, 0x000000070de00000|
| 197|0x000000070df00000, 0x000000070e000000, 0x000000070e000000|100%| E|CS|TS  1|AC  0|TAMS 0x000000070df00000, 0x000000070df00000|
| 198|0x000000070e000000, 0x000000070e100000, 0x000000070e100000|100%| E|CS|TS  1|AC  0|TAMS 0x000000070e000000, 0x000000070e000000|
| 199|0x000000070e100000, 0x000000070e200000, 0x000000070e200000|100%| E|CS|TS  1|AC  0|TAMS 0x000000070e100000, 0x000000070e100000|
| 200|0x000000070e200000, 0x000000070e300000, 0x000000070e300000|100%| E|CS|TS  1|AC  0|TAMS 0x000000070e200000, 0x000000070e200000|
| 201|0x000000070e300000, 0x000000070e400000, 0x000000070e400000|100%| E|CS|TS  1|AC  0|TAMS 0x000000070e300000, 0x000000070e300000|
| 202|0x000000070e400000, 0x000000070e500000, 0x000000070e500000|100%| E|CS|TS  1|AC  0|TAMS 0x000000070e400000, 0x000000070e400000|
| 203|0x000000070e500000, 0x000000070e600000, 0x000000070e600000|100%| E|CS|TS  1|AC  0|TAMS 0x000000070e500000, 0x000000070e500000|
| 204|0x000000070e600000, 0x000000070e700000, 0x000000070e700000|100%| E|CS|TS  1|AC  0|TAMS 0x000000070e600000, 0x000000070e600000|
| 205|0x000000070e700000, 0x000000070e800000, 0x000000070e800000|100%| E|CS|TS  1|AC  0|TAMS 0x000000070e700000, 0x000000070e700000|
| 206|0x000000070e800000, 0x000000070e900000, 0x000000070e900000|100%| E|CS|TS  1|AC  0|TAMS 0x000000070e800000, 0x000000070e800000|
| 207|0x000000070e900000, 0x000000070ea00000, 0x000000070ea00000|100%| E|CS|TS  1|AC  0|TAMS 0x000000070e900000, 0x000000070e900000|
| 208|0x000000070ea00000, 0x000000070eb00000, 0x000000070eb00000|100%| E|CS|TS  1|AC  0|TAMS 0x000000070ea00000, 0x000000070ea00000|
| 209|0x000000070eb00000, 0x000000070ec00000, 0x000000070ec00000|100%| E|CS|TS  1|AC  0|TAMS 0x000000070eb00000, 0x000000070eb00000|
| 210|0x000000070ec00000, 0x000000070ed00000, 0x000000070ed00000|100%| E|CS|TS  1|AC  0|TAMS 0x000000070ec00000, 0x000000070ec00000|
| 211|0x000000070ed00000, 0x000000070ee00000, 0x000000070ee00000|100%| E|CS|TS  1|AC  0|TAMS 0x000000070ed00000, 0x000000070ed00000|
| 212|0x000000070ee00000, 0x000000070ef00000, 0x000000070ef00000|100%| E|CS|TS  1|AC  0|TAMS 0x000000070ee00000, 0x000000070ee00000|
| 213|0x000000070ef00000, 0x000000070f000000, 0x000000070f000000|100%| E|CS|TS  1|AC  0|TAMS 0x000000070ef00000, 0x000000070ef00000|
| 214|0x000000070f000000, 0x000000070f100000, 0x000000070f100000|100%| E|CS|TS  1|AC  0|TAMS 0x000000070f000000, 0x000000070f000000|
| 215|0x000000070f100000, 0x000000070f200000, 0x000000070f200000|100%| E|CS|TS  1|AC  0|TAMS 0x000000070f100000, 0x000000070f100000|
| 216|0x000000070f200000, 0x000000070f300000, 0x000000070f300000|100%| E|CS|TS  1|AC  0|TAMS 0x000000070f200000, 0x000000070f200000|
| 217|0x000000070f300000, 0x000000070f400000, 0x000000070f400000|100%| E|CS|TS  1|AC  0|TAMS 0x000000070f300000, 0x000000070f300000|
| 218|0x000000070f400000, 0x000000070f500000, 0x000000070f500000|100%| E|CS|TS  1|AC  0|TAMS 0x000000070f400000, 0x000000070f400000|
| 219|0x000000070f500000, 0x000000070f600000, 0x000000070f600000|100%| E|CS|TS  1|AC  0|TAMS 0x000000070f500000, 0x000000070f500000|
| 220|0x000000070f600000, 0x000000070f700000, 0x000000070f700000|100%| E|CS|TS  1|AC  0|TAMS 0x000000070f600000, 0x000000070f600000|
| 221|0x000000070f700000, 0x000000070f800000, 0x000000070f800000|100%| E|CS|TS  1|AC  0|TAMS 0x000000070f700000, 0x000000070f700000|
| 222|0x000000070f800000, 0x000000070f900000, 0x000000070f900000|100%| E|CS|TS  1|AC  0|TAMS 0x000000070f800000, 0x000000070f800000|
| 223|0x000000070f900000, 0x000000070fa00000, 0x000000070fa00000|100%| E|CS|TS  1|AC  0|TAMS 0x000000070f900000, 0x000000070f900000|
| 224|0x000000070fa00000, 0x000000070fb00000, 0x000000070fb00000|100%| E|CS|TS  1|AC  0|TAMS 0x000000070fa00000, 0x000000070fa00000|
| 225|0x000000070fb00000, 0x000000070fc00000, 0x000000070fc00000|100%| E|CS|TS  1|AC  0|TAMS 0x000000070fb00000, 0x000000070fb00000|
| 226|0x000000070fc00000, 0x000000070fd00000, 0x000000070fd00000|100%| E|CS|TS  1|AC  0|TAMS 0x000000070fc00000, 0x000000070fc00000|
| 227|0x000000070fd00000, 0x000000070fe00000, 0x000000070fe00000|100%| E|CS|TS  1|AC  0|TAMS 0x000000070fd00000, 0x000000070fd00000|
| 228|0x000000070fe00000, 0x000000070ff00000, 0x000000070ff00000|100%| E|CS|TS  1|AC  0|TAMS 0x000000070fe00000, 0x000000070fe00000|
| 229|0x000000070ff00000, 0x0000000710000000, 0x0000000710000000|100%| E|CS|TS  1|AC  0|TAMS 0x000000070ff00000, 0x000000070ff00000|
| 230|0x0000000710000000, 0x0000000710100000, 0x0000000710100000|100%| E|CS|TS  1|AC  0|TAMS 0x0000000710000000, 0x0000000710000000|

Card table byte_map: [0x000002022af50000,0x000002022b550000] byte_map_base: 0x0000020227743000

Marking Bits (Prev, Next): (CMBitMap*) 0x0000020231af60a8, (CMBitMap*) 0x0000020231af6070
 Prev Bits: [0x000002022eaf0000, 0x0000020231a88000)
 Next Bits: [0x000002022bb50000, 0x000002022eae8000)

Polling page: 0x000002020c670000

CodeHeap 'non-profiled nmethods': size=120000Kb used=4144Kb max_used=4144Kb free=115855Kb
 bounds [0x00000202223b0000, 0x00000202227c0000, 0x00000202298e0000]
CodeHeap 'profiled nmethods': size=120000Kb used=18019Kb max_used=18019Kb free=101980Kb
 bounds [0x000002021ae80000, 0x000002021c020000, 0x00000202223b0000]
CodeHeap 'non-nmethods': size=5760Kb used=1316Kb max_used=1397Kb free=4443Kb
 bounds [0x000002021a8e0000, 0x000002021ab50000, 0x000002021ae80000]
 total_blobs=10872 nmethods=8538 adapters=422
 compilation: enabled

Compilation events (10 events):
Event: 9.323 Thread 0x00000202346e0000 nmethod 9458 0x000002021c00e010 code [0x000002021c00e260, 0x000002021c00e7e0]
Event: 9.323 Thread 0x00000202346e0000 9465       2       net.bytebuddy.description.method.MethodDescription$ForLoadedMethod::getDeclaringType (14 bytes)
Event: 9.323 Thread 0x00000202346e0000 nmethod 9465 0x000002021c00ec90 code [0x000002021c00eec0, 0x000002021c00f310]
Event: 9.323 Thread 0x00000202346e0000 9450       2       net.bytebuddy.description.method.MethodDescription$ForLoadedMethod::getModifiers (17 bytes)
Event: 9.324 Thread 0x00000202346e0000 nmethod 9450 0x000002021c00f710 code [0x000002021c00f8e0, 0x000002021c00fac0]
Event: 9.324 Thread 0x00000202346e0000 9466       2       net.bytebuddy.description.type.TypeDescription$Generic$LazyProjection$ForLoadedReturnType::resolve (23 bytes)
Event: 9.324 Thread 0x00000202346e0000 nmethod 9466 0x000002021c00fc10 code [0x000002021c00fe40, 0x000002021c0102f0]
Event: 9.324 Thread 0x00000202346e0000 9471       2       net.bytebuddy.description.type.TypeDescription$Generic$LazyProjection$OfMethodParameter::resolve (71 bytes)
Event: 9.324 Thread 0x00000202346e0000 nmethod 9471 0x000002021c010690 code [0x000002021c010920, 0x000002021c011070]
Event: 9.324 Thread 0x00000202346e0000 9462       2       net.bytebuddy.description.method.MethodDescription$ForLoadedMethod::getDeclaringType (23 bytes)

GC Heap History (10 events):
Event: 0.440 GC heap before
{Heap before GC invocations=0 (full 0):
 garbage-first heap   total 196608K, used 24576K [0x0000000701a00000, 0x0000000701b00600, 0x00000007c0000000)
  region size 1024K, 24 young (24576K), 0 survivors (0K)
 Metaspace       used 9055K, capacity 9214K, committed 9344K, reserved 1058816K
  class space    used 825K, capacity 867K, committed 896K, reserved 1048576K
}
Event: 0.444 GC heap after
{Heap after GC invocations=1 (full 0):
 garbage-first heap   total 196608K, used 4217K [0x0000000701a00000, 0x0000000701b00600, 0x00000007c0000000)
  region size 1024K, 3 young (3072K), 3 survivors (3072K)
 Metaspace       used 9055K, capacity 9214K, committed 9344K, reserved 1058816K
  class space    used 825K, capacity 867K, committed 896K, reserved 1048576K
}
Event: 1.598 GC heap before
{Heap before GC invocations=1 (full 0):
 garbage-first heap   total 196608K, used 118905K [0x0000000701a00000, 0x0000000701b00600, 0x00000007c0000000)
  region size 1024K, 115 young (117760K), 3 survivors (3072K)
 Metaspace       used 14343K, capacity 14988K, committed 15104K, reserved 1062912K
  class space    used 1373K, capacity 1475K, committed 1536K, reserved 1048576K
}
Event: 1.605 GC heap after
{Heap after GC invocations=2 (full 0):
 garbage-first heap   total 196608K, used 6209K [0x0000000701a00000, 0x0000000701b00600, 0x00000007c0000000)
  region size 1024K, 5 young (5120K), 5 survivors (5120K)
 Metaspace       used 14343K, capacity 14988K, committed 15104K, reserved 1062912K
  class space    used 1373K, capacity 1475K, committed 1536K, reserved 1048576K
}
Event: 3.427 GC heap before
{Heap before GC invocations=2 (full 0):
 garbage-first heap   total 196608K, used 118849K [0x0000000701a00000, 0x0000000701b00600, 0x00000007c0000000)
  region size 1024K, 115 young (117760K), 5 survivors (5120K)
 Metaspace       used 18591K, capacity 19710K, committed 19968K, reserved 1067008K
  class space    used 1987K, capacity 2181K, committed 2304K, reserved 1048576K
}
Event: 3.439 GC heap after
{Heap after GC invocations=3 (full 0):
 garbage-first heap   total 196608K, used 9259K [0x0000000701a00000, 0x0000000701b00600, 0x00000007c0000000)
  region size 1024K, 8 young (8192K), 8 survivors (8192K)
 Metaspace       used 18591K, capacity 19710K, committed 19968K, reserved 1067008K
  class space    used 1987K, capacity 2181K, committed 2304K, reserved 1048576K
}
Event: 3.711 GC heap before
{Heap before GC invocations=3 (full 0):
 garbage-first heap   total 196608K, used 42027K [0x0000000701a00000, 0x0000000701b00600, 0x00000007c0000000)
  region size 1024K, 41 young (41984K), 8 survivors (8192K)
 Metaspace       used 20077K, capacity 21178K, committed 21296K, reserved 1069056K
  class space    used 2209K, capacity 2411K, committed 2432K, reserved 1048576K
}
Event: 3.722 GC heap after
{Heap after GC invocations=4 (full 0):
 garbage-first heap   total 196608K, used 8864K [0x0000000701a00000, 0x0000000701b00600, 0x00000007c0000000)
  region size 1024K, 6 young (6144K), 6 survivors (6144K)
 Metaspace       used 20077K, capacity 21178K, committed 21296K, reserved 1069056K
  class space    used 2209K, capacity 2411K, committed 2432K, reserved 1048576K
}
Event: 5.657 GC heap before
{Heap before GC invocations=5 (full 0):
 garbage-first heap   total 196608K, used 120480K [0x0000000701a00000, 0x0000000701b00600, 0x00000007c0000000)
  region size 1024K, 115 young (117760K), 6 survivors (6144K)
 Metaspace       used 23885K, capacity 25096K, committed 25216K, reserved 1071104K
  class space    used 2681K, capacity 2904K, committed 2944K, reserved 1048576K
}
Event: 5.665 GC heap after
{Heap after GC invocations=6 (full 0):
 garbage-first heap   total 236544K, used 10579K [0x0000000701a00000, 0x0000000701b00738, 0x00000007c0000000)
  region size 1024K, 7 young (7168K), 7 survivors (7168K)
 Metaspace       used 23885K, capacity 25096K, committed 25216K, reserved 1071104K
  class space    used 2681K, capacity 2904K, committed 2944K, reserved 1048576K
}

Deoptimization events (10 events):
Event: 8.180 Thread 0x000002020e826800 Uncommon trap: reason=unstable_if action=reinterpret pc=0x00000202226b5f78 method=org.jacoco.agent.rt.internal_c13123e.asm.Type.getArgumentsAndReturnSizes(Ljava/lang/String;)I @ 136 c2
Event: 8.237 Thread 0x000002020e826800 Uncommon trap: reason=unstable_if action=reinterpret pc=0x0000020222730bf4 method=java.util.stream.FindOps$FindSink$OfRef.get()Ljava/util/Optional; @ 4 c2
Event: 8.238 Thread 0x000002020e826800 Uncommon trap: reason=unstable_if action=reinterpret pc=0x00000202226ec578 method=java.util.stream.FindOps$FindSink$OfRef.get()Ljava/util/Optional; @ 4 c2
Event: 8.240 Thread 0x000002020e826800 Uncommon trap: reason=unstable_if action=reinterpret pc=0x000002022275eb34 method=net.bytebuddy.description.type.TypeDescription$AbstractBase.equals(Ljava/lang/Object;)Z @ 52 c2
Event: 8.261 Thread 0x000002020e826800 Uncommon trap: reason=unstable_if action=reinterpret pc=0x00000202226f77f8 method=java.util.stream.FindOps$FindSink$OfRef.get()Ljava/util/Optional; @ 4 c2
Event: 8.640 Thread 0x000002020e826800 Uncommon trap: reason=bimorphic_or_optimized_type_check action=maybe_recompile pc=0x000002022271433c method=net.bytebuddy.description.type.TypeDescription$Generic$OfNonGenericType.represents(Ljava/lang/reflect/Type;)Z @ 5 c2
Event: 8.642 Thread 0x000002020e826800 Uncommon trap: reason=bimorphic_or_optimized_type_check action=maybe_recompile pc=0x000002022271433c method=net.bytebuddy.description.type.TypeDescription$Generic$OfNonGenericType.represents(Ljava/lang/reflect/Type;)Z @ 5 c2
Event: 8.642 Thread 0x000002020e826800 Uncommon trap: reason=bimorphic_or_optimized_type_check action=maybe_recompile pc=0x000002022271433c method=net.bytebuddy.description.type.TypeDescription$Generic$OfNonGenericType.represents(Ljava/lang/reflect/Type;)Z @ 5 c2
Event: 8.642 Thread 0x000002020e826800 Uncommon trap: reason=bimorphic_or_optimized_type_check action=maybe_recompile pc=0x000002022271433c method=net.bytebuddy.description.type.TypeDescription$Generic$OfNonGenericType.represents(Ljava/lang/reflect/Type;)Z @ 5 c2
Event: 9.022 Thread 0x000002020e826800 Uncommon trap: reason=unstable_if action=reinterpret pc=0x00000202226f4434 method=java.util.Arrays.equals([Ljava/lang/Object;[Ljava/lang/Object;)Z @ 23 c2

Classes redefined (10 events):
Event: 8.909 Thread 0x0000020234677000 redefined class name=org.bukkit.command.PluginIdentifiableCommand, count=2
Event: 8.935 Thread 0x0000020234677000 redefined class name=org.bukkit.command.Command, count=2
Event: 8.953 Thread 0x0000020234677000 redefined class name=com.karuslabs.commons.command.Command, count=3
Event: 8.972 Thread 0x0000020234677000 redefined class name=com.karuslabs.commons.locale.Translatable, count=2
Event: 9.184 Thread 0x0000020234677000 redefined class name=java.lang.reflect.AccessibleObject, count=2
Event: 9.205 Thread 0x0000020234677000 redefined class name=java.lang.reflect.Method, count=3
Event: 9.226 Thread 0x0000020234677000 redefined class name=java.lang.reflect.GenericDeclaration, count=2
Event: 9.253 Thread 0x0000020234677000 redefined class name=java.lang.reflect.AnnotatedElement, count=2
Event: 9.272 Thread 0x0000020234677000 redefined class name=java.lang.reflect.Member, count=2
Event: 9.293 Thread 0x0000020234677000 redefined class name=java.lang.reflect.Executable, count=3

Internal exceptions (10 events):
Event: 8.253 Thread 0x000002020e826800 Exception <a 'java/lang/NoSuchMethodError'{0x000000070a8d3c68}: java.lang.invoke.DirectMethodHandle$Holder.invokeStatic(Ljava/lang/Object;Ljava/lang/Object;Ljava/lang/Object;Ljava/lang/Object;Ljava/lang/Object;Ljava/lang/Object;Ljava/lang/Object;Ljava/lan
Event: 8.255 Thread 0x000002020e826800 Exception <a 'java/lang/NoSuchMethodError'{0x000000070a8e65c8}: java.lang.invoke.DirectMethodHandle$Holder.invokeStatic(Ljava/lang/Object;Ljava/lang/Object;Ljava/lang/Object;Ljava/lang/Object;Ljava/lang/Object;Ljava/lang/Object;Ljava/lang/Object;Ljava/lan
Event: 8.256 Thread 0x000002020e826800 Exception <a 'java/lang/NoSuchMethodError'{0x000000070a8f9400}: method resolution failed> (0x000000070a8f9400) thrown at [c:/workspace/9-2-build-windows-amd64-cygwin-phase2/jdk9/6725/hotspot/src/share/vm/prims/methodHandles.cpp, line 1256]
Event: 8.977 Thread 0x000002020e826800 Exception <a 'java/lang/NoSuchMethodError'{0x00000007099fee10}: java.lang.invoke.DirectMethodHandle$Holder.invokeStaticInit(Ljava/lang/Object;Ljava/lang/Object;Ljava/lang/Object;Ljava/lang/Object;)I> (0x00000007099fee10) thrown at [c:/workspace/9-2-build-
Event: 8.978 Thread 0x000002020e826800 Exception <a 'java/lang/NoSuchMethodError'{0x0000000709802330}: java.lang.Object.lambda$static$0(Lcom/karuslabs/commons/command/CommandSource;Lcom/karuslabs/commons/command/Context;Lcom/karuslabs/commons/command/arguments/Arguments;)Z> (0x0000000709802330
Event: 9.012 Thread 0x000002020e826800 Exception <a 'java/lang/reflect/InvocationTargetException'{0x00000007097055c8}> (0x00000007097055c8) thrown at [c:/workspace/9-2-build-windows-amd64-cygwin-phase2/jdk9/6725/hotspot/src/share/vm/runtime/reflection.cpp, line 1213]
Event: 9.015 Thread 0x000002020e826800 Exception <a 'java/lang/reflect/InvocationTargetException'{0x000000070971b120}> (0x000000070971b120) thrown at [c:/workspace/9-2-build-windows-amd64-cygwin-phase2/jdk9/6725/hotspot/src/share/vm/runtime/reflection.cpp, line 1213]
Event: 9.019 Thread 0x000002020e826800 Exception <a 'java/lang/reflect/InvocationTargetException'{0x0000000709732588}> (0x0000000709732588) thrown at [c:/workspace/9-2-build-windows-amd64-cygwin-phase2/jdk9/6725/hotspot/src/share/vm/runtime/reflection.cpp, line 1213]
Event: 9.023 Thread 0x000002020e826800 Exception <a 'java/lang/NoSuchMethodError'{0x00000007097572f8}: method resolution failed> (0x00000007097572f8) thrown at [c:/workspace/9-2-build-windows-amd64-cygwin-phase2/jdk9/6725/hotspot/src/share/vm/prims/methodHandles.cpp, line 1256]
Event: 9.038 Thread 0x000002020e826800 Exception <a 'java/lang/reflect/InvocationTargetException'{0x00000007095780e0}> (0x00000007095780e0) thrown at [c:/workspace/9-2-build-windows-amd64-cygwin-phase2/jdk9/6725/hotspot/src/share/vm/runtime/reflection.cpp, line 1213]

Events (10 events):
Event: 9.076 Executing VM operation: ForceSafepoint
Event: 9.076 Executing VM operation: ForceSafepoint done
Event: 9.106 Thread 0x000002020e826800 DEOPT PACKING pc=0x000002021bcfc6d4 sp=0x0000004c1c0f9e30
Event: 9.106 Thread 0x000002020e826800 DEOPT UNPACKING pc=0x000002021a92dd3f sp=0x0000004c1c0f94c8 mode 0
Event: 9.150 Executing VM operation: RedefineClasses
Event: 9.300 Executing VM operation: RedefineClasses done
Event: 9.321 loading class com/karuslabs/commons/command/annotation/resolvers/CommandResolverTest$C
Event: 9.321 loading class com/karuslabs/commons/command/annotation/resolvers/CommandResolverTest$C done
Event: 9.321 loading class com/karuslabs/commons/command/annotation/resolvers/CommandResolverTest
Event: 9.321 loading class com/karuslabs/commons/command/annotation/resolvers/CommandResolverTest done


Dynamic libraries:
0x00007ff761f10000 - 0x00007ff761f4e000 	C:\Program Files\Java\jdk-9\bin\java.exe
0x00007ffb49ed0000 - 0x00007ffb4a0b0000 	C:\WINDOWS\SYSTEM32\ntdll.dll
0x00007ffb49770000 - 0x00007ffb4981e000 	C:\WINDOWS\System32\KERNEL32.DLL
0x00007ffb47040000 - 0x00007ffb472a6000 	C:\WINDOWS\System32\KERNELBASE.dll
0x00007ffb48d20000 - 0x00007ffb48dc1000 	C:\WINDOWS\System32\ADVAPI32.dll
0x00007ffb49af0000 - 0x00007ffb49b8d000 	C:\WINDOWS\System32\msvcrt.dll
0x00007ffb48ef0000 - 0x00007ffb48f4b000 	C:\WINDOWS\System32\sechost.dll
0x00007ffb47550000 - 0x00007ffb4766f000 	C:\WINDOWS\System32\RPCRT4.dll
0x00007ffb495d0000 - 0x00007ffb4975f000 	C:\WINDOWS\System32\USER32.dll
0x00007ffb47300000 - 0x00007ffb47320000 	C:\WINDOWS\System32\win32u.dll
0x00007ffb49820000 - 0x00007ffb49848000 	C:\WINDOWS\System32\GDI32.dll
0x00007ffb46c50000 - 0x00007ffb46de3000 	C:\WINDOWS\System32\gdi32full.dll
0x00007ffb46fa0000 - 0x00007ffb4703b000 	C:\WINDOWS\System32\msvcp_win.dll
0x00007ffb46ea0000 - 0x00007ffb46f96000 	C:\WINDOWS\System32\ucrtbase.dll
0x00007ffb39ff0000 - 0x00007ffb3a259000 	C:\WINDOWS\WinSxS\amd64_microsoft.windows.common-controls_6595b64144ccf1df_6.0.16299.371_none_15c7d1789365a290\COMCTL32.dll
0x00007ffb41c40000 - 0x00007ffb41c4a000 	C:\WINDOWS\SYSTEM32\VERSION.dll
0x00007ffb49b90000 - 0x00007ffb49e98000 	C:\WINDOWS\System32\combase.dll
0x00007ffb47320000 - 0x00007ffb47392000 	C:\WINDOWS\System32\bcryptPrimitives.dll
0x00007ffb474b0000 - 0x00007ffb474dd000 	C:\WINDOWS\System32\IMM32.DLL
0x00007ffb1b980000 - 0x00007ffb1ba6f000 	C:\Program Files\Java\jdk-9\bin\msvcr120.dll
0x00007ffb1b8d0000 - 0x00007ffb1b976000 	C:\Program Files\Java\jdk-9\bin\msvcp120.dll
0x0000000062720000 - 0x000000006314a000 	C:\Program Files\Java\jdk-9\bin\server\jvm.dll
0x00007ffb48dd0000 - 0x00007ffb48dd8000 	C:\WINDOWS\System32\PSAPI.DLL
0x00007ffb44ec0000 - 0x00007ffb44ec9000 	C:\WINDOWS\SYSTEM32\WSOCK32.dll
0x00007ffb41690000 - 0x00007ffb416b3000 	C:\WINDOWS\SYSTEM32\WINMM.dll
0x00007ffb474e0000 - 0x00007ffb4754c000 	C:\WINDOWS\System32\WS2_32.dll
0x00007ffb41d40000 - 0x00007ffb41d6a000 	C:\WINDOWS\SYSTEM32\winmmbase.dll
0x00007ffb472b0000 - 0x00007ffb472fa000 	C:\WINDOWS\System32\cfgmgr32.dll
0x00007ffb431f0000 - 0x00007ffb431ff000 	C:\Program Files\Java\jdk-9\bin\verify.dll
0x00007ffb3de80000 - 0x00007ffb3dea7000 	C:\Program Files\Java\jdk-9\bin\java.dll
0x00007ffb3d3b0000 - 0x00007ffb3d3da000 	C:\Program Files\Java\jdk-9\bin\instrument.dll
0x00007ffb431d0000 - 0x00007ffb431e6000 	C:\Program Files\Java\jdk-9\bin\zip.dll
0x00007ffb414d0000 - 0x00007ffb414da000 	C:\Program Files\Java\jdk-9\bin\jimage.dll
0x00007ffb47740000 - 0x00007ffb48b76000 	C:\WINDOWS\System32\SHELL32.dll
0x00007ffb47400000 - 0x00007ffb474a6000 	C:\WINDOWS\System32\shcore.dll
0x00007ffb462d0000 - 0x00007ffb46a17000 	C:\WINDOWS\System32\windows.storage.dll
0x00007ffb49a90000 - 0x00007ffb49ae1000 	C:\WINDOWS\System32\shlwapi.dll
0x00007ffb46240000 - 0x00007ffb46251000 	C:\WINDOWS\System32\kernel.appcore.dll
0x00007ffb46280000 - 0x00007ffb462cc000 	C:\WINDOWS\System32\powrprof.dll
0x00007ffb46220000 - 0x00007ffb4623b000 	C:\WINDOWS\System32\profapi.dll
0x00007ffb3de00000 - 0x00007ffb3de1a000 	C:\Program Files\Java\jdk-9\bin\net.dll
0x00007ffb3f170000 - 0x00007ffb3f24e000 	C:\WINDOWS\SYSTEM32\WINHTTP.dll
0x00007ffb45ab0000 - 0x00007ffb45b16000 	C:\WINDOWS\system32\mswsock.dll
0x00007ffb3dde0000 - 0x00007ffb3ddf1000 	C:\Program Files\Java\jdk-9\bin\nio.dll
0x00007ffb41120000 - 0x00007ffb41136000 	C:\WINDOWS\system32\napinsp.dll
0x00007ffb3dd30000 - 0x00007ffb3dd4a000 	C:\WINDOWS\system32\pnrpnsp.dll
0x00007ffb42850000 - 0x00007ffb42868000 	C:\WINDOWS\system32\NLAapi.dll
0x00007ffb45880000 - 0x00007ffb45936000 	C:\WINDOWS\SYSTEM32\DNSAPI.dll
0x00007ffb49760000 - 0x00007ffb49768000 	C:\WINDOWS\System32\NSI.dll
0x00007ffb45840000 - 0x00007ffb45879000 	C:\WINDOWS\SYSTEM32\IPHLPAPI.DLL
0x00007ffb416d0000 - 0x00007ffb416de000 	C:\WINDOWS\System32\winrnr.dll
0x00000000643e0000 - 0x0000000064406000 	C:\Program Files\Bonjour\mdnsNSP.dll
0x00007ffb3fb80000 - 0x00007ffb3fb8a000 	C:\Windows\System32\rasadhlp.dll
0x00007ffb3d5b0000 - 0x00007ffb3d620000 	C:\WINDOWS\System32\fwpuclnt.dll
0x00007ffb45d80000 - 0x00007ffb45da5000 	C:\WINDOWS\SYSTEM32\bcrypt.dll
0x00007ffb3ded0000 - 0x00007ffb3ded9000 	C:\Program Files\Java\jdk-9\bin\management.dll
0x00007ffb3ddb0000 - 0x00007ffb3ddba000 	C:\Program Files\Java\jdk-9\bin\management_ext.dll
0x00007ffb45c70000 - 0x00007ffb45c87000 	C:\WINDOWS\SYSTEM32\CRYPTSP.dll
0x00007ffb456b0000 - 0x00007ffb456e3000 	C:\WINDOWS\system32\rsaenh.dll
0x00007ffb46150000 - 0x00007ffb46179000 	C:\WINDOWS\SYSTEM32\USERENV.dll
0x00007ffb45c90000 - 0x00007ffb45c9b000 	C:\WINDOWS\SYSTEM32\CRYPTBASE.dll
0x00007ffb3ffb0000 - 0x00007ffb3ffc6000 	C:\WINDOWS\SYSTEM32\dhcpcsvc6.DLL
0x00007ffb3ff90000 - 0x00007ffb3ffaa000 	C:\WINDOWS\SYSTEM32\dhcpcsvc.DLL
0x00007ffb44cd0000 - 0x00007ffb44e98000 	C:\WINDOWS\SYSTEM32\dbghelp.dll

VM Arguments:
jvm_args: -javaagent:C:\\Users\\NPStudent\\.m2\\repository\\org\\jacoco\\org.jacoco.agent\\0.8.1\\org.jacoco.agent-0.8.1-runtime.jar=destfile=C:\\Users\\NPStudent\\Documents\\NetBeansProjects\\Karus-Commons\\commons\\target\\jacoco.exec 
java_command: C:\Users\NPSTUD~1\AppData\Local\Temp\surefire13654697135144498440\surefirebooter7045307729357434597.jar C:\Users\NPStudent\AppData\Local\Temp\surefire13654697135144498440 2018-05-12T17-46-14_100-jvmRun1 surefire2343879387840739136tmp surefire_011471230284690616960tmp
java_class_path (initial): C:\Users\NPSTUD~1\AppData\Local\Temp\surefire13654697135144498440\surefirebooter7045307729357434597.jar
Launcher Type: SUN_STANDARD

Logging:
Log output configuration:
#0: stdout all=warning uptime,level,tags
#1: stderr all=off uptime,level,tags

Environment Variables:
JAVA_HOME=C:\Program Files\Java\jdk-9
PATH=C:\Program Files (x86)\Common Files\Oracle\Java\javapath;C:\ProgramData\Oracle\Java\javapath;C:\Program Files (x86)\Intel\iCLS Client\;C:\Program Files\Intel\iCLS Client\;C:\Windows\system32;C:\Windows;C:\Windows\System32\Wbem;C:\Windows\System32\WindowsPowerShell\v1.0\;C:\Program Files (x86)\Intel\Intel(R) Management Engine Components\DAL;C:\Program Files\Intel\Intel(R) Management Engine Components\DAL;C:\Program Files (x86)\Intel\Intel(R) Management Engine Components\IPT;C:\Program Files\Intel\Intel(R) Management Engine Components\IPT;C:\WINDOWS\system32;C:\WINDOWS;C:\WINDOWS\System32\Wbem;C:\WINDOWS\System32\WindowsPowerShell\v1.0\;C:\Program Files\Microsoft\Web Platform Installer\;C:\Program Files\Microsoft DNX\Dnvm\;C:\Program Files\Microsoft SQL Server\130\Tools\Binn\;C:\Program Files (x86)\NVIDIA Corporation\PhysX\Common;C:\Program Files (x86)\PuTTY\;C:\Program Files\dotnet\;C:\WINDOWS\system32;C:\WINDOWS;C:\WINDOWS\System32\Wbem;C:\WINDOWS\System32\WindowsPowerShell\v1.0\;C:\Program Files (x86)\GtkSharp\2.12\bin;C:\Users\NPStudent\mingw64\bin;C:\Program Files\nodejs\;C:\Users\NPStudent\AppData\Local\Microsoft\WindowsApps;C:\Users\NPStudent\MSYS2\mingw64\bin;C:\Users\NPStudent\MSYS2\usr\bin;C:\Users\NPStudent\MSYS2\usr\bin;C:\Users\NPStudent\AppData\Roaming\npm
USERNAME=NPStudent
OS=Windows_NT
PROCESSOR_IDENTIFIER=Intel64 Family 6 Model 94 Stepping 3, GenuineIntel



---------------  S Y S T E M  ---------------

OS: Windows 10 , 64 bit Build 16299 (10.0.16299.15)

CPU:total 8 (initial active 8) (4 cores per cpu, 2 threads per core) family 6 model 94 stepping 3, cmov, cx8, fxsr, mmx, sse, sse2, sse3, ssse3, sse4.1, sse4.2, popcnt, avx, avx2, aes, clmul, erms, rtm, 3dnowpref, lzcnt, ht, tsc, tscinvbit, bmi1, bmi2, adx, fma

Memory: 4k page, physical 12476168k(6787476k free), swap 14376712k(6997168k free)

vm_info: Java HotSpot(TM) 64-Bit Server VM (9+181) for windows-amd64 JRE (9+181), built on Aug  2 2017 21:30:51 by "javare" with MS VC++ 12.0 (VS2013)

END.
