#
# A fatal error has been detected by the Java Runtime Environment:
#
#  EXCEPTION_ACCESS_VIOLATION (0xc0000005) at pc=0x0000000062ad1447, pid=11420, tid=15092
#
# JRE version: Java(TM) SE Runtime Environment (9.0+181) (build 9+181)
# Java VM: Java HotSpot(TM) 64-Bit Server VM (9+181, mixed mode, tiered, compressed oops, g1 gc, windows-amd64)
# Problematic frame:
# V  [jvm.dll+0x341447]
#
# No core dump will be written. Minidumps are not enabled by default on client versions of Windows
#
# If you would like to submit a bug report, please visit:
#   http://bugreport.java.com/bugreport/crash.jsp
#

---------------  S U M M A R Y ------------

Command Line: -javaagent:C:\\Users\\NPStudent\\.m2\\repository\\org\\jacoco\\org.jacoco.agent\\0.8.1\\org.jacoco.agent-0.8.1-runtime.jar=destfile=C:\\Users\\NPStudent\\Documents\\NetBeansProjects\\Karus-Commons\\commons\\target\\jacoco.exec C:\Users\NPSTUD~1\AppData\Local\Temp\surefire10143843125133401087\surefirebooter2199008646811673779.jar C:\Users\NPStudent\AppData\Local\Temp\surefire10143843125133401087 2018-05-12T19-04-04_947-jvmRun1 surefire18263112577420625732tmp surefire_08153742018695685010tmp

Host: Intel(R) Core(TM) i7-6700HQ CPU @ 2.60GHz, 8 cores, 11G,  Windows 10 , 64 bit Build 16299 (10.0.16299.15)
Time: Sat May 12 19:04:15 2018 Malay Peninsula Standard Time elapsed time: 8 seconds (0d 0h 0m 8s)

---------------  T H R E A D  ---------------

Current thread (0x0000019be9597000):  JavaThread "main" [_thread_in_vm, id=15092, stack(0x00000035b4d00000,0x00000035b4e00000)]

Stack: [0x00000035b4d00000,0x00000035b4e00000],  sp=0x00000035b4dfbc38,  free space=1007k
Native frames: (J=compiled Java code, j=interpreted, Vv=VM code, C=native code)
V  [jvm.dll+0x341447]

Java frames: (J=compiled Java code, j=interpreted, Vv=VM code)
j  java.lang.invoke.MethodHandleNatives.init(Ljava/lang/invoke/MemberName;Ljava/lang/Object;)V+0 java.base@9
j  java.lang.invoke.MemberName.<init>(Ljava/lang/reflect/Method;Z)V+11 java.base@9
j  java.lang.invoke.MemberName.<init>(Ljava/lang/reflect/Method;)V+3 java.base@9
j  java.lang.invoke.MethodHandles$Lookup.unreflect(Ljava/lang/reflect/Method;)Ljava/lang/invoke/MethodHandle;+47 java.base@9
j  com.karuslabs.commons.command.annotation.resolvers.CommandResolver.generate(Lcom/karuslabs/commons/command/CommandExecutors;Ljava/lang/reflect/Method;)Lcom/karuslabs/commons/command/CommandExecutor;+128
v  ~StubRoutines::call_stub
J 4687  jdk.internal.reflect.NativeMethodAccessorImpl.invoke0(Ljava/lang/reflect/Method;Ljava/lang/Object;[Ljava/lang/Object;)Ljava/lang/Object; java.base@9 (0 bytes) @ 0x0000019b87d01ddf [0x0000019b87d01d60+0x000000000000007f]
j  jdk.internal.reflect.NativeMethodAccessorImpl.invoke(Ljava/lang/Object;[Ljava/lang/Object;)Ljava/lang/Object;+100 java.base@9
J 4000 c1 jdk.internal.reflect.DelegatingMethodAccessorImpl.invoke(Ljava/lang/Object;[Ljava/lang/Object;)Ljava/lang/Object; java.base@9 (10 bytes) @ 0x0000019b87cc5504 [0x0000019b87cc54c0+0x0000000000000044]
J 9387 c1 java.lang.reflect.Method.invoke(Ljava/lang/Object;[Ljava/lang/Object;)Ljava/lang/Object; java.base@9 (217 bytes) @ 0x0000019b8177960c [0x0000019b81778ea0+0x000000000000076c]
j  org.mockito.internal.creation.bytebuddy.MockMethodAdvice.tryInvoke(Ljava/lang/reflect/Method;Ljava/lang/Object;[Ljava/lang/Object;)Ljava/lang/Object;+7
j  org.mockito.internal.creation.bytebuddy.MockMethodAdvice.access$400(Ljava/lang/reflect/Method;Ljava/lang/Object;[Ljava/lang/Object;)Ljava/lang/Object;+7
j  org.mockito.internal.creation.bytebuddy.MockMethodAdvice$RealMethodCall.invoke()Ljava/lang/Object;+85
j  org.mockito.internal.invocation.InterceptedInvocation.callRealMethod()Ljava/lang/Object;+34
j  org.mockito.internal.stubbing.answers.CallsRealMethods.answer(Lorg/mockito/invocation/InvocationOnMock;)Ljava/lang/Object;+36
j  org.mockito.Answers.answer(Lorg/mockito/invocation/InvocationOnMock;)Ljava/lang/Object;+9
j  org.mockito.internal.handler.MockHandlerImpl.handle(Lorg/mockito/invocation/Invocation;)Ljava/lang/Object;+344
j  org.mockito.internal.handler.NullResultGuardian.handle(Lorg/mockito/invocation/Invocation;)Ljava/lang/Object;+9
j  org.mockito.internal.handler.InvocationNotifierHandler.handle(Lorg/mockito/invocation/Invocation;)Ljava/lang/Object;+9
J 9235 c1 org.mockito.internal.creation.bytebuddy.MockMethodInterceptor.doIntercept(Ljava/lang/Object;Ljava/lang/reflect/Method;[Ljava/lang/Object;Lorg/mockito/internal/invocation/RealMethod;Lorg/mockito/invocation/Location;)Ljava/lang/Object; (34 bytes) @ 0x0000019b8170a944 [0x0000019b8170a860+0x00000000000000e4]
j  org.mockito.internal.creation.bytebuddy.MockMethodAdvice.handle(Ljava/lang/Object;Ljava/lang/reflect/Method;[Ljava/lang/Object;)Ljava/util/concurrent/Callable;+147
j  com.karuslabs.commons.command.annotation.resolvers.CommandResolver.generate(Lcom/karuslabs/commons/command/CommandExecutors;Ljava/lang/reflect/Method;)Lcom/karuslabs/commons/command/CommandExecutor;+92
j  com.karuslabs.commons.command.annotation.resolvers.CommandResolverTest.lambda$generate_ThrowsException$1(Lcom/karuslabs/commons/command/annotation/resolvers/CommandResolverTest$C;Ljava/lang/reflect/Method;)V+10
j  com.karuslabs.commons.command.annotation.resolvers.CommandResolverTest$$Lambda$339.execute()V+12
j  org.junit.jupiter.api.AssertThrows.assertThrows(Ljava/lang/Class;Lorg/junit/jupiter/api/function/Executable;Ljava/lang/Object;)Ljava/lang/Throwable;+5
j  org.junit.jupiter.api.AssertThrows.assertThrows(Ljava/lang/Class;Lorg/junit/jupiter/api/function/Executable;)Ljava/lang/Throwable;+7
j  org.junit.jupiter.api.Assertions.assertThrows(Ljava/lang/Class;Lorg/junit/jupiter/api/function/Executable;)Ljava/lang/Throwable;+6
j  com.karuslabs.commons.command.annotation.resolvers.CommandResolverTest.generate_ThrowsException()V+62
v  ~StubRoutines::call_stub
J 4687  jdk.internal.reflect.NativeMethodAccessorImpl.invoke0(Ljava/lang/reflect/Method;Ljava/lang/Object;[Ljava/lang/Object;)Ljava/lang/Object; java.base@9 (0 bytes) @ 0x0000019b87d01ddf [0x0000019b87d01d60+0x000000000000007f]
J 7845 c1 jdk.internal.reflect.NativeMethodAccessorImpl.invoke(Ljava/lang/Object;[Ljava/lang/Object;)Ljava/lang/Object; java.base@9 (104 bytes) @ 0x0000019b8142cab4 [0x0000019b8142c6c0+0x00000000000003f4]
J 4000 c1 jdk.internal.reflect.DelegatingMethodAccessorImpl.invoke(Ljava/lang/Object;[Ljava/lang/Object;)Ljava/lang/Object; java.base@9 (10 bytes) @ 0x0000019b87cc5504 [0x0000019b87cc54c0+0x0000000000000044]
J 6633 c1 java.lang.reflect.Method.invoke(Ljava/lang/Object;[Ljava/lang/Object;)Ljava/lang/Object; java.base@9 (65 bytes) @ 0x0000019b8119d484 [0x0000019b8119d360+0x0000000000000124]
j  org.junit.platform.commons.util.ReflectionUtils.invokeMethod(Ljava/lang/reflect/Method;Ljava/lang/Object;[Ljava/lang/Object;)Ljava/lang/Object;+78
j  org.junit.jupiter.engine.execution.ExecutableInvoker.invoke(Ljava/lang/reflect/Method;Ljava/lang/Object;Lorg/junit/jupiter/api/extension/ExtensionContext;Lorg/junit/jupiter/engine/extension/ExtensionRegistry;)Ljava/lang/Object;+61
j  org.junit.jupiter.engine.descriptor.TestMethodTestDescriptor.lambda$invokeTestMethod$6(Lorg/junit/jupiter/api/extension/ExtensionContext;Lorg/junit/jupiter/engine/execution/JupiterEngineExecutionContext;)V+40
j  org.junit.jupiter.engine.descriptor.TestMethodTestDescriptor$$Lambda$264.execute()V+12
j  org.junit.jupiter.engine.execution.ThrowableCollector.execute(Lorg/junit/jupiter/api/function/Executable;)V+5
j  org.junit.jupiter.engine.descriptor.TestMethodTestDescriptor.invokeTestMethod(Lorg/junit/jupiter/engine/execution/JupiterEngineExecutionContext;Lorg/junit/platform/engine/support/hierarchical/Node$DynamicTestExecutor;)V+37
j  org.junit.jupiter.engine.descriptor.TestMethodTestDescriptor.execute(Lorg/junit/jupiter/engine/execution/JupiterEngineExecutionContext;Lorg/junit/platform/engine/support/hierarchical/Node$DynamicTestExecutor;)Lorg/junit/jupiter/engine/execution/JupiterEngineExecutionContext;+111
j  org.junit.jupiter.engine.descriptor.TestMethodTestDescriptor.execute(Lorg/junit/platform/engine/support/hierarchical/EngineExecutionContext;Lorg/junit/platform/engine/support/hierarchical/Node$DynamicTestExecutor;)Lorg/junit/platform/engine/support/hierarchical/EngineExecutionContext;+10
j  org.junit.platform.engine.support.hierarchical.HierarchicalTestExecutor$NodeExecutor.lambda$executeRecursively$3(Lorg/junit/platform/engine/support/hierarchical/ExecutionTracker;)V+49
j  org.junit.platform.engine.support.hierarchical.HierarchicalTestExecutor$NodeExecutor$$Lambda$165.execute()V+8
j  org.junit.platform.engine.support.hierarchical.SingleTestExecutor.executeSafely(Lorg/junit/platform/engine/support/hierarchical/SingleTestExecutor$Executable;)Lorg/junit/platform/engine/TestExecutionResult;+5
j  org.junit.platform.engine.support.hierarchical.HierarchicalTestExecutor$NodeExecutor.executeRecursively(Lorg/junit/platform/engine/support/hierarchical/ExecutionTracker;)V+36
j  org.junit.platform.engine.support.hierarchical.HierarchicalTestExecutor$NodeExecutor.execute(Lorg/junit/platform/engine/support/hierarchical/EngineExecutionContext;Lorg/junit/platform/engine/support/hierarchical/ExecutionTracker;)V+103
j  org.junit.platform.engine.support.hierarchical.HierarchicalTestExecutor$NodeExecutor.lambda$executeRecursively$2(Lorg/junit/platform/engine/support/hierarchical/ExecutionTracker;Lorg/junit/platform/engine/TestDescriptor;)V+21
j  org.junit.platform.engine.support.hierarchical.HierarchicalTestExecutor$NodeExecutor$$Lambda$168.accept(Ljava/lang/Object;)V+12
J 8162 c1 java.util.stream.ForEachOps$ForEachOp$OfRef.accept(Ljava/lang/Object;)V java.base@9 (11 bytes) @ 0x0000019b814c7da4 [0x0000019b814c7d40+0x0000000000000064]
J 7913 c2 java.util.stream.ReferencePipeline$2$1.accept(Ljava/lang/Object;)V java.base@9 (27 bytes) @ 0x0000019b87ded1a4 [0x0000019b87ded120+0x0000000000000084]
J 6797 c1 java.util.Iterator.forEachRemaining(Ljava/util/function/Consumer;)V java.base@9 (30 bytes) @ 0x0000019b811eb094 [0x0000019b811eb000+0x0000000000000094]
J 7915 c1 java.util.Spliterators$IteratorSpliterator.forEachRemaining(Ljava/util/function/Consumer;)V java.base@9 (58 bytes) @ 0x0000019b8145220c [0x0000019b81452100+0x000000000000010c]
J 3561 c2 java.util.stream.AbstractPipeline.copyInto(Ljava/util/stream/Sink;Ljava/util/Spliterator;)V java.base@9 (54 bytes) @ 0x0000019b87db4964 [0x0000019b87db41e0+0x0000000000000784]
J 8029 c2 java.util.stream.AbstractPipeline.wrapAndCopyInto(Ljava/util/stream/Sink;Ljava/util/Spliterator;)Ljava/util/stream/Sink; java.base@9 (18 bytes) @ 0x0000019b87e0c0f4 [0x0000019b87e0c040+0x00000000000000b4]
j  java.util.stream.ForEachOps$ForEachOp.evaluateSequential(Ljava/util/stream/PipelineHelper;Ljava/util/Spliterator;)Ljava/lang/Void;+3 java.base@9
j  java.util.stream.ForEachOps$ForEachOp$OfRef.evaluateSequential(Ljava/util/stream/PipelineHelper;Ljava/util/Spliterator;)Ljava/lang/Object;+3 java.base@9
J 8350 c2 java.util.stream.AbstractPipeline.evaluate(Ljava/util/stream/TerminalOp;)Ljava/lang/Object; java.base@9 (94 bytes) @ 0x0000019b87e0c898 [0x0000019b87e0c7a0+0x00000000000000f8]
J 7850 c1 java.util.stream.ReferencePipeline.forEach(Ljava/util/function/Consumer;)V java.base@9 (11 bytes) @ 0x0000019b81433fbc [0x0000019b81433ee0+0x00000000000000dc]
j  org.junit.platform.engine.support.hierarchical.HierarchicalTestExecutor$NodeExecutor.lambda$executeRecursively$3(Lorg/junit/platform/engine/support/hierarchical/ExecutionTracker;)V+104
j  org.junit.platform.engine.support.hierarchical.HierarchicalTestExecutor$NodeExecutor$$Lambda$165.execute()V+8
j  org.junit.platform.engine.support.hierarchical.SingleTestExecutor.executeSafely(Lorg/junit/platform/engine/support/hierarchical/SingleTestExecutor$Executable;)Lorg/junit/platform/engine/TestExecutionResult;+5
j  org.junit.platform.engine.support.hierarchical.HierarchicalTestExecutor$NodeExecutor.executeRecursively(Lorg/junit/platform/engine/support/hierarchical/ExecutionTracker;)V+36
j  org.junit.platform.engine.support.hierarchical.HierarchicalTestExecutor$NodeExecutor.execute(Lorg/junit/platform/engine/support/hierarchical/EngineExecutionContext;Lorg/junit/platform/engine/support/hierarchical/ExecutionTracker;)V+103
j  org.junit.platform.engine.support.hierarchical.HierarchicalTestExecutor$NodeExecutor.lambda$executeRecursively$2(Lorg/junit/platform/engine/support/hierarchical/ExecutionTracker;Lorg/junit/platform/engine/TestDescriptor;)V+21
j  org.junit.platform.engine.support.hierarchical.HierarchicalTestExecutor$NodeExecutor$$Lambda$168.accept(Ljava/lang/Object;)V+12
J 8162 c1 java.util.stream.ForEachOps$ForEachOp$OfRef.accept(Ljava/lang/Object;)V java.base@9 (11 bytes) @ 0x0000019b814c7da4 [0x0000019b814c7d40+0x0000000000000064]
J 7913 c2 java.util.stream.ReferencePipeline$2$1.accept(Ljava/lang/Object;)V java.base@9 (27 bytes) @ 0x0000019b87ded1a4 [0x0000019b87ded120+0x0000000000000084]
j  java.util.Iterator.forEachRemaining(Ljava/util/function/Consumer;)V+21 java.base@9
J 1989 c1 java.util.Spliterators$IteratorSpliterator.forEachRemaining(Ljava/util/function/Consumer;)V java.base@9 (58 bytes) @ 0x0000019b80a10a34 [0x0000019b80a10700+0x0000000000000334]
J 2310 c2 java.util.stream.AbstractPipeline.wrapAndCopyInto(Ljava/util/stream/Sink;Ljava/util/Spliterator;)Ljava/util/stream/Sink; java.base@9 (18 bytes) @ 0x0000019b87bc8f0c [0x0000019b87bc8da0+0x000000000000016c]
J 2312 c1 java.util.stream.ForEachOps$ForEachOp$OfRef.evaluateSequential(Ljava/util/stream/PipelineHelper;Ljava/util/Spliterator;)Ljava/lang/Object; java.base@9 (7 bytes) @ 0x0000019b80aa13ac [0x0000019b80aa1340+0x000000000000006c]
J 2308 c2 java.util.stream.AbstractPipeline.evaluate(Ljava/util/stream/TerminalOp;)Ljava/lang/Object; java.base@9 (94 bytes) @ 0x0000019b87bbf818 [0x0000019b87bbf720+0x00000000000000f8]
J 2243 c1 java.util.stream.ReferencePipeline.forEach(Ljava/util/function/Consumer;)V java.base@9 (11 bytes) @ 0x0000019b80a8993c [0x0000019b80a89860+0x00000000000000dc]
j  org.junit.platform.engine.support.hierarchical.HierarchicalTestExecutor$NodeExecutor.lambda$executeRecursively$3(Lorg/junit/platform/engine/support/hierarchical/ExecutionTracker;)V+104
j  org.junit.platform.engine.support.hierarchical.HierarchicalTestExecutor$NodeExecutor$$Lambda$165.execute()V+8
j  org.junit.platform.engine.support.hierarchical.SingleTestExecutor.executeSafely(Lorg/junit/platform/engine/support/hierarchical/SingleTestExecutor$Executable;)Lorg/junit/platform/engine/TestExecutionResult;+5
j  org.junit.platform.engine.support.hierarchical.HierarchicalTestExecutor$NodeExecutor.executeRecursively(Lorg/junit/platform/engine/support/hierarchical/ExecutionTracker;)V+36
j  org.junit.platform.engine.support.hierarchical.HierarchicalTestExecutor$NodeExecutor.execute(Lorg/junit/platform/engine/support/hierarchical/EngineExecutionContext;Lorg/junit/platform/engine/support/hierarchical/ExecutionTracker;)V+103
j  org.junit.platform.engine.support.hierarchical.HierarchicalTestExecutor.execute()V+27
j  org.junit.platform.engine.support.hierarchical.HierarchicalTestEngine.execute(Lorg/junit/platform/engine/ExecutionRequest;)V+17
j  org.junit.platform.launcher.core.DefaultLauncher.execute(Lorg/junit/platform/engine/TestEngine;Lorg/junit/platform/engine/ExecutionRequest;)V+6
j  org.junit.platform.launcher.core.DefaultLauncher.execute(Lorg/junit/platform/launcher/core/Root;Lorg/junit/platform/engine/ConfigurationParameters;[Lorg/junit/platform/launcher/TestExecutionListener;)V+154
j  org.junit.platform.launcher.core.DefaultLauncher.execute(Lorg/junit/platform/launcher/LauncherDiscoveryRequest;[Lorg/junit/platform/launcher/TestExecutionListener;)V+55
j  org.junit.platform.surefire.provider.JUnitPlatformProvider.invokeAllTests(Lorg/apache/maven/surefire/util/TestsToRun;)Lorg/apache/maven/surefire/suite/RunResult;+81
j  org.junit.platform.surefire.provider.JUnitPlatformProvider.invoke(Ljava/lang/Object;)Lorg/apache/maven/surefire/suite/RunResult;+73
j  org.apache.maven.surefire.booter.ForkedBooter.invokeProviderInSameClassLoader(Lorg/apache/maven/surefire/booter/ForkingReporterFactory;)Lorg/apache/maven/surefire/suite/RunResult;+18
j  org.apache.maven.surefire.booter.ForkedBooter.runSuitesInProcess()Lorg/apache/maven/surefire/suite/RunResult;+16
j  org.apache.maven.surefire.booter.ForkedBooter.execute()V+5
j  org.apache.maven.surefire.booter.ForkedBooter.main([Ljava/lang/String;)V+59
v  ~StubRoutines::call_stub

siginfo: EXCEPTION_ACCESS_VIOLATION (0xc0000005), reading address 0x0000000000000050


Register to memory mapping:

RIP=0x0000000062ad1447 jvm.dll
RAX=0x0000000000000050 is an unknown value
RBX=0x0000000000000000 is an unknown value
RCX=0x0000000000000000 is an unknown value
RDX=0x0000000000000000 is an unknown value
RSP=0x00000035b4dfbc38 is pointing into the stack for thread: 0x0000019be9597000
RBP=0x00000035b4dfbd98 is pointing into the stack for thread: 0x0000019be9597000
RSI=0x0000019be9597000 is a thread
RDI=0x0000000000000000 is an unknown value
R8 =0x00000035b4dfbdc0 is pointing into the stack for thread: 0x0000019be9597000
R9 =0x00000035b4dfbdb8 is pointing into the stack for thread: 0x0000019be9597000
R10=0x0000019b800191f0 is at code_begin+976 in an Interpreter codelet
method entry point (kind = native)  [0x0000019b80018e20, 0x0000019b80019980]  2912 bytes
R11=0x0000000701b55af0 is an oop
java.lang.Class 
{0x0000000701b55af0} - klass: 'java/lang/Class'
R12=0x0000000000000000 is an unknown value
R13={method} {0x0000019b8f49f808} 'init' '(Ljava/lang/invoke/MemberName;Ljava/lang/Object;)V' in 'java/lang/invoke/MethodHandleNatives'
R14=0x00000035b4dfbdb8 is pointing into the stack for thread: 0x0000019be9597000
R15=0x0000019be9597000 is a thread


Registers:
RAX=0x0000000000000050, RBX=0x0000000000000000, RCX=0x0000000000000000, RDX=0x0000000000000000
RSP=0x00000035b4dfbc38, RBP=0x00000035b4dfbd98, RSI=0x0000019be9597000, RDI=0x0000000000000000
R8 =0x00000035b4dfbdc0, R9 =0x00000035b4dfbdb8, R10=0x0000019b800191f0, R11=0x0000000701b55af0
R12=0x0000000000000000, R13=0x0000019b8f49f800, R14=0x00000035b4dfbdb8, R15=0x0000019be9597000
RIP=0x0000000062ad1447, EFLAGS=0x0000000000010246

Top of Stack: (sp=0x00000035b4dfbc38)
0x00000035b4dfbc38:   0000000062ce1cbb 00000035b4dfbca0
0x00000035b4dfbc48:   0000019b931120d0 0000000000000000
0x00000035b4dfbc58:   0000000706c55c88 0000019b95da6990
0x00000035b4dfbc68:   0000000000000000 00000035b4dfbcb0
0x00000035b4dfbc78:   00000035b4dfbdf0 000000070d2e0c00
0x00000035b4dfbc88:   0000000000000000 00000035b4dfbd00
0x00000035b4dfbc98:   0000019b8000b603 00000035b4dfbd00
0x00000035b4dfbca8:   0000000000000000 0000000706d59cb8
0x00000035b4dfbcb8:   00000035b4dfbcb8 0000019b961a5d0d
0x00000035b4dfbcc8:   00000035b4dfbd20 0000019be9597bd0
0x00000035b4dfbcd8:   0000000062cdef55 0000019be9597bd0
0x00000035b4dfbce8:   0000019be9597bd8 0000019be9597000
0x00000035b4dfbcf8:   00000035b4dfbd18 00000035b4dfbd70
0x00000035b4dfbd08:   0000019b8000b603 00000035b4dfbdc0
0x00000035b4dfbd18:   0000019b8001921c 0000019b8f49f800
0x00000035b4dfbd28:   0000000020200030 00000000000020e8 

Instructions: (pc=0x0000000062ad1447)
0x0000000062ad1427:   83 c4 70 5f c3 e8 af d1 e6 ff 48 8b 9c 24 88 00
0x0000000062ad1437:   00 00 48 83 c4 70 5f c3 cc 48 63 05 b5 bd 61 00
0x0000000062ad1447:   48 8b 04 08 c3 cc cc cc cc 48 83 ec 28 48 63 05
0x0000000062ad1457:   a1 bd 61 00 48 8b 14 08 48 85 d2 75 30 48 63 05 



---------------  P R O C E S S  ---------------

Java Threads: ( => current thread )
  0x0000019b908b8000 JavaThread "surefire-forkedjvm-ping-30s" daemon [_thread_blocked, id=9908, stack(0x00000035b7000000,0x00000035b7100000)]
  0x0000019b908cd800 JavaThread "surefire-forkedjvm-command-thread" daemon [_thread_in_native, id=7112, stack(0x00000035b6f00000,0x00000035b7000000)]
  0x0000019b9026d800 JavaThread "Service Thread" daemon [_thread_blocked, id=2980, stack(0x00000035b6d00000,0x00000035b6e00000)]
  0x0000019b8fed4000 JavaThread "Common-Cleaner" daemon [_thread_blocked, id=14544, stack(0x00000035b6c00000,0x00000035b6d00000)]
  0x0000019b8f416000 JavaThread "Sweeper thread" daemon [_thread_blocked, id=13068, stack(0x00000035b6b00000,0x00000035b6c00000)]
  0x0000019b8f414800 JavaThread "C1 CompilerThread3" daemon [_thread_blocked, id=10164, stack(0x00000035b6a00000,0x00000035b6b00000)]
  0x0000019b8f414000 JavaThread "C2 CompilerThread2" daemon [_thread_in_native, id=16188, stack(0x00000035b6900000,0x00000035b6a00000)]
  0x0000019b8f411000 JavaThread "C2 CompilerThread1" daemon [_thread_in_native, id=15656, stack(0x00000035b6800000,0x00000035b6900000)]
  0x0000019b8f410000 JavaThread "C2 CompilerThread0" daemon [_thread_in_native, id=464, stack(0x00000035b6700000,0x00000035b6800000)]
  0x0000019b8f40f000 JavaThread "Attach Listener" daemon [_thread_blocked, id=9900, stack(0x00000035b6600000,0x00000035b6700000)]
  0x0000019b8f40a800 JavaThread "Signal Dispatcher" daemon [_thread_blocked, id=14472, stack(0x00000035b6500000,0x00000035b6600000)]
  0x0000019b8f3bb800 JavaThread "Finalizer" daemon [_thread_blocked, id=8608, stack(0x00000035b6400000,0x00000035b6500000)]
  0x0000019b8f3ab800 JavaThread "Reference Handler" daemon [_thread_blocked, id=16272, stack(0x00000035b6300000,0x00000035b6400000)]
=>0x0000019be9597000 JavaThread "main" [_thread_in_vm, id=15092, stack(0x00000035b4d00000,0x00000035b4e00000)]

Other Threads:
  0x0000019b8f3a5800 VMThread "VM Thread" [stack: 0x00000035b6200000,0x00000035b6300000] [id=5184]
  0x0000019b90255000 WatcherThread [stack: 0x00000035b6e00000,0x00000035b6f00000] [id=5088]
  0x0000019be95ae000 GCTaskThread "GC Thread#0" [stack: 0x00000035b4e00000,0x00000035b4f00000] [id=6920]
  0x0000019be95af800 GCTaskThread "GC Thread#1" [stack: 0x00000035b4f00000,0x00000035b5000000] [id=15216]
  0x0000019be95b1800 GCTaskThread "GC Thread#2" [stack: 0x00000035b5000000,0x00000035b5100000] [id=7612]
  0x0000019be95b3000 GCTaskThread "GC Thread#3" [stack: 0x00000035b5100000,0x00000035b5200000] [id=10744]
  0x0000019be95b7800 GCTaskThread "GC Thread#4" [stack: 0x00000035b5200000,0x00000035b5300000] [id=11300]
  0x0000019be95b9800 GCTaskThread "GC Thread#5" [stack: 0x00000035b5300000,0x00000035b5400000] [id=5804]
  0x0000019be95bf800 GCTaskThread "GC Thread#6" [stack: 0x00000035b5400000,0x00000035b5500000] [id=2876]
  0x0000019be95bd000 GCTaskThread "GC Thread#7" [stack: 0x00000035b5500000,0x00000035b5600000] [id=9868]
  0x0000019be962c000 ConcurrentGCThread "G1 Main Marker" [stack: 0x00000035b5f00000,0x00000035b6000000] [id=3556]
  0x0000019be95be800 ConcurrentGCThread "G1 Marker#0" [stack: 0x00000035b6000000,0x00000035b6100000] [id=9876]
  0x0000019be95c0800 ConcurrentGCThread "G1 Marker#1" [stack: 0x00000035b6100000,0x00000035b6200000] [id=9732]
  0x0000019be95d4800 ConcurrentGCThread "G1 Refine#0" [stack: 0x00000035b5d00000,0x00000035b5e00000] [id=14188]
  0x0000019be95d4000 ConcurrentGCThread "G1 Refine#1" [stack: 0x00000035b5c00000,0x00000035b5d00000] [id=14968]
  0x0000019be95d8000 ConcurrentGCThread "G1 Refine#2" [stack: 0x00000035b5b00000,0x00000035b5c00000] [id=3032]
  0x0000019be95d9800 ConcurrentGCThread "G1 Refine#3" [stack: 0x00000035b5a00000,0x00000035b5b00000] [id=11940]
  0x0000019be95d6000 ConcurrentGCThread "G1 Refine#4" [stack: 0x00000035b5900000,0x00000035b5a00000] [id=14980]
  0x0000019be95d7800 ConcurrentGCThread "G1 Refine#5" [stack: 0x00000035b5800000,0x00000035b5900000] [id=14700]
  0x0000019be95db000 ConcurrentGCThread "G1 Refine#6" [stack: 0x00000035b5700000,0x00000035b5800000] [id=11860]
  0x0000019be95d2800 ConcurrentGCThread "G1 Refine#7" [stack: 0x00000035b5600000,0x00000035b5700000] [id=9948]
  0x0000019be95f2000 ConcurrentGCThread "G1 Young RemSet Sampling" [stack: 0x00000035b5e00000,0x00000035b5f00000] [id=8904]

Threads with active compile tasks:
C2 CompilerThread29350       4       net.bytebuddy.description.type.TypeDefinition$Sort::describe (184 bytes)
C2 CompilerThread19384       4       net.bytebuddy.description.method.ParameterList$ForLoadedExecutable::size (21 bytes)
C2 CompilerThread09105       4       net.bytebuddy.description.type.TypeDescription$Generic$OfNonGenericType::represents (20 bytes)

VM state:not at safepoint (normal execution)

VM Mutex/Monitor currently owned by a thread: None

Heap address: 0x0000000701a00000, size: 3046 MB, Compressed Oops mode: Zero based, Oop shift amount: 3
Narrow klass base: 0x0000000000000000, Narrow klass shift: 3
Compressed class space size: 1073741824 Address: 0x00000007c0000000

Heap:
 garbage-first heap   total 196608K, used 19957K [0x0000000701a00000, 0x0000000701b00600, 0x00000007c0000000)
  region size 1024K, 17 young (17408K), 9 survivors (9216K)
 Metaspace       used 27589K, capacity 29260K, committed 29312K, reserved 1075200K
  class space    used 3133K, capacity 3431K, committed 3456K, reserved 1048576K
Heap Regions: E=young(eden), S=young(survivor), O=old, HS=humongous(starts), HC=humongous(continues), CS=collection set, F=free, A=archive, TS=gc time stamp, AC=allocation context, TAMS=top-at-mark-start (previous, next)
|   0|0x0000000701a00000, 0x0000000701b00000, 0x0000000701b00000|100%| O|  |TS  0|AC  0|TAMS 0x0000000701b00000, 0x0000000701b00000|
|   1|0x0000000701b00000, 0x0000000701c00000, 0x0000000701c00000|100%| O|  |TS  0|AC  0|TAMS 0x0000000701c00000, 0x0000000701c00000|
|   2|0x0000000701c00000, 0x0000000701d00000, 0x0000000701d00000|100%| O|  |TS  0|AC  0|TAMS 0x0000000701d00000, 0x0000000701d00000|
|   3|0x0000000701d00000, 0x0000000701dbc400, 0x0000000701e00000| 73%| O|  |TS  3|AC  0|TAMS 0x0000000701dbc400, 0x0000000701dbc400|
|   4|0x0000000701e00000, 0x0000000701e00000, 0x0000000701f00000|  0%| F|  |TS  3|AC  0|TAMS 0x0000000701e00000, 0x0000000701e00000|
|   5|0x0000000701f00000, 0x0000000701f00000, 0x0000000702000000|  0%| F|  |TS  3|AC  0|TAMS 0x0000000701f00000, 0x0000000701f00000|
|   6|0x0000000702000000, 0x0000000702000000, 0x0000000702100000|  0%| F|  |TS  3|AC  0|TAMS 0x0000000702000000, 0x0000000702000000|
|   7|0x0000000702100000, 0x0000000702100000, 0x0000000702200000|  0%| F|  |TS  3|AC  0|TAMS 0x0000000702100000, 0x0000000702100000|
|   8|0x0000000702200000, 0x0000000702200000, 0x0000000702300000|  0%| F|  |TS  3|AC  0|TAMS 0x0000000702200000, 0x0000000702200000|
|   9|0x0000000702300000, 0x0000000702300000, 0x0000000702400000|  0%| F|  |TS  3|AC  0|TAMS 0x0000000702300000, 0x0000000702300000|
|  10|0x0000000702400000, 0x0000000702400000, 0x0000000702500000|  0%| F|  |TS  0|AC  0|TAMS 0x0000000702400000, 0x0000000702400000|
|  11|0x0000000702500000, 0x0000000702500000, 0x0000000702600000|  0%| F|  |TS  0|AC  0|TAMS 0x0000000702500000, 0x0000000702500000|
|  12|0x0000000702600000, 0x0000000702600000, 0x0000000702700000|  0%| F|  |TS  0|AC  0|TAMS 0x0000000702600000, 0x0000000702600000|
|  13|0x0000000702700000, 0x0000000702700000, 0x0000000702800000|  0%| F|  |TS  0|AC  0|TAMS 0x0000000702700000, 0x0000000702700000|
|  14|0x0000000702800000, 0x0000000702800000, 0x0000000702900000|  0%| F|  |TS  0|AC  0|TAMS 0x0000000702800000, 0x0000000702800000|
|  15|0x0000000702900000, 0x0000000702900000, 0x0000000702a00000|  0%| F|  |TS  0|AC  0|TAMS 0x0000000702900000, 0x0000000702900000|
|  16|0x0000000702a00000, 0x0000000702a00000, 0x0000000702b00000|  0%| F|  |TS  0|AC  0|TAMS 0x0000000702a00000, 0x0000000702a00000|
|  17|0x0000000702b00000, 0x0000000702b00000, 0x0000000702c00000|  0%| F|  |TS  0|AC  0|TAMS 0x0000000702b00000, 0x0000000702b00000|
|  18|0x0000000702c00000, 0x0000000702c00000, 0x0000000702d00000|  0%| F|  |TS  0|AC  0|TAMS 0x0000000702c00000, 0x0000000702c00000|
|  19|0x0000000702d00000, 0x0000000702d00000, 0x0000000702e00000|  0%| F|  |TS  0|AC  0|TAMS 0x0000000702d00000, 0x0000000702d00000|
|  20|0x0000000702e00000, 0x0000000702e00000, 0x0000000702f00000|  0%| F|  |TS  0|AC  0|TAMS 0x0000000702e00000, 0x0000000702e00000|
|  21|0x0000000702f00000, 0x0000000702f00000, 0x0000000703000000|  0%| F|  |TS  0|AC  0|TAMS 0x0000000702f00000, 0x0000000702f00000|
|  22|0x0000000703000000, 0x0000000703000000, 0x0000000703100000|  0%| F|  |TS  0|AC  0|TAMS 0x0000000703000000, 0x0000000703000000|
|  23|0x0000000703100000, 0x0000000703100000, 0x0000000703200000|  0%| F|  |TS  0|AC  0|TAMS 0x0000000703100000, 0x0000000703100000|
|  24|0x0000000703200000, 0x0000000703200000, 0x0000000703300000|  0%| F|  |TS  0|AC  0|TAMS 0x0000000703200000, 0x0000000703200000|
|  25|0x0000000703300000, 0x0000000703300000, 0x0000000703400000|  0%| F|  |TS  0|AC  0|TAMS 0x0000000703300000, 0x0000000703300000|
|  26|0x0000000703400000, 0x0000000703400000, 0x0000000703500000|  0%| F|  |TS  0|AC  0|TAMS 0x0000000703400000, 0x0000000703400000|
|  27|0x0000000703500000, 0x0000000703500000, 0x0000000703600000|  0%| F|  |TS  0|AC  0|TAMS 0x0000000703500000, 0x0000000703500000|
|  28|0x0000000703600000, 0x0000000703600000, 0x0000000703700000|  0%| F|  |TS  0|AC  0|TAMS 0x0000000703600000, 0x0000000703600000|
|  29|0x0000000703700000, 0x0000000703700000, 0x0000000703800000|  0%| F|  |TS  0|AC  0|TAMS 0x0000000703700000, 0x0000000703700000|
|  30|0x0000000703800000, 0x0000000703800000, 0x0000000703900000|  0%| F|  |TS  0|AC  0|TAMS 0x0000000703800000, 0x0000000703800000|
|  31|0x0000000703900000, 0x0000000703900000, 0x0000000703a00000|  0%| F|  |TS  0|AC  0|TAMS 0x0000000703900000, 0x0000000703900000|
|  32|0x0000000703a00000, 0x0000000703a00000, 0x0000000703b00000|  0%| F|  |TS  0|AC  0|TAMS 0x0000000703a00000, 0x0000000703a00000|
|  33|0x0000000703b00000, 0x0000000703b00000, 0x0000000703c00000|  0%| F|  |TS  0|AC  0|TAMS 0x0000000703b00000, 0x0000000703b00000|
|  34|0x0000000703c00000, 0x0000000703c00000, 0x0000000703d00000|  0%| F|  |TS  0|AC  0|TAMS 0x0000000703c00000, 0x0000000703c00000|
|  35|0x0000000703d00000, 0x0000000703d00000, 0x0000000703e00000|  0%| F|  |TS  0|AC  0|TAMS 0x0000000703d00000, 0x0000000703d00000|
|  36|0x0000000703e00000, 0x0000000703e00000, 0x0000000703f00000|  0%| F|  |TS  0|AC  0|TAMS 0x0000000703e00000, 0x0000000703e00000|
|  37|0x0000000703f00000, 0x0000000703f00000, 0x0000000704000000|  0%| F|  |TS  0|AC  0|TAMS 0x0000000703f00000, 0x0000000703f00000|
|  38|0x0000000704000000, 0x0000000704000000, 0x0000000704100000|  0%| F|  |TS  0|AC  0|TAMS 0x0000000704000000, 0x0000000704000000|
|  39|0x0000000704100000, 0x0000000704100000, 0x0000000704200000|  0%| F|  |TS  0|AC  0|TAMS 0x0000000704100000, 0x0000000704100000|
|  40|0x0000000704200000, 0x0000000704200000, 0x0000000704300000|  0%| F|  |TS  0|AC  0|TAMS 0x0000000704200000, 0x0000000704200000|
|  41|0x0000000704300000, 0x0000000704300000, 0x0000000704400000|  0%| F|  |TS  0|AC  0|TAMS 0x0000000704300000, 0x0000000704300000|
|  42|0x0000000704400000, 0x0000000704400000, 0x0000000704500000|  0%| F|  |TS  0|AC  0|TAMS 0x0000000704400000, 0x0000000704400000|
|  43|0x0000000704500000, 0x0000000704500000, 0x0000000704600000|  0%| F|  |TS  0|AC  0|TAMS 0x0000000704500000, 0x0000000704500000|
|  44|0x0000000704600000, 0x0000000704600000, 0x0000000704700000|  0%| F|  |TS  0|AC  0|TAMS 0x0000000704600000, 0x0000000704600000|
|  45|0x0000000704700000, 0x0000000704700000, 0x0000000704800000|  0%| F|  |TS  0|AC  0|TAMS 0x0000000704700000, 0x0000000704700000|
|  46|0x0000000704800000, 0x0000000704800000, 0x0000000704900000|  0%| F|  |TS  0|AC  0|TAMS 0x0000000704800000, 0x0000000704800000|
|  47|0x0000000704900000, 0x0000000704900000, 0x0000000704a00000|  0%| F|  |TS  0|AC  0|TAMS 0x0000000704900000, 0x0000000704900000|
|  48|0x0000000704a00000, 0x0000000704a00000, 0x0000000704b00000|  0%| F|  |TS  0|AC  0|TAMS 0x0000000704a00000, 0x0000000704a00000|
|  49|0x0000000704b00000, 0x0000000704b00000, 0x0000000704c00000|  0%| F|  |TS  0|AC  0|TAMS 0x0000000704b00000, 0x0000000704b00000|
|  50|0x0000000704c00000, 0x0000000704c00000, 0x0000000704d00000|  0%| F|  |TS  0|AC  0|TAMS 0x0000000704c00000, 0x0000000704c00000|
|  51|0x0000000704d00000, 0x0000000704d00000, 0x0000000704e00000|  0%| F|  |TS  0|AC  0|TAMS 0x0000000704d00000, 0x0000000704d00000|
|  52|0x0000000704e00000, 0x0000000704e00000, 0x0000000704f00000|  0%| F|  |TS  0|AC  0|TAMS 0x0000000704e00000, 0x0000000704e00000|
|  53|0x0000000704f00000, 0x0000000704f00000, 0x0000000705000000|  0%| F|  |TS  0|AC  0|TAMS 0x0000000704f00000, 0x0000000704f00000|
|  54|0x0000000705000000, 0x0000000705000000, 0x0000000705100000|  0%| F|  |TS  0|AC  0|TAMS 0x0000000705000000, 0x0000000705000000|
|  55|0x0000000705100000, 0x0000000705100000, 0x0000000705200000|  0%| F|  |TS  0|AC  0|TAMS 0x0000000705100000, 0x0000000705100000|
|  56|0x0000000705200000, 0x0000000705200000, 0x0000000705300000|  0%| F|  |TS  0|AC  0|TAMS 0x0000000705200000, 0x0000000705200000|
|  57|0x0000000705300000, 0x0000000705300000, 0x0000000705400000|  0%| F|  |TS  0|AC  0|TAMS 0x0000000705300000, 0x0000000705300000|
|  58|0x0000000705400000, 0x0000000705400000, 0x0000000705500000|  0%| F|  |TS  0|AC  0|TAMS 0x0000000705400000, 0x0000000705400000|
|  59|0x0000000705500000, 0x0000000705500000, 0x0000000705600000|  0%| F|  |TS  0|AC  0|TAMS 0x0000000705500000, 0x0000000705500000|
|  60|0x0000000705600000, 0x0000000705600000, 0x0000000705700000|  0%| F|  |TS  0|AC  0|TAMS 0x0000000705600000, 0x0000000705600000|
|  61|0x0000000705700000, 0x0000000705700000, 0x0000000705800000|  0%| F|  |TS  0|AC  0|TAMS 0x0000000705700000, 0x0000000705700000|
|  62|0x0000000705800000, 0x0000000705800000, 0x0000000705900000|  0%| F|  |TS  0|AC  0|TAMS 0x0000000705800000, 0x0000000705800000|
|  63|0x0000000705900000, 0x0000000705900000, 0x0000000705a00000|  0%| F|  |TS  0|AC  0|TAMS 0x0000000705900000, 0x0000000705900000|
|  64|0x0000000705a00000, 0x0000000705a00000, 0x0000000705b00000|  0%| F|  |TS  0|AC  0|TAMS 0x0000000705a00000, 0x0000000705a00000|
|  65|0x0000000705b00000, 0x0000000705b00000, 0x0000000705c00000|  0%| F|  |TS  0|AC  0|TAMS 0x0000000705b00000, 0x0000000705b00000|
|  66|0x0000000705c00000, 0x0000000705c00000, 0x0000000705d00000|  0%| F|  |TS  0|AC  0|TAMS 0x0000000705c00000, 0x0000000705c00000|
|  67|0x0000000705d00000, 0x0000000705d00000, 0x0000000705e00000|  0%| F|  |TS  0|AC  0|TAMS 0x0000000705d00000, 0x0000000705d00000|
|  68|0x0000000705e00000, 0x0000000705ec1098, 0x0000000705f00000| 75%| S|CS|TS  3|AC  0|TAMS 0x0000000705e00000, 0x0000000705e00000|
|  69|0x0000000705f00000, 0x0000000706000000, 0x0000000706000000|100%| S|CS|TS  3|AC  0|TAMS 0x0000000705f00000, 0x0000000705f00000|
|  70|0x0000000706000000, 0x0000000706000000, 0x0000000706100000|  0%| F|  |TS  3|AC  0|TAMS 0x0000000706000000, 0x0000000706000000|
|  71|0x0000000706100000, 0x0000000706100000, 0x0000000706200000|  0%| F|  |TS  3|AC  0|TAMS 0x0000000706100000, 0x0000000706100000|
|  72|0x0000000706200000, 0x0000000706200000, 0x0000000706300000|  0%| F|  |TS  3|AC  0|TAMS 0x0000000706200000, 0x0000000706200000|
|  73|0x0000000706300000, 0x0000000706300000, 0x0000000706400000|  0%| F|  |TS  3|AC  0|TAMS 0x0000000706300000, 0x0000000706300000|
|  74|0x0000000706400000, 0x0000000706400000, 0x0000000706500000|  0%| F|  |TS  3|AC  0|TAMS 0x0000000706400000, 0x0000000706400000|
|  75|0x0000000706500000, 0x0000000706500000, 0x0000000706600000|  0%| F|  |TS  3|AC  0|TAMS 0x0000000706500000, 0x0000000706500000|
|  76|0x0000000706600000, 0x0000000706600000, 0x0000000706700000|  0%| F|  |TS  3|AC  0|TAMS 0x0000000706600000, 0x0000000706600000|
|  77|0x0000000706700000, 0x0000000706800000, 0x0000000706800000|100%| S|CS|TS  3|AC  0|TAMS 0x0000000706700000, 0x0000000706700000|
|  78|0x0000000706800000, 0x0000000706900000, 0x0000000706900000|100%| S|CS|TS  3|AC  0|TAMS 0x0000000706800000, 0x0000000706800000|
|  79|0x0000000706900000, 0x0000000706a00000, 0x0000000706a00000|100%| S|CS|TS  3|AC  0|TAMS 0x0000000706900000, 0x0000000706900000|
|  80|0x0000000706a00000, 0x0000000706b00000, 0x0000000706b00000|100%| S|CS|TS  3|AC  0|TAMS 0x0000000706a00000, 0x0000000706a00000|
|  81|0x0000000706b00000, 0x0000000706c00000, 0x0000000706c00000|100%| S|CS|TS  3|AC  0|TAMS 0x0000000706b00000, 0x0000000706b00000|
|  82|0x0000000706c00000, 0x0000000706d00000, 0x0000000706d00000|100%| S|CS|TS  3|AC  0|TAMS 0x0000000706c00000, 0x0000000706c00000|
|  83|0x0000000706d00000, 0x0000000706e00000, 0x0000000706e00000|100%| S|CS|TS  3|AC  0|TAMS 0x0000000706d00000, 0x0000000706d00000|
|  84|0x0000000706e00000, 0x0000000706e00000, 0x0000000706f00000|  0%| F|  |TS  3|AC  0|TAMS 0x0000000706e00000, 0x0000000706e00000|
|  85|0x0000000706f00000, 0x0000000706f00000, 0x0000000707000000|  0%| F|  |TS  3|AC  0|TAMS 0x0000000706f00000, 0x0000000706f00000|
|  86|0x0000000707000000, 0x0000000707000000, 0x0000000707100000|  0%| F|  |TS  3|AC  0|TAMS 0x0000000707000000, 0x0000000707000000|
|  87|0x0000000707100000, 0x0000000707100000, 0x0000000707200000|  0%| F|  |TS  3|AC  0|TAMS 0x0000000707100000, 0x0000000707100000|
|  88|0x0000000707200000, 0x0000000707200000, 0x0000000707300000|  0%| F|  |TS  3|AC  0|TAMS 0x0000000707200000, 0x0000000707200000|
|  89|0x0000000707300000, 0x0000000707300000, 0x0000000707400000|  0%| F|  |TS  3|AC  0|TAMS 0x0000000707300000, 0x0000000707300000|
|  90|0x0000000707400000, 0x0000000707400000, 0x0000000707500000|  0%| F|  |TS  3|AC  0|TAMS 0x0000000707400000, 0x0000000707400000|
|  91|0x0000000707500000, 0x0000000707500000, 0x0000000707600000|  0%| F|  |TS  3|AC  0|TAMS 0x0000000707500000, 0x0000000707500000|
|  92|0x0000000707600000, 0x0000000707600000, 0x0000000707700000|  0%| F|  |TS  3|AC  0|TAMS 0x0000000707600000, 0x0000000707600000|
|  93|0x0000000707700000, 0x0000000707700000, 0x0000000707800000|  0%| F|  |TS  3|AC  0|TAMS 0x0000000707700000, 0x0000000707700000|
|  94|0x0000000707800000, 0x0000000707800000, 0x0000000707900000|  0%| F|  |TS  3|AC  0|TAMS 0x0000000707800000, 0x0000000707800000|
|  95|0x0000000707900000, 0x0000000707900000, 0x0000000707a00000|  0%| F|  |TS  3|AC  0|TAMS 0x0000000707900000, 0x0000000707900000|
|  96|0x0000000707a00000, 0x0000000707a00000, 0x0000000707b00000|  0%| F|  |TS  3|AC  0|TAMS 0x0000000707a00000, 0x0000000707a00000|
|  97|0x0000000707b00000, 0x0000000707b00000, 0x0000000707c00000|  0%| F|  |TS  3|AC  0|TAMS 0x0000000707b00000, 0x0000000707b00000|
|  98|0x0000000707c00000, 0x0000000707c00000, 0x0000000707d00000|  0%| F|  |TS  3|AC  0|TAMS 0x0000000707c00000, 0x0000000707c00000|
|  99|0x0000000707d00000, 0x0000000707d00000, 0x0000000707e00000|  0%| F|  |TS  3|AC  0|TAMS 0x0000000707d00000, 0x0000000707d00000|
| 100|0x0000000707e00000, 0x0000000707e00000, 0x0000000707f00000|  0%| F|  |TS  3|AC  0|TAMS 0x0000000707e00000, 0x0000000707e00000|
| 101|0x0000000707f00000, 0x0000000707f00000, 0x0000000708000000|  0%| F|  |TS  3|AC  0|TAMS 0x0000000707f00000, 0x0000000707f00000|
| 102|0x0000000708000000, 0x0000000708000000, 0x0000000708100000|  0%| F|  |TS  3|AC  0|TAMS 0x0000000708000000, 0x0000000708000000|
| 103|0x0000000708100000, 0x0000000708100000, 0x0000000708200000|  0%| F|  |TS  3|AC  0|TAMS 0x0000000708100000, 0x0000000708100000|
| 104|0x0000000708200000, 0x0000000708200000, 0x0000000708300000|  0%| F|  |TS  3|AC  0|TAMS 0x0000000708200000, 0x0000000708200000|
| 105|0x0000000708300000, 0x0000000708300000, 0x0000000708400000|  0%| F|  |TS  3|AC  0|TAMS 0x0000000708300000, 0x0000000708300000|
| 106|0x0000000708400000, 0x0000000708400000, 0x0000000708500000|  0%| F|  |TS  3|AC  0|TAMS 0x0000000708400000, 0x0000000708400000|
| 107|0x0000000708500000, 0x0000000708500000, 0x0000000708600000|  0%| F|  |TS  3|AC  0|TAMS 0x0000000708500000, 0x0000000708500000|
| 108|0x0000000708600000, 0x0000000708600000, 0x0000000708700000|  0%| F|  |TS  3|AC  0|TAMS 0x0000000708600000, 0x0000000708600000|
| 109|0x0000000708700000, 0x0000000708700000, 0x0000000708800000|  0%| F|  |TS  3|AC  0|TAMS 0x0000000708700000, 0x0000000708700000|
| 110|0x0000000708800000, 0x0000000708800000, 0x0000000708900000|  0%| F|  |TS  3|AC  0|TAMS 0x0000000708800000, 0x0000000708800000|
| 111|0x0000000708900000, 0x0000000708900000, 0x0000000708a00000|  0%| F|  |TS  3|AC  0|TAMS 0x0000000708900000, 0x0000000708900000|
| 112|0x0000000708a00000, 0x0000000708a00000, 0x0000000708b00000|  0%| F|  |TS  3|AC  0|TAMS 0x0000000708a00000, 0x0000000708a00000|
| 113|0x0000000708b00000, 0x0000000708b00000, 0x0000000708c00000|  0%| F|  |TS  3|AC  0|TAMS 0x0000000708b00000, 0x0000000708b00000|
| 114|0x0000000708c00000, 0x0000000708c00000, 0x0000000708d00000|  0%| F|  |TS  3|AC  0|TAMS 0x0000000708c00000, 0x0000000708c00000|
| 115|0x0000000708d00000, 0x0000000708d00000, 0x0000000708e00000|  0%| F|  |TS  3|AC  0|TAMS 0x0000000708d00000, 0x0000000708d00000|
| 116|0x0000000708e00000, 0x0000000708e00000, 0x0000000708f00000|  0%| F|  |TS  3|AC  0|TAMS 0x0000000708e00000, 0x0000000708e00000|
| 117|0x0000000708f00000, 0x0000000708f00000, 0x0000000709000000|  0%| F|  |TS  3|AC  0|TAMS 0x0000000708f00000, 0x0000000708f00000|
| 118|0x0000000709000000, 0x0000000709000000, 0x0000000709100000|  0%| F|  |TS  3|AC  0|TAMS 0x0000000709000000, 0x0000000709000000|
| 119|0x0000000709100000, 0x0000000709100000, 0x0000000709200000|  0%| F|  |TS  3|AC  0|TAMS 0x0000000709100000, 0x0000000709100000|
| 120|0x0000000709200000, 0x0000000709200000, 0x0000000709300000|  0%| F|  |TS  3|AC  0|TAMS 0x0000000709200000, 0x0000000709200000|
| 121|0x0000000709300000, 0x0000000709300000, 0x0000000709400000|  0%| F|  |TS  3|AC  0|TAMS 0x0000000709300000, 0x0000000709300000|
| 122|0x0000000709400000, 0x0000000709400000, 0x0000000709500000|  0%| F|  |TS  3|AC  0|TAMS 0x0000000709400000, 0x0000000709400000|
| 123|0x0000000709500000, 0x0000000709500000, 0x0000000709600000|  0%| F|  |TS  3|AC  0|TAMS 0x0000000709500000, 0x0000000709500000|
| 124|0x0000000709600000, 0x0000000709600000, 0x0000000709700000|  0%| F|  |TS  3|AC  0|TAMS 0x0000000709600000, 0x0000000709600000|
| 125|0x0000000709700000, 0x0000000709700000, 0x0000000709800000|  0%| F|  |TS  3|AC  0|TAMS 0x0000000709700000, 0x0000000709700000|
| 126|0x0000000709800000, 0x0000000709800000, 0x0000000709900000|  0%| F|  |TS  3|AC  0|TAMS 0x0000000709800000, 0x0000000709800000|
| 127|0x0000000709900000, 0x0000000709900000, 0x0000000709a00000|  0%| F|  |TS  3|AC  0|TAMS 0x0000000709900000, 0x0000000709900000|
| 128|0x0000000709a00000, 0x0000000709a00000, 0x0000000709b00000|  0%| F|  |TS  3|AC  0|TAMS 0x0000000709a00000, 0x0000000709a00000|
| 129|0x0000000709b00000, 0x0000000709b00000, 0x0000000709c00000|  0%| F|  |TS  3|AC  0|TAMS 0x0000000709b00000, 0x0000000709b00000|
| 130|0x0000000709c00000, 0x0000000709c00000, 0x0000000709d00000|  0%| F|  |TS  3|AC  0|TAMS 0x0000000709c00000, 0x0000000709c00000|
| 131|0x0000000709d00000, 0x0000000709d00000, 0x0000000709e00000|  0%| F|  |TS  3|AC  0|TAMS 0x0000000709d00000, 0x0000000709d00000|
| 132|0x0000000709e00000, 0x0000000709e00000, 0x0000000709f00000|  0%| F|  |TS  3|AC  0|TAMS 0x0000000709e00000, 0x0000000709e00000|
| 133|0x0000000709f00000, 0x0000000709f00000, 0x000000070a000000|  0%| F|  |TS  3|AC  0|TAMS 0x0000000709f00000, 0x0000000709f00000|
| 134|0x000000070a000000, 0x000000070a000000, 0x000000070a100000|  0%| F|  |TS  3|AC  0|TAMS 0x000000070a000000, 0x000000070a000000|
| 135|0x000000070a100000, 0x000000070a100000, 0x000000070a200000|  0%| F|  |TS  3|AC  0|TAMS 0x000000070a100000, 0x000000070a100000|
| 136|0x000000070a200000, 0x000000070a200000, 0x000000070a300000|  0%| F|  |TS  3|AC  0|TAMS 0x000000070a200000, 0x000000070a200000|
| 137|0x000000070a300000, 0x000000070a300000, 0x000000070a400000|  0%| F|  |TS  3|AC  0|TAMS 0x000000070a300000, 0x000000070a300000|
| 138|0x000000070a400000, 0x000000070a400000, 0x000000070a500000|  0%| F|  |TS  3|AC  0|TAMS 0x000000070a400000, 0x000000070a400000|
| 139|0x000000070a500000, 0x000000070a500000, 0x000000070a600000|  0%| F|  |TS  3|AC  0|TAMS 0x000000070a500000, 0x000000070a500000|
| 140|0x000000070a600000, 0x000000070a600000, 0x000000070a700000|  0%| F|  |TS  3|AC  0|TAMS 0x000000070a600000, 0x000000070a600000|
| 141|0x000000070a700000, 0x000000070a700000, 0x000000070a800000|  0%| F|  |TS  3|AC  0|TAMS 0x000000070a700000, 0x000000070a700000|
| 142|0x000000070a800000, 0x000000070a800000, 0x000000070a900000|  0%| F|  |TS  3|AC  0|TAMS 0x000000070a800000, 0x000000070a800000|
| 143|0x000000070a900000, 0x000000070a900000, 0x000000070aa00000|  0%| F|  |TS  3|AC  0|TAMS 0x000000070a900000, 0x000000070a900000|
| 144|0x000000070aa00000, 0x000000070aa00000, 0x000000070ab00000|  0%| F|  |TS  3|AC  0|TAMS 0x000000070aa00000, 0x000000070aa00000|
| 145|0x000000070ab00000, 0x000000070ab00000, 0x000000070ac00000|  0%| F|  |TS  3|AC  0|TAMS 0x000000070ab00000, 0x000000070ab00000|
| 146|0x000000070ac00000, 0x000000070ac00000, 0x000000070ad00000|  0%| F|  |TS  3|AC  0|TAMS 0x000000070ac00000, 0x000000070ac00000|
| 147|0x000000070ad00000, 0x000000070ad00000, 0x000000070ae00000|  0%| F|  |TS  3|AC  0|TAMS 0x000000070ad00000, 0x000000070ad00000|
| 148|0x000000070ae00000, 0x000000070ae00000, 0x000000070af00000|  0%| F|  |TS  3|AC  0|TAMS 0x000000070ae00000, 0x000000070ae00000|
| 149|0x000000070af00000, 0x000000070af00000, 0x000000070b000000|  0%| F|  |TS  3|AC  0|TAMS 0x000000070af00000, 0x000000070af00000|
| 150|0x000000070b000000, 0x000000070b000000, 0x000000070b100000|  0%| F|  |TS  3|AC  0|TAMS 0x000000070b000000, 0x000000070b000000|
| 151|0x000000070b100000, 0x000000070b100000, 0x000000070b200000|  0%| F|  |TS  3|AC  0|TAMS 0x000000070b100000, 0x000000070b100000|
| 152|0x000000070b200000, 0x000000070b200000, 0x000000070b300000|  0%| F|  |TS  3|AC  0|TAMS 0x000000070b200000, 0x000000070b200000|
| 153|0x000000070b300000, 0x000000070b300000, 0x000000070b400000|  0%| F|  |TS  3|AC  0|TAMS 0x000000070b300000, 0x000000070b300000|
| 154|0x000000070b400000, 0x000000070b400000, 0x000000070b500000|  0%| F|  |TS  3|AC  0|TAMS 0x000000070b400000, 0x000000070b400000|
| 155|0x000000070b500000, 0x000000070b500000, 0x000000070b600000|  0%| F|  |TS  3|AC  0|TAMS 0x000000070b500000, 0x000000070b500000|
| 156|0x000000070b600000, 0x000000070b600000, 0x000000070b700000|  0%| F|  |TS  3|AC  0|TAMS 0x000000070b600000, 0x000000070b600000|
| 157|0x000000070b700000, 0x000000070b700000, 0x000000070b800000|  0%| F|  |TS  3|AC  0|TAMS 0x000000070b700000, 0x000000070b700000|
| 158|0x000000070b800000, 0x000000070b800000, 0x000000070b900000|  0%| F|  |TS  3|AC  0|TAMS 0x000000070b800000, 0x000000070b800000|
| 159|0x000000070b900000, 0x000000070b900000, 0x000000070ba00000|  0%| F|  |TS  3|AC  0|TAMS 0x000000070b900000, 0x000000070b900000|
| 160|0x000000070ba00000, 0x000000070ba00000, 0x000000070bb00000|  0%| F|  |TS  3|AC  0|TAMS 0x000000070ba00000, 0x000000070ba00000|
| 161|0x000000070bb00000, 0x000000070bb00000, 0x000000070bc00000|  0%| F|  |TS  3|AC  0|TAMS 0x000000070bb00000, 0x000000070bb00000|
| 162|0x000000070bc00000, 0x000000070bc00000, 0x000000070bd00000|  0%| F|  |TS  3|AC  0|TAMS 0x000000070bc00000, 0x000000070bc00000|
| 163|0x000000070bd00000, 0x000000070bd00000, 0x000000070be00000|  0%| F|  |TS  3|AC  0|TAMS 0x000000070bd00000, 0x000000070bd00000|
| 164|0x000000070be00000, 0x000000070be00000, 0x000000070bf00000|  0%| F|  |TS  3|AC  0|TAMS 0x000000070be00000, 0x000000070be00000|
| 165|0x000000070bf00000, 0x000000070bf00000, 0x000000070c000000|  0%| F|  |TS  3|AC  0|TAMS 0x000000070bf00000, 0x000000070bf00000|
| 166|0x000000070c000000, 0x000000070c000000, 0x000000070c100000|  0%| F|  |TS  3|AC  0|TAMS 0x000000070c000000, 0x000000070c000000|
| 167|0x000000070c100000, 0x000000070c100000, 0x000000070c200000|  0%| F|  |TS  3|AC  0|TAMS 0x000000070c100000, 0x000000070c100000|
| 168|0x000000070c200000, 0x000000070c200000, 0x000000070c300000|  0%| F|  |TS  3|AC  0|TAMS 0x000000070c200000, 0x000000070c200000|
| 169|0x000000070c300000, 0x000000070c300000, 0x000000070c400000|  0%| F|  |TS  3|AC  0|TAMS 0x000000070c300000, 0x000000070c300000|
| 170|0x000000070c400000, 0x000000070c400000, 0x000000070c500000|  0%| F|  |TS  3|AC  0|TAMS 0x000000070c400000, 0x000000070c400000|
| 171|0x000000070c500000, 0x000000070c500000, 0x000000070c600000|  0%| F|  |TS  3|AC  0|TAMS 0x000000070c500000, 0x000000070c500000|
| 172|0x000000070c600000, 0x000000070c600000, 0x000000070c700000|  0%| F|  |TS  3|AC  0|TAMS 0x000000070c600000, 0x000000070c600000|
| 173|0x000000070c700000, 0x000000070c700000, 0x000000070c800000|  0%| F|  |TS  3|AC  0|TAMS 0x000000070c700000, 0x000000070c700000|
| 174|0x000000070c800000, 0x000000070c800000, 0x000000070c900000|  0%| F|  |TS  3|AC  0|TAMS 0x000000070c800000, 0x000000070c800000|
| 175|0x000000070c900000, 0x000000070c900000, 0x000000070ca00000|  0%| F|  |TS  3|AC  0|TAMS 0x000000070c900000, 0x000000070c900000|
| 176|0x000000070ca00000, 0x000000070ca00000, 0x000000070cb00000|  0%| F|  |TS  3|AC  0|TAMS 0x000000070ca00000, 0x000000070ca00000|
| 177|0x000000070cb00000, 0x000000070cb00000, 0x000000070cc00000|  0%| F|  |TS  3|AC  0|TAMS 0x000000070cb00000, 0x000000070cb00000|
| 178|0x000000070cc00000, 0x000000070cc00000, 0x000000070cd00000|  0%| F|  |TS  3|AC  0|TAMS 0x000000070cc00000, 0x000000070cc00000|
| 179|0x000000070cd00000, 0x000000070cd00000, 0x000000070ce00000|  0%| F|  |TS  3|AC  0|TAMS 0x000000070cd00000, 0x000000070cd00000|
| 180|0x000000070ce00000, 0x000000070ce00000, 0x000000070cf00000|  0%| F|  |TS  3|AC  0|TAMS 0x000000070ce00000, 0x000000070ce00000|
| 181|0x000000070cf00000, 0x000000070cf00000, 0x000000070d000000|  0%| F|  |TS  3|AC  0|TAMS 0x000000070cf00000, 0x000000070cf00000|
| 182|0x000000070d000000, 0x000000070d000000, 0x000000070d100000|  0%| F|  |TS  3|AC  0|TAMS 0x000000070d000000, 0x000000070d000000|
| 183|0x000000070d100000, 0x000000070d100000, 0x000000070d200000|  0%| F|  |TS  3|AC  0|TAMS 0x000000070d100000, 0x000000070d100000|
| 184|0x000000070d200000, 0x000000070d300000, 0x000000070d300000|100%| E|  |TS  3|AC  0|TAMS 0x000000070d200000, 0x000000070d200000|
| 185|0x000000070d300000, 0x000000070d400000, 0x000000070d400000|100%| E|CS|TS  3|AC  0|TAMS 0x000000070d300000, 0x000000070d300000|
| 186|0x000000070d400000, 0x000000070d500000, 0x000000070d500000|100%| E|CS|TS  3|AC  0|TAMS 0x000000070d400000, 0x000000070d400000|
| 187|0x000000070d500000, 0x000000070d600000, 0x000000070d600000|100%| E|CS|TS  3|AC  0|TAMS 0x000000070d500000, 0x000000070d500000|
| 188|0x000000070d600000, 0x000000070d700000, 0x000000070d700000|100%| E|CS|TS  3|AC  0|TAMS 0x000000070d600000, 0x000000070d600000|
| 189|0x000000070d700000, 0x000000070d800000, 0x000000070d800000|100%| E|CS|TS  3|AC  0|TAMS 0x000000070d700000, 0x000000070d700000|
| 190|0x000000070d800000, 0x000000070d900000, 0x000000070d900000|100%| E|CS|TS  3|AC  0|TAMS 0x000000070d800000, 0x000000070d800000|
| 191|0x000000070d900000, 0x000000070da00000, 0x000000070da00000|100%| E|CS|TS  3|AC  0|TAMS 0x000000070d900000, 0x000000070d900000|

Card table byte_map: [0x0000019bf6c10000,0x0000019bf7210000] byte_map_base: 0x0000019bf3403000

Marking Bits (Prev, Next): (CMBitMap*) 0x0000019be962b698, (CMBitMap*) 0x0000019be962b660
 Prev Bits: [0x0000019bfa7b0000, 0x0000019bfd748000)
 Next Bits: [0x0000019bf7810000, 0x0000019bfa7a8000)

Polling page: 0x0000019be7380000

CodeHeap 'non-profiled nmethods': size=120000Kb used=4110Kb max_used=4110Kb free=115889Kb
 bounds [0x0000019b87ad0000, 0x0000019b87ee0000, 0x0000019b8f000000]
CodeHeap 'profiled nmethods': size=120000Kb used=18301Kb max_used=18301Kb free=101698Kb
 bounds [0x0000019b805a0000, 0x0000019b81780000, 0x0000019b87ad0000]
CodeHeap 'non-nmethods': size=5760Kb used=1315Kb max_used=1390Kb free=4444Kb
 bounds [0x0000019b80000000, 0x0000019b80270000, 0x0000019b805a0000]
 total_blobs=10768 nmethods=8509 adapters=422
 compilation: enabled

Compilation events (10 events):
Event: 8.938 Thread 0x0000019b8f414800 nmethod 9389 0x0000019b8177a490 code [0x0000019b8177a660, 0x0000019b8177a930]
Event: 8.938 Thread 0x0000019b8f414800 9391       2       java.lang.reflect.Method::getParameterCount (110 bytes)
Event: 8.939 Thread 0x0000019b8f414800 nmethod 9391 0x0000019b8177aa90 code [0x0000019b8177acc0, 0x0000019b8177b230]
Event: 8.939 Thread 0x0000019b8f414800 9368       2       org.mockito.internal.creation.bytebuddy.MockMethodAdvice$SelfCallInfo::checkSuperCall (33 bytes)
Event: 8.939 Thread 0x0000019b8f414800 nmethod 9368 0x0000019b8177b490 code [0x0000019b8177b680, 0x0000019b8177ba40]
Event: 8.939 Thread 0x0000019b8f414800 9375       1       java.lang.reflect.Method::getGenericSignature (5 bytes)
Event: 8.939 Thread 0x0000019b8f414800 nmethod 9375 0x0000019b87ed0190 code [0x0000019b87ed0340, 0x0000019b87ed0458]
Event: 8.939 Thread 0x0000019b8f414800 9381       2       sun.reflect.generics.repository.ConstructorRepository::getParameterTypes (27 bytes)
Event: 8.939 Thread 0x0000019b8f414800 nmethod 9381 0x0000019b8177bd10 code [0x0000019b8177bee0, 0x0000019b8177c160]
Event: 8.939 Thread 0x0000019b8f414800 9393       2       java.lang.reflect.Method::getName (106 bytes)

GC Heap History (10 events):
Event: 1.627 GC heap before
{Heap before GC invocations=1 (full 0):
 garbage-first heap   total 196608K, used 118853K [0x0000000701a00000, 0x0000000701b00600, 0x00000007c0000000)
  region size 1024K, 115 young (117760K), 3 survivors (3072K)
 Metaspace       used 14371K, capacity 15020K, committed 15104K, reserved 1062912K
  class space    used 1375K, capacity 1507K, committed 1536K, reserved 1048576K
}
Event: 1.632 GC heap after
{Heap after GC invocations=2 (full 0):
 garbage-first heap   total 196608K, used 6618K [0x0000000701a00000, 0x0000000701b00600, 0x00000007c0000000)
  region size 1024K, 6 young (6144K), 6 survivors (6144K)
 Metaspace       used 14371K, capacity 15020K, committed 15104K, reserved 1062912K
  class space    used 1375K, capacity 1507K, committed 1536K, reserved 1048576K
}
Event: 3.461 GC heap before
{Heap before GC invocations=2 (full 0):
 garbage-first heap   total 196608K, used 118234K [0x0000000701a00000, 0x0000000701b00600, 0x00000007c0000000)
  region size 1024K, 115 young (117760K), 6 survivors (6144K)
 Metaspace       used 18595K, capacity 19710K, committed 19968K, reserved 1067008K
  class space    used 1986K, capacity 2181K, committed 2304K, reserved 1048576K
}
Event: 3.469 GC heap after
{Heap after GC invocations=3 (full 0):
 garbage-first heap   total 196608K, used 9740K [0x0000000701a00000, 0x0000000701b00600, 0x00000007c0000000)
  region size 1024K, 9 young (9216K), 9 survivors (9216K)
 Metaspace       used 18595K, capacity 19710K, committed 19968K, reserved 1067008K
  class space    used 1986K, capacity 2181K, committed 2304K, reserved 1048576K
}
Event: 3.712 GC heap before
{Heap before GC invocations=3 (full 0):
 garbage-first heap   total 196608K, used 42508K [0x0000000701a00000, 0x0000000701b00600, 0x00000007c0000000)
  region size 1024K, 42 young (43008K), 9 survivors (9216K)
 Metaspace       used 20087K, capacity 21178K, committed 21296K, reserved 1069056K
  class space    used 2210K, capacity 2411K, committed 2432K, reserved 1048576K
}
Event: 3.718 GC heap after
{Heap after GC invocations=4 (full 0):
 garbage-first heap   total 196608K, used 8945K [0x0000000701a00000, 0x0000000701b00600, 0x00000007c0000000)
  region size 1024K, 5 young (5120K), 5 survivors (5120K)
 Metaspace       used 20087K, capacity 21178K, committed 21296K, reserved 1069056K
  class space    used 2210K, capacity 2411K, committed 2432K, reserved 1048576K
}
Event: 5.428 GC heap before
{Heap before GC invocations=5 (full 0):
 garbage-first heap   total 196608K, used 121585K [0x0000000701a00000, 0x0000000701b00600, 0x00000007c0000000)
  region size 1024K, 115 young (117760K), 5 survivors (5120K)
 Metaspace       used 23936K, capacity 25160K, committed 25216K, reserved 1071104K
  class space    used 2687K, capacity 2904K, committed 2944K, reserved 1048576K
}
Event: 5.436 GC heap after
{Heap after GC invocations=6 (full 0):
 garbage-first heap   total 196608K, used 10993K [0x0000000701a00000, 0x0000000701b00600, 0x00000007c0000000)
  region size 1024K, 7 young (7168K), 7 survivors (7168K)
 Metaspace       used 23936K, capacity 25160K, committed 25216K, reserved 1071104K
  class space    used 2687K, capacity 2904K, committed 2944K, reserved 1048576K
}
Event: 8.648 GC heap before
{Heap before GC invocations=6 (full 0):
 garbage-first heap   total 196608K, used 127729K [0x0000000701a00000, 0x0000000701b00600, 0x00000007c0000000)
  region size 1024K, 115 young (117760K), 7 survivors (7168K)
 Metaspace       used 27420K, capacity 29120K, committed 29312K, reserved 1075200K
  class space    used 3127K, capacity 3429K, committed 3456K, reserved 1048576K
}
Event: 8.657 GC heap after
{Heap after GC invocations=7 (full 0):
 garbage-first heap   total 196608K, used 12789K [0x0000000701a00000, 0x0000000701b00600, 0x00000007c0000000)
  region size 1024K, 9 young (9216K), 9 survivors (9216K)
 Metaspace       used 27420K, capacity 29120K, committed 29312K, reserved 1075200K
  class space    used 3127K, capacity 3429K, committed 3456K, reserved 1048576K
}

Deoptimization events (10 events):
Event: 7.847 Thread 0x0000019be9597000 Uncommon trap: reason=unstable_if action=reinterpret pc=0x0000019b87d88740 method=org.jacoco.agent.rt.internal_c13123e.asm.ClassReader.readUTF(II[C)Ljava/lang/String; @ 77 c2
Event: 7.847 Thread 0x0000019be9597000 Uncommon trap: reason=unstable_if action=reinterpret pc=0x0000019b87dbc940 method=org.jacoco.agent.rt.internal_c13123e.asm.Type.getArgumentsAndReturnSizes(Ljava/lang/String;)I @ 136 c2
Event: 8.256 Thread 0x0000019be9597000 Uncommon trap: reason=bimorphic_or_optimized_type_check action=maybe_recompile pc=0x0000019b87e3c464 method=net.bytebuddy.description.type.TypeDescription$Generic$OfNonGenericType.isArray()Z @ 5 c2
Event: 8.256 Thread 0x0000019be9597000 Uncommon trap: reason=bimorphic_or_optimized_type_check action=maybe_recompile pc=0x0000019b87e72aec method=net.bytebuddy.description.type.TypeDescription$Generic$OfNonGenericType.represents(Ljava/lang/reflect/Type;)Z @ 5 c2
Event: 8.257 Thread 0x0000019be9597000 Uncommon trap: reason=bimorphic_or_optimized_type_check action=maybe_recompile pc=0x0000019b87e3c464 method=net.bytebuddy.description.type.TypeDescription$Generic$OfNonGenericType.isArray()Z @ 5 c2
Event: 8.258 Thread 0x0000019be9597000 Uncommon trap: reason=bimorphic_or_optimized_type_check action=maybe_recompile pc=0x0000019b87e72aec method=net.bytebuddy.description.type.TypeDescription$Generic$OfNonGenericType.represents(Ljava/lang/reflect/Type;)Z @ 5 c2
Event: 8.258 Thread 0x0000019be9597000 Uncommon trap: reason=bimorphic_or_optimized_type_check action=maybe_recompile pc=0x0000019b87e3c464 method=net.bytebuddy.description.type.TypeDescription$Generic$OfNonGenericType.isArray()Z @ 5 c2
Event: 8.258 Thread 0x0000019be9597000 Uncommon trap: reason=bimorphic_or_optimized_type_check action=maybe_recompile pc=0x0000019b87e72aec method=net.bytebuddy.description.type.TypeDescription$Generic$OfNonGenericType.represents(Ljava/lang/reflect/Type;)Z @ 5 c2
Event: 8.258 Thread 0x0000019be9597000 Uncommon trap: reason=bimorphic_or_optimized_type_check action=maybe_recompile pc=0x0000019b87e3c464 method=net.bytebuddy.description.type.TypeDescription$Generic$OfNonGenericType.isArray()Z @ 5 c2
Event: 8.258 Thread 0x0000019be9597000 Uncommon trap: reason=bimorphic_or_optimized_type_check action=maybe_recompile pc=0x0000019b87e72aec method=net.bytebuddy.description.type.TypeDescription$Generic$OfNonGenericType.represents(Ljava/lang/reflect/Type;)Z @ 5 c2

Classes redefined (10 events):
Event: 8.501 Thread 0x0000019b8f3a5800 redefined class name=org.bukkit.command.Command, count=2
Event: 8.522 Thread 0x0000019b8f3a5800 redefined class name=com.karuslabs.commons.command.Command, count=3
Event: 8.538 Thread 0x0000019b8f3a5800 redefined class name=org.bukkit.command.PluginIdentifiableCommand, count=2
Event: 8.559 Thread 0x0000019b8f3a5800 redefined class name=com.karuslabs.commons.locale.Translatable, count=2
Event: 8.809 Thread 0x0000019b8f3a5800 redefined class name=java.lang.reflect.AccessibleObject, count=2
Event: 8.829 Thread 0x0000019b8f3a5800 redefined class name=java.lang.reflect.Method, count=3
Event: 8.848 Thread 0x0000019b8f3a5800 redefined class name=java.lang.reflect.GenericDeclaration, count=2
Event: 8.867 Thread 0x0000019b8f3a5800 redefined class name=java.lang.reflect.AnnotatedElement, count=2
Event: 8.884 Thread 0x0000019b8f3a5800 redefined class name=java.lang.reflect.Member, count=2
Event: 8.908 Thread 0x0000019b8f3a5800 redefined class name=java.lang.reflect.Executable, count=3

Internal exceptions (10 events):
Event: 7.907 Thread 0x0000019be9597000 Exception <a 'java/lang/NoSuchMethodError'{0x0000000708258a60}: java.lang.invoke.DirectMethodHandle$Holder.invokeStatic(Ljava/lang/Object;Ljava/lang/Object;Ljava/lang/Object;Ljava/lang/Object;Ljava/lang/Object;Ljava/lang/Object;Ljava/lang/Object;Ljava/lan
Event: 7.908 Thread 0x0000019be9597000 Exception <a 'java/lang/NoSuchMethodError'{0x000000070826b3c0}: java.lang.invoke.DirectMethodHandle$Holder.invokeStatic(Ljava/lang/Object;Ljava/lang/Object;Ljava/lang/Object;Ljava/lang/Object;Ljava/lang/Object;Ljava/lang/Object;Ljava/lang/Object;Ljava/lan
Event: 7.910 Thread 0x0000019be9597000 Exception <a 'java/lang/NoSuchMethodError'{0x000000070827e1f8}: method resolution failed> (0x000000070827e1f8) thrown at [c:/workspace/9-2-build-windows-amd64-cygwin-phase2/jdk9/6725/hotspot/src/share/vm/prims/methodHandles.cpp, line 1256]
Event: 8.564 Thread 0x0000019be9597000 Exception <a 'java/lang/NoSuchMethodError'{0x000000070739a460}: java.lang.invoke.DirectMethodHandle$Holder.invokeStaticInit(Ljava/lang/Object;Ljava/lang/Object;Ljava/lang/Object;Ljava/lang/Object;)I> (0x000000070739a460) thrown at [c:/workspace/9-2-build-
Event: 8.565 Thread 0x0000019be9597000 Exception <a 'java/lang/NoSuchMethodError'{0x000000070739d3d8}: java.lang.Object.lambda$static$0(Lcom/karuslabs/commons/command/CommandSource;Lcom/karuslabs/commons/command/Context;Lcom/karuslabs/commons/command/arguments/Arguments;)Z> (0x000000070739d3d8
Event: 8.596 Thread 0x0000019be9597000 Exception <a 'java/lang/reflect/InvocationTargetException'{0x00000007072a0d48}> (0x00000007072a0d48) thrown at [c:/workspace/9-2-build-windows-amd64-cygwin-phase2/jdk9/6725/hotspot/src/share/vm/runtime/reflection.cpp, line 1213]
Event: 8.598 Thread 0x0000019be9597000 Exception <a 'java/lang/reflect/InvocationTargetException'{0x00000007072b68a0}> (0x00000007072b68a0) thrown at [c:/workspace/9-2-build-windows-amd64-cygwin-phase2/jdk9/6725/hotspot/src/share/vm/runtime/reflection.cpp, line 1213]
Event: 8.601 Thread 0x0000019be9597000 Exception <a 'java/lang/reflect/InvocationTargetException'{0x00000007072ce108}> (0x00000007072ce108) thrown at [c:/workspace/9-2-build-windows-amd64-cygwin-phase2/jdk9/6725/hotspot/src/share/vm/runtime/reflection.cpp, line 1213]
Event: 8.607 Thread 0x0000019be9597000 Exception <a 'java/lang/NoSuchMethodError'{0x00000007072f3278}: method resolution failed> (0x00000007072f3278) thrown at [c:/workspace/9-2-build-windows-amd64-cygwin-phase2/jdk9/6725/hotspot/src/share/vm/prims/methodHandles.cpp, line 1256]
Event: 8.628 Thread 0x0000019be9597000 Exception <a 'java/lang/reflect/InvocationTargetException'{0x0000000706f14540}> (0x0000000706f14540) thrown at [c:/workspace/9-2-build-windows-amd64-cygwin-phase2/jdk9/6725/hotspot/src/share/vm/runtime/reflection.cpp, line 1213]

Events (10 events):
Event: 8.716 Thread 0x0000019be9597000 DEOPT PACKING pc=0x0000019b81437a9f sp=0x00000035b4df9b20
Event: 8.716 Thread 0x0000019be9597000 DEOPT UNPACKING pc=0x0000019b8004dd3f sp=0x00000035b4df9068 mode 0
Event: 8.719 Thread 0x0000019be9597000 DEOPT PACKING pc=0x0000019b813d6767 sp=0x00000035b4df9940
Event: 8.719 Thread 0x0000019be9597000 DEOPT UNPACKING pc=0x0000019b8004dd3f sp=0x00000035b4df8e18 mode 0
Event: 8.768 Executing VM operation: RedefineClasses
Event: 8.913 Executing VM operation: RedefineClasses done
Event: 8.937 loading class com/karuslabs/commons/command/annotation/resolvers/CommandResolverTest$C
Event: 8.937 loading class com/karuslabs/commons/command/annotation/resolvers/CommandResolverTest$C done
Event: 8.937 loading class com/karuslabs/commons/command/annotation/resolvers/CommandResolverTest
Event: 8.937 loading class com/karuslabs/commons/command/annotation/resolvers/CommandResolverTest done


Dynamic libraries:
0x00007ff761f10000 - 0x00007ff761f4e000 	C:\Program Files\Java\jdk-9\bin\java.exe
0x00007ffb49ed0000 - 0x00007ffb4a0b0000 	C:\WINDOWS\SYSTEM32\ntdll.dll
0x00007ffb49770000 - 0x00007ffb4981e000 	C:\WINDOWS\System32\KERNEL32.DLL
0x00007ffb47040000 - 0x00007ffb472a6000 	C:\WINDOWS\System32\KERNELBASE.dll
0x00007ffb48d20000 - 0x00007ffb48dc1000 	C:\WINDOWS\System32\ADVAPI32.dll
0x00007ffb49af0000 - 0x00007ffb49b8d000 	C:\WINDOWS\System32\msvcrt.dll
0x00007ffb48ef0000 - 0x00007ffb48f4b000 	C:\WINDOWS\System32\sechost.dll
0x00007ffb47550000 - 0x00007ffb4766f000 	C:\WINDOWS\System32\RPCRT4.dll
0x00007ffb495d0000 - 0x00007ffb4975f000 	C:\WINDOWS\System32\USER32.dll
0x00007ffb47300000 - 0x00007ffb47320000 	C:\WINDOWS\System32\win32u.dll
0x00007ffb49820000 - 0x00007ffb49848000 	C:\WINDOWS\System32\GDI32.dll
0x00007ffb46c50000 - 0x00007ffb46de3000 	C:\WINDOWS\System32\gdi32full.dll
0x00007ffb46fa0000 - 0x00007ffb4703b000 	C:\WINDOWS\System32\msvcp_win.dll
0x00007ffb46ea0000 - 0x00007ffb46f96000 	C:\WINDOWS\System32\ucrtbase.dll
0x00007ffb39ff0000 - 0x00007ffb3a259000 	C:\WINDOWS\WinSxS\amd64_microsoft.windows.common-controls_6595b64144ccf1df_6.0.16299.371_none_15c7d1789365a290\COMCTL32.dll
0x00007ffb41c40000 - 0x00007ffb41c4a000 	C:\WINDOWS\SYSTEM32\VERSION.dll
0x00007ffb49b90000 - 0x00007ffb49e98000 	C:\WINDOWS\System32\combase.dll
0x00007ffb47320000 - 0x00007ffb47392000 	C:\WINDOWS\System32\bcryptPrimitives.dll
0x00007ffb474b0000 - 0x00007ffb474dd000 	C:\WINDOWS\System32\IMM32.DLL
0x00007ffb10490000 - 0x00007ffb1057f000 	C:\Program Files\Java\jdk-9\bin\msvcr120.dll
0x00007ffb103e0000 - 0x00007ffb10486000 	C:\Program Files\Java\jdk-9\bin\msvcp120.dll
0x0000000062790000 - 0x00000000631ba000 	C:\Program Files\Java\jdk-9\bin\server\jvm.dll
0x00007ffb48dd0000 - 0x00007ffb48dd8000 	C:\WINDOWS\System32\PSAPI.DLL
0x00007ffb41690000 - 0x00007ffb416b3000 	C:\WINDOWS\SYSTEM32\WINMM.dll
0x00007ffb44ec0000 - 0x00007ffb44ec9000 	C:\WINDOWS\SYSTEM32\WSOCK32.dll
0x00007ffb474e0000 - 0x00007ffb4754c000 	C:\WINDOWS\System32\WS2_32.dll
0x00007ffb41d40000 - 0x00007ffb41d6a000 	C:\WINDOWS\SYSTEM32\winmmbase.dll
0x00007ffb472b0000 - 0x00007ffb472fa000 	C:\WINDOWS\System32\cfgmgr32.dll
0x00007ffb3ddb0000 - 0x00007ffb3ddbf000 	C:\Program Files\Java\jdk-9\bin\verify.dll
0x00007ffb28e90000 - 0x00007ffb28eb7000 	C:\Program Files\Java\jdk-9\bin\java.dll
0x00007ffb222d0000 - 0x00007ffb222fa000 	C:\Program Files\Java\jdk-9\bin\instrument.dll
0x00007ffb3c030000 - 0x00007ffb3c046000 	C:\Program Files\Java\jdk-9\bin\zip.dll
0x00007ffb3d3a0000 - 0x00007ffb3d3aa000 	C:\Program Files\Java\jdk-9\bin\jimage.dll
0x00007ffb47740000 - 0x00007ffb48b76000 	C:\WINDOWS\System32\SHELL32.dll
0x00007ffb47400000 - 0x00007ffb474a6000 	C:\WINDOWS\System32\shcore.dll
0x00007ffb462d0000 - 0x00007ffb46a17000 	C:\WINDOWS\System32\windows.storage.dll
0x00007ffb49a90000 - 0x00007ffb49ae1000 	C:\WINDOWS\System32\shlwapi.dll
0x00007ffb46240000 - 0x00007ffb46251000 	C:\WINDOWS\System32\kernel.appcore.dll
0x00007ffb46280000 - 0x00007ffb462cc000 	C:\WINDOWS\System32\powrprof.dll
0x00007ffb46220000 - 0x00007ffb4623b000 	C:\WINDOWS\System32\profapi.dll
0x00007ffb39be0000 - 0x00007ffb39bfa000 	C:\Program Files\Java\jdk-9\bin\net.dll
0x00007ffb3f170000 - 0x00007ffb3f24e000 	C:\WINDOWS\SYSTEM32\WINHTTP.dll
0x00007ffb45ab0000 - 0x00007ffb45b16000 	C:\WINDOWS\system32\mswsock.dll
0x00007ffb32d70000 - 0x00007ffb32d81000 	C:\Program Files\Java\jdk-9\bin\nio.dll
0x00007ffb41120000 - 0x00007ffb41136000 	C:\WINDOWS\system32\napinsp.dll
0x00007ffb3dd30000 - 0x00007ffb3dd4a000 	C:\WINDOWS\system32\pnrpnsp.dll
0x00007ffb42850000 - 0x00007ffb42868000 	C:\WINDOWS\system32\NLAapi.dll
0x00007ffb45880000 - 0x00007ffb45936000 	C:\WINDOWS\SYSTEM32\DNSAPI.dll
0x00007ffb49760000 - 0x00007ffb49768000 	C:\WINDOWS\System32\NSI.dll
0x00007ffb45840000 - 0x00007ffb45879000 	C:\WINDOWS\SYSTEM32\IPHLPAPI.DLL
0x00007ffb416d0000 - 0x00007ffb416de000 	C:\WINDOWS\System32\winrnr.dll
0x00000000643e0000 - 0x0000000064406000 	C:\Program Files\Bonjour\mdnsNSP.dll
0x00007ffb3fb80000 - 0x00007ffb3fb8a000 	C:\Windows\System32\rasadhlp.dll
0x00007ffb3d5b0000 - 0x00007ffb3d620000 	C:\WINDOWS\System32\fwpuclnt.dll
0x00007ffb45d80000 - 0x00007ffb45da5000 	C:\WINDOWS\SYSTEM32\bcrypt.dll
0x00007ffb3d310000 - 0x00007ffb3d319000 	C:\Program Files\Java\jdk-9\bin\management.dll
0x00007ffb3c4e0000 - 0x00007ffb3c4ea000 	C:\Program Files\Java\jdk-9\bin\management_ext.dll
0x00007ffb45c70000 - 0x00007ffb45c87000 	C:\WINDOWS\SYSTEM32\CRYPTSP.dll
0x00007ffb456b0000 - 0x00007ffb456e3000 	C:\WINDOWS\system32\rsaenh.dll
0x00007ffb46150000 - 0x00007ffb46179000 	C:\WINDOWS\SYSTEM32\USERENV.dll
0x00007ffb45c90000 - 0x00007ffb45c9b000 	C:\WINDOWS\SYSTEM32\CRYPTBASE.dll
0x00007ffb3ffb0000 - 0x00007ffb3ffc6000 	C:\WINDOWS\SYSTEM32\dhcpcsvc6.DLL
0x00007ffb3ff90000 - 0x00007ffb3ffaa000 	C:\WINDOWS\SYSTEM32\dhcpcsvc.DLL
0x00007ffb44cd0000 - 0x00007ffb44e98000 	C:\WINDOWS\SYSTEM32\dbghelp.dll

VM Arguments:
jvm_args: -javaagent:C:\\Users\\NPStudent\\.m2\\repository\\org\\jacoco\\org.jacoco.agent\\0.8.1\\org.jacoco.agent-0.8.1-runtime.jar=destfile=C:\\Users\\NPStudent\\Documents\\NetBeansProjects\\Karus-Commons\\commons\\target\\jacoco.exec 
java_command: C:\Users\NPSTUD~1\AppData\Local\Temp\surefire10143843125133401087\surefirebooter2199008646811673779.jar C:\Users\NPStudent\AppData\Local\Temp\surefire10143843125133401087 2018-05-12T19-04-04_947-jvmRun1 surefire18263112577420625732tmp surefire_08153742018695685010tmp
java_class_path (initial): C:\Users\NPSTUD~1\AppData\Local\Temp\surefire10143843125133401087\surefirebooter2199008646811673779.jar
Launcher Type: SUN_STANDARD

Logging:
Log output configuration:
#0: stdout all=warning uptime,level,tags
#1: stderr all=off uptime,level,tags

Environment Variables:
JAVA_HOME=C:\Program Files\Java\jdk-9
PATH=C:\Program Files (x86)\Common Files\Oracle\Java\javapath;C:\ProgramData\Oracle\Java\javapath;C:\Program Files (x86)\Intel\iCLS Client\;C:\Program Files\Intel\iCLS Client\;C:\Windows\system32;C:\Windows;C:\Windows\System32\Wbem;C:\Windows\System32\WindowsPowerShell\v1.0\;C:\Program Files (x86)\Intel\Intel(R) Management Engine Components\DAL;C:\Program Files\Intel\Intel(R) Management Engine Components\DAL;C:\Program Files (x86)\Intel\Intel(R) Management Engine Components\IPT;C:\Program Files\Intel\Intel(R) Management Engine Components\IPT;C:\WINDOWS\system32;C:\WINDOWS;C:\WINDOWS\System32\Wbem;C:\WINDOWS\System32\WindowsPowerShell\v1.0\;C:\Program Files\Microsoft\Web Platform Installer\;C:\Program Files\Microsoft DNX\Dnvm\;C:\Program Files\Microsoft SQL Server\130\Tools\Binn\;C:\Program Files (x86)\NVIDIA Corporation\PhysX\Common;C:\Program Files (x86)\PuTTY\;C:\Program Files\dotnet\;C:\WINDOWS\system32;C:\WINDOWS;C:\WINDOWS\System32\Wbem;C:\WINDOWS\System32\WindowsPowerShell\v1.0\;C:\Program Files (x86)\GtkSharp\2.12\bin;C:\Users\NPStudent\mingw64\bin;C:\Program Files\nodejs\;C:\Users\NPStudent\AppData\Local\Microsoft\WindowsApps;C:\Users\NPStudent\MSYS2\mingw64\bin;C:\Users\NPStudent\MSYS2\usr\bin;C:\Users\NPStudent\MSYS2\usr\bin;C:\Users\NPStudent\AppData\Roaming\npm
USERNAME=NPStudent
OS=Windows_NT
PROCESSOR_IDENTIFIER=Intel64 Family 6 Model 94 Stepping 3, GenuineIntel



---------------  S Y S T E M  ---------------

OS: Windows 10 , 64 bit Build 16299 (10.0.16299.15)

CPU:total 8 (initial active 8) (4 cores per cpu, 2 threads per core) family 6 model 94 stepping 3, cmov, cx8, fxsr, mmx, sse, sse2, sse3, ssse3, sse4.1, sse4.2, popcnt, avx, avx2, aes, clmul, erms, rtm, 3dnowpref, lzcnt, ht, tsc, tscinvbit, bmi1, bmi2, adx, fma

Memory: 4k page, physical 12476168k(6923208k free), swap 14376712k(7326864k free)

vm_info: Java HotSpot(TM) 64-Bit Server VM (9+181) for windows-amd64 JRE (9+181), built on Aug  2 2017 21:30:51 by "javare" with MS VC++ 12.0 (VS2013)

END.
